#
# There is insufficient memory for the Java Runtime Environment to continue.
# Native memory allocation (mmap) failed to map 497025024 bytes for G1 virtual space
# Possible reasons:
#   The system is out of physical RAM or swap space
#   The process is running with CompressedOops enabled, and the Java Heap may be blocking the growth of the native heap
# Possible solutions:
#   Reduce memory load on the system
#   Increase physical memory or swap space
#   Check if swap backing store is full
#   Decrease Java heap size (-Xmx/-Xms)
#   Decrease number of Java threads
#   Decrease Java thread stack sizes (-Xss)
#   Set larger code cache with -XX:ReservedCodeCacheSize=
#   JVM is running with Unscaled Compressed Oops mode in which the Java heap is
#     placed in the first 4GB address space. The Java Heap base address is the
#     maximum limit for the native heap growth. Please use -XX:HeapBaseMinAddress
#     to set the Java Heap base and to place the Java Heap above 4GB virtual address.
# This output file may be truncated or incomplete.
#
#  Out of Memory Error (os_windows.cpp:3548), pid=91672, tid=96684
#
# JRE version: Java(TM) SE Runtime Environment (17.0.10+11) (build 17.0.10+11-LTS-240)
# Java VM: Java HotSpot(TM) 64-Bit Server VM (17.0.10+11-LTS-240, mixed mode, sharing, tiered, compressed oops, compressed class ptrs, g1 gc, windows-amd64)
# No core dump will be written. Minidumps are not enabled by default on client versions of Windows
#

---------------  S U M M A R Y ------------

Command Line: -XX:+ShowCodeDetailsInExceptionMessages -Dspring.jmx.enabled=true -Dmanagement.endpoints.jmx.exposure.include=* -Dspring.application.admin.enabled=true -Dspring.boot.project.name=quizzer -Djava.rmi.server.hostname=localhost -Dcom.sun.management.jmxremote.port=45557 -Dcom.sun.management.jmxremote.authenticate=false -Dcom.sun.management.jmxremote.ssl=false fi.haagahelia.quizzer.QuizzerApplication

Host: AMD Ryzen 5 3500U with Radeon Vega Mobile Gfx  , 8 cores, 5G,  Windows 11 , 64 bit Build 22621 (10.0.22621.3527)
Time: Thu May  9 15:17:49 2024 FLE Daylight Time elapsed time: 2485.097819 seconds (0d 0h 41m 25s)

---------------  T H R E A D  ---------------

Current thread (0x000001986c86b010):  VMThread "VM Thread" [stack: 0x000000423cf00000,0x000000423d000000] [id=96684]

Stack: [0x000000423cf00000,0x000000423d000000]
Native frames: (J=compiled Java code, j=interpreted, Vv=VM code, C=native code)
V  [jvm.dll+0x677a5a]
V  [jvm.dll+0x7d8b2d]
V  [jvm.dll+0x7da48e]
V  [jvm.dll+0x7daaf3]
V  [jvm.dll+0x2455ff]
V  [jvm.dll+0x6749b9]
V  [jvm.dll+0x669382]
V  [jvm.dll+0x302e96]
V  [jvm.dll+0x30a416]
V  [jvm.dll+0x359cbe]
V  [jvm.dll+0x359eef]
V  [jvm.dll+0x2d9e88]
V  [jvm.dll+0x2d8295]
V  [jvm.dll+0x2d789c]
V  [jvm.dll+0x31b4b1]
V  [jvm.dll+0x7df30b]
V  [jvm.dll+0x7e0044]
V  [jvm.dll+0x7e055d]
V  [jvm.dll+0x7e0934]
V  [jvm.dll+0x7e0a00]
V  [jvm.dll+0x78888a]
V  [jvm.dll+0x676935]
C  [ucrtbase.dll+0x29333]
C  [KERNEL32.DLL+0x1257d]
C  [ntdll.dll+0x5aa48]

VM_Operation (0x000000423f4fe648): G1TryInitiateConcMark, mode: safepoint, requested by thread 0x0000019877132a40


---------------  P R O C E S S  ---------------

Threads class SMR info:
_java_thread_list=0x0000019877a41490, length=31, elements={
0x000001986c86dc10, 0x000001986c86ea90, 0x000001986c887790, 0x000001986c88a160,
0x000001986c88ab20, 0x000001986c8934f0, 0x000001986c897ba0, 0x000001986c898e60,
0x000001986c8a4040, 0x000001986c818010, 0x000001986caefa10, 0x00000198713caad0,
0x00000198713c7eb0, 0x00000198713c8910, 0x0000019871cbb1b0, 0x0000019871cbb6c0,
0x00000198759c9600, 0x00000198759d0560, 0x00000198710f7160, 0x00000198759c8be0,
0x00000198759d0050, 0x00000198710fd190, 0x00000198771348a0, 0x0000019877132020,
0x0000019877132530, 0x0000019877133e80, 0x00000198771310f0, 0x0000019877134390,
0x0000019877131600, 0x0000019877131b10, 0x0000019877132a40
}

Java Threads: ( => current thread )
  0x000001986c86dc10 JavaThread "Reference Handler" daemon [_thread_blocked, id=96724, stack(0x000000423d000000,0x000000423d100000)]
  0x000001986c86ea90 JavaThread "Finalizer" daemon [_thread_blocked, id=85460, stack(0x000000423d100000,0x000000423d200000)]
  0x000001986c887790 JavaThread "Signal Dispatcher" daemon [_thread_blocked, id=88116, stack(0x000000423d200000,0x000000423d300000)]
  0x000001986c88a160 JavaThread "Attach Listener" daemon [_thread_blocked, id=72860, stack(0x000000423d300000,0x000000423d400000)]
  0x000001986c88ab20 JavaThread "Service Thread" daemon [_thread_blocked, id=96656, stack(0x000000423d400000,0x000000423d500000)]
  0x000001986c8934f0 JavaThread "Monitor Deflation Thread" daemon [_thread_blocked, id=97140, stack(0x000000423d500000,0x000000423d600000)]
  0x000001986c897ba0 JavaThread "C2 CompilerThread0" daemon [_thread_blocked, id=97132, stack(0x000000423d600000,0x000000423d700000)]
  0x000001986c898e60 JavaThread "C1 CompilerThread0" daemon [_thread_blocked, id=96728, stack(0x000000423d700000,0x000000423d800000)]
  0x000001986c8a4040 JavaThread "Sweeper thread" daemon [_thread_blocked, id=20884, stack(0x000000423d800000,0x000000423d900000)]
  0x000001986c818010 JavaThread "Common-Cleaner" daemon [_thread_blocked, id=96912, stack(0x000000423d900000,0x000000423da00000)]
  0x000001986caefa10 JavaThread "Notification Thread" daemon [_thread_blocked, id=96604, stack(0x000000423da00000,0x000000423db00000)]
  0x00000198713caad0 JavaThread "RMI TCP Accept-0" daemon [_thread_in_native, id=96652, stack(0x000000423db00000,0x000000423dc00000)]
  0x00000198713c7eb0 JavaThread "RMI TCP Accept-45557" daemon [_thread_in_native, id=96456, stack(0x000000423dc00000,0x000000423dd00000)]
  0x00000198713c8910 JavaThread "RMI TCP Accept-0" daemon [_thread_in_native, id=96356, stack(0x000000423dd00000,0x000000423de00000)]
  0x0000019871cbb1b0 JavaThread "RMI Scheduler(0)" daemon [_thread_blocked, id=97184, stack(0x000000423ed00000,0x000000423ee00000)]
  0x0000019871cbb6c0 JavaThread "JMX server connection timeout 27" daemon [_thread_blocked, id=91816, stack(0x000000423ef00000,0x000000423f000000)]
  0x00000198759c9600 JavaThread "Live Reload Server" daemon [_thread_in_native, id=89000, stack(0x000000423f800000,0x000000423f900000)]
  0x00000198759d0560 JavaThread "DestroyJavaVM" [_thread_blocked, id=86312, stack(0x000000423c900000,0x000000423ca00000)]
  0x00000198710f7160 JavaThread "RMI TCP Connection(8)-127.0.0.1" daemon [_thread_in_native, id=93512, stack(0x000000423c600000,0x000000423c700000)]
  0x00000198759c8be0 JavaThread "File Watcher" daemon [_thread_blocked, id=93060, stack(0x000000423c800000,0x000000423c900000)]
  0x00000198759d0050 JavaThread "File Watcher" daemon [_thread_blocked, id=84604, stack(0x000000423e700000,0x000000423e800000)]
  0x00000198710fd190 JavaThread "File Watcher" daemon [_thread_blocked, id=83516, stack(0x000000423e800000,0x000000423e900000)]
  0x00000198771348a0 JavaThread "Thread-28" [_thread_blocked, id=89948, stack(0x000000423c700000,0x000000423c800000)]
  0x0000019877132020 JavaThread "restartedMain" [_thread_blocked, id=94740, stack(0x000000423ec00000,0x000000423ed00000)]
  0x0000019877132530 JavaThread "MVStore background writer C:/Users/tasha/quizzer.mv.db" daemon [_thread_blocked, id=94436, stack(0x000000423ea00000,0x000000423eb00000)]
  0x0000019877133e80 JavaThread "HikariPool-11 housekeeper" daemon [_thread_blocked, id=77908, stack(0x000000423ee00000,0x000000423ef00000)]
  0x00000198771310f0 JavaThread "HikariPool-11 connection adder" daemon [_thread_blocked, id=97008, stack(0x000000423f000000,0x000000423f100000)]
  0x0000019877134390 JavaThread "Catalina-utility-1" [_thread_blocked, id=56100, stack(0x000000423f100000,0x000000423f200000)]
  0x0000019877131600 JavaThread "Catalina-utility-2" [_thread_blocked, id=89552, stack(0x000000423f200000,0x000000423f300000)]
  0x0000019877131b10 JavaThread "container-3" [_thread_blocked, id=96504, stack(0x000000423f300000,0x000000423f400000)]
  0x0000019877132a40 JavaThread "H2-serialization" daemon [_thread_blocked, id=96832, stack(0x000000423f400000,0x000000423f500000)]

Other Threads:
=>0x000001986c86b010 VMThread "VM Thread" [stack: 0x000000423cf00000,0x000000423d000000] [id=96684]
  0x00000198713cafb0 WatcherThread [stack: 0x000000423de00000,0x000000423df00000] [id=96368]
  0x000001984fac03e0 GCTaskThread "GC Thread#0" [stack: 0x000000423ca00000,0x000000423cb00000] [id=59872]
  0x0000019871be5ca0 GCTaskThread "GC Thread#1" [stack: 0x000000423df00000,0x000000423e000000] [id=80184]
  0x0000019871c1e340 GCTaskThread "GC Thread#2" [stack: 0x000000423e000000,0x000000423e100000] [id=95856]
  0x0000019871bf9940 GCTaskThread "GC Thread#3" [stack: 0x000000423e100000,0x000000423e200000] [id=90916]
  0x0000019871bfa210 GCTaskThread "GC Thread#4" [stack: 0x000000423e200000,0x000000423e300000] [id=93980]
  0x0000019871bfa4d0 GCTaskThread "GC Thread#5" [stack: 0x000000423e300000,0x000000423e400000] [id=62708]
  0x0000019871bfb3b0 GCTaskThread "GC Thread#6" [stack: 0x000000423e400000,0x000000423e500000] [id=96816]
  0x0000019871d1ed20 GCTaskThread "GC Thread#7" [stack: 0x000000423e900000,0x000000423ea00000] [id=96640]
  0x000001984facdf80 ConcurrentGCThread "G1 Main Marker" [stack: 0x000000423cb00000,0x000000423cc00000] [id=95420]
  0x000001984facf9a0 ConcurrentGCThread "G1 Conc#0" [stack: 0x000000423cc00000,0x000000423cd00000] [id=50448]
  0x0000019872003c50 ConcurrentGCThread "G1 Conc#1" [stack: 0x000000423eb00000,0x000000423ec00000] [id=90360]
  0x000001986c6f20b0 ConcurrentGCThread "G1 Refine#0" [stack: 0x000000423cd00000,0x000000423ce00000] [id=85352]
  0x0000019871ba9610 ConcurrentGCThread "G1 Refine#1" [stack: 0x000000423e500000,0x000000423e600000] [id=94840]
  0x000001986c6f2ae0 ConcurrentGCThread "G1 Service" [stack: 0x000000423ce00000,0x000000423cf00000] [id=91056]

Threads with active compile tasks:
C2 CompilerThread0  2485201 21518       4       java.util.HashSet::<init> (40 bytes)

VM state: at safepoint (normal execution)

VM Mutex/Monitor currently owned by a thread:  ([mutex/lock_event])
[0x000001984fa68c90] Threads_lock - owner thread: 0x000001986c86b010
[0x000001984fa69230] Heap_lock - owner thread: 0x0000019877132a40

Heap address: 0x00000000a1e00000, size: 1506 MB, Compressed Oops mode: 32-bit

CDS archive(s) mapped at: [0x0000019800000000-0x0000019800bd0000-0x0000019800bd0000), size 12386304, SharedBaseAddress: 0x0000019800000000, ArchiveRelocationMode: 1.
Compressed class space mapped at: 0x0000019801000000-0x0000019841000000, reserved size: 1073741824
Narrow klass base: 0x0000019800000000, Narrow klass shift: 0, Narrow klass range: 0x100000000

GC Precious Log:
 CPUs: 8 total, 8 available
 Memory: 6020M
 Large Page Support: Disabled
 NUMA Support: Disabled
 Compressed Oops: Enabled (32-bit)
 Heap Region Size: 1M
 Heap Min Capacity: 8M
 Heap Initial Capacity: 96M
 Heap Max Capacity: 1506M
 Pre-touch: Disabled
 Parallel Workers: 8
 Concurrent Workers: 2
 Concurrent Refinement Workers: 8
 Periodic GC: Disabled

Heap:
 garbage-first heap   total 242688K, used 77873K [0x00000000a1e00000, 0x0000000100000000)
  region size 1024K, 8 young (8192K), 8 survivors (8192K)
 Metaspace       used 106645K, committed 107968K, reserved 1179648K
  class space    used 13399K, committed 14080K, reserved 1048576K

Heap Regions: E=young(eden), S=young(survivor), O=old, HS=humongous(starts), HC=humongous(continues), CS=collection set, F=free, OA=open archive, CA=closed archive, TAMS=top-at-mark-start (previous, next)
|   0|0x00000000a1e00000, 0x00000000a1f00000, 0x00000000a1f00000|100%|HS|  |TAMS 0x00000000a1f00000, 0x00000000a1f00000| Untracked 
|   1|0x00000000a1f00000, 0x00000000a1ffffe8, 0x00000000a2000000| 99%| O|  |TAMS 0x00000000a1f00000, 0x00000000a1ffffe8| Untracked 
|   2|0x00000000a2000000, 0x00000000a2100000, 0x00000000a2100000|100%| O|  |TAMS 0x00000000a2100000, 0x00000000a2100000| Untracked 
|   3|0x00000000a2100000, 0x00000000a21fffb0, 0x00000000a2200000| 99%| O|  |TAMS 0x00000000a21fffb0, 0x00000000a21fffb0| Untracked 
|   4|0x00000000a2200000, 0x00000000a2300000, 0x00000000a2300000|100%| O|  |TAMS 0x00000000a2300000, 0x00000000a2300000| Untracked 
|   5|0x00000000a2300000, 0x00000000a2400000, 0x00000000a2400000|100%| O|  |TAMS 0x00000000a2400000, 0x00000000a2400000| Untracked 
|   6|0x00000000a2400000, 0x00000000a24ffff0, 0x00000000a2500000| 99%| O|  |TAMS 0x00000000a24ffff0, 0x00000000a24ffff0| Untracked 
|   7|0x00000000a2500000, 0x00000000a2600000, 0x00000000a2600000|100%| O|  |TAMS 0x00000000a2600000, 0x00000000a2600000| Untracked 
|   8|0x00000000a2600000, 0x00000000a2700000, 0x00000000a2700000|100%| O|  |TAMS 0x00000000a2700000, 0x00000000a2700000| Untracked 
|   9|0x00000000a2700000, 0x00000000a27ffff8, 0x00000000a2800000| 99%| O|  |TAMS 0x00000000a27ffff8, 0x00000000a27ffff8| Untracked 
|  10|0x00000000a2800000, 0x00000000a28ffff0, 0x00000000a2900000| 99%| O|  |TAMS 0x00000000a28ffff0, 0x00000000a28ffff0| Untracked 
|  11|0x00000000a2900000, 0x00000000a2a00000, 0x00000000a2a00000|100%| O|  |TAMS 0x00000000a2a00000, 0x00000000a2a00000| Untracked 
|  12|0x00000000a2a00000, 0x00000000a2afffe0, 0x00000000a2b00000| 99%| O|  |TAMS 0x00000000a2afffe0, 0x00000000a2afffe0| Untracked 
|  13|0x00000000a2b00000, 0x00000000a2c00000, 0x00000000a2c00000|100%| O|  |TAMS 0x00000000a2c00000, 0x00000000a2c00000| Untracked 
|  14|0x00000000a2c00000, 0x00000000a2cfffe8, 0x00000000a2d00000| 99%| O|  |TAMS 0x00000000a2cfffe8, 0x00000000a2cfffe8| Untracked 
|  15|0x00000000a2d00000, 0x00000000a2e00000, 0x00000000a2e00000|100%| O|  |TAMS 0x00000000a2e00000, 0x00000000a2e00000| Untracked 
|  16|0x00000000a2e00000, 0x00000000a2f00000, 0x00000000a2f00000|100%| O|  |TAMS 0x00000000a2f00000, 0x00000000a2f00000| Untracked 
|  17|0x00000000a2f00000, 0x00000000a3000000, 0x00000000a3000000|100%| O|  |TAMS 0x00000000a3000000, 0x00000000a3000000| Untracked 
|  18|0x00000000a3000000, 0x00000000a3100000, 0x00000000a3100000|100%| O|  |TAMS 0x00000000a3100000, 0x00000000a3100000| Untracked 
|  19|0x00000000a3100000, 0x00000000a3200000, 0x00000000a3200000|100%| O|  |TAMS 0x00000000a3200000, 0x00000000a3200000| Untracked 
|  20|0x00000000a3200000, 0x00000000a32fffd0, 0x00000000a3300000| 99%| O|  |TAMS 0x00000000a32fffd0, 0x00000000a32fffd0| Untracked 
|  21|0x00000000a3300000, 0x00000000a3400000, 0x00000000a3400000|100%| O|  |TAMS 0x00000000a3300000, 0x00000000a3400000| Untracked 
|  22|0x00000000a3400000, 0x00000000a3500000, 0x00000000a3500000|100%| O|  |TAMS 0x00000000a3500000, 0x00000000a3500000| Untracked 
|  23|0x00000000a3500000, 0x00000000a35fffc0, 0x00000000a3600000| 99%| O|  |TAMS 0x00000000a35fffc0, 0x00000000a35fffc0| Untracked 
|  24|0x00000000a3600000, 0x00000000a36ffff0, 0x00000000a3700000| 99%| O|  |TAMS 0x00000000a36ffff0, 0x00000000a36ffff0| Untracked 
|  25|0x00000000a3700000, 0x00000000a37fffd0, 0x00000000a3800000| 99%| O|  |TAMS 0x00000000a3700000, 0x00000000a37fffd0| Untracked 
|  26|0x00000000a3800000, 0x00000000a38fffd8, 0x00000000a3900000| 99%| O|  |TAMS 0x00000000a3800000, 0x00000000a38fffd8| Untracked 
|  27|0x00000000a3900000, 0x00000000a39ffff0, 0x00000000a3a00000| 99%| O|  |TAMS 0x00000000a3900000, 0x00000000a39ffff0| Untracked 
|  28|0x00000000a3a00000, 0x00000000a3afffc0, 0x00000000a3b00000| 99%| O|  |TAMS 0x00000000a3afffc0, 0x00000000a3afffc0| Untracked 
|  29|0x00000000a3b00000, 0x00000000a3bffff8, 0x00000000a3c00000| 99%| O|  |TAMS 0x00000000a3b00000, 0x00000000a3bffff8| Untracked 
|  30|0x00000000a3c00000, 0x00000000a3cffff0, 0x00000000a3d00000| 99%| O|  |TAMS 0x00000000a3cffff0, 0x00000000a3cffff0| Untracked 
|  31|0x00000000a3d00000, 0x00000000a3dfffe8, 0x00000000a3e00000| 99%| O|  |TAMS 0x00000000a3d00000, 0x00000000a3dfffe8| Untracked 
|  32|0x00000000a3e00000, 0x00000000a3f00000, 0x00000000a3f00000|100%| O|  |TAMS 0x00000000a3e00000, 0x00000000a3f00000| Untracked 
|  33|0x00000000a3f00000, 0x00000000a3ffffd8, 0x00000000a4000000| 99%| O|  |TAMS 0x00000000a3f00000, 0x00000000a3ffffd8| Untracked 
|  34|0x00000000a4000000, 0x00000000a40fffd0, 0x00000000a4100000| 99%| O|  |TAMS 0x00000000a4000000, 0x00000000a40fffd0| Untracked 
|  35|0x00000000a4100000, 0x00000000a41fffe8, 0x00000000a4200000| 99%| O|  |TAMS 0x00000000a4100000, 0x00000000a41fffe8| Untracked 
|  36|0x00000000a4200000, 0x00000000a42fffd0, 0x00000000a4300000| 99%| O|  |TAMS 0x00000000a4200000, 0x00000000a42fffd0| Untracked 
|  37|0x00000000a4300000, 0x00000000a43ffff8, 0x00000000a4400000| 99%| O|  |TAMS 0x00000000a4300000, 0x00000000a43ffff8| Untracked 
|  38|0x00000000a4400000, 0x00000000a44ffff0, 0x00000000a4500000| 99%| O|  |TAMS 0x00000000a4400000, 0x00000000a44ffff0| Untracked 
|  39|0x00000000a4500000, 0x00000000a45fffc8, 0x00000000a4600000| 99%| O|  |TAMS 0x00000000a4500000, 0x00000000a45fffc8| Untracked 
|  40|0x00000000a4600000, 0x00000000a46ffff0, 0x00000000a4700000| 99%| O|  |TAMS 0x00000000a4600000, 0x00000000a46ffff0| Untracked 
|  41|0x00000000a4700000, 0x00000000a47fffd0, 0x00000000a4800000| 99%| O|  |TAMS 0x00000000a4700000, 0x00000000a47fffd0| Untracked 
|  42|0x00000000a4800000, 0x00000000a48ffff0, 0x00000000a4900000| 99%| O|  |TAMS 0x00000000a4800000, 0x00000000a48ffff0| Untracked 
|  43|0x00000000a4900000, 0x00000000a4959778, 0x00000000a4a00000| 34%| O|  |TAMS 0x00000000a4900000, 0x00000000a4959778| Untracked 
|  44|0x00000000a4a00000, 0x00000000a4afffe8, 0x00000000a4b00000| 99%| O|  |TAMS 0x00000000a4a00000, 0x00000000a4afffe8| Untracked 
|  45|0x00000000a4b00000, 0x00000000a4bfffc8, 0x00000000a4c00000| 99%| O|  |TAMS 0x00000000a4b00000, 0x00000000a4bfffc8| Untracked 
|  46|0x00000000a4c00000, 0x00000000a4cfffe0, 0x00000000a4d00000| 99%| O|  |TAMS 0x00000000a4c00000, 0x00000000a4cfffe0| Untracked 
|  47|0x00000000a4d00000, 0x00000000a4dffff0, 0x00000000a4e00000| 99%| O|  |TAMS 0x00000000a4d00000, 0x00000000a4dffff0| Untracked 
|  48|0x00000000a4e00000, 0x00000000a4efffe8, 0x00000000a4f00000| 99%| O|  |TAMS 0x00000000a4e00000, 0x00000000a4efffe8| Untracked 
|  49|0x00000000a4f00000, 0x00000000a4fe3998, 0x00000000a5000000| 88%| O|  |TAMS 0x00000000a4f00000, 0x00000000a4fe3998| Untracked 
|  50|0x00000000a5000000, 0x00000000a5100000, 0x00000000a5100000|100%| O|  |TAMS 0x00000000a5000000, 0x00000000a5100000| Untracked 
|  51|0x00000000a5100000, 0x00000000a51fffe0, 0x00000000a5200000| 99%| O|  |TAMS 0x00000000a5100000, 0x00000000a51fffe0| Untracked 
|  52|0x00000000a5200000, 0x00000000a52a5f70, 0x00000000a5300000| 64%| O|  |TAMS 0x00000000a5200000, 0x00000000a52a5f70| Untracked 
|  53|0x00000000a5300000, 0x00000000a5400000, 0x00000000a5400000|100%| O|  |TAMS 0x00000000a5400000, 0x00000000a5400000| Untracked 
|  54|0x00000000a5400000, 0x00000000a54fffd8, 0x00000000a5500000| 99%| O|  |TAMS 0x00000000a5400000, 0x00000000a54fffd8| Untracked 
|  55|0x00000000a5500000, 0x00000000a5500000, 0x00000000a5600000|  0%| F|  |TAMS 0x00000000a5500000, 0x00000000a5500000| Untracked 
|  56|0x00000000a5600000, 0x00000000a5600000, 0x00000000a5700000|  0%| F|  |TAMS 0x00000000a5600000, 0x00000000a5600000| Untracked 
|  57|0x00000000a5700000, 0x00000000a5700000, 0x00000000a5800000|  0%| F|  |TAMS 0x00000000a5700000, 0x00000000a5700000| Untracked 
|  58|0x00000000a5800000, 0x00000000a58ffff0, 0x00000000a5900000| 99%| O|  |TAMS 0x00000000a5800000, 0x00000000a58ffff0| Untracked 
|  59|0x00000000a5900000, 0x00000000a59ffff8, 0x00000000a5a00000| 99%| O|  |TAMS 0x00000000a5900000, 0x00000000a59ffff8| Untracked 
|  60|0x00000000a5a00000, 0x00000000a5afffb0, 0x00000000a5b00000| 99%| O|  |TAMS 0x00000000a5a00000, 0x00000000a5afffb0| Untracked 
|  61|0x00000000a5b00000, 0x00000000a5bb66a8, 0x00000000a5c00000| 71%| O|  |TAMS 0x00000000a5b00000, 0x00000000a5bb66a8| Untracked 
|  62|0x00000000a5c00000, 0x00000000a5c00000, 0x00000000a5d00000|  0%| F|  |TAMS 0x00000000a5c00000, 0x00000000a5c00000| Untracked 
|  63|0x00000000a5d00000, 0x00000000a5d00000, 0x00000000a5e00000|  0%| F|  |TAMS 0x00000000a5d00000, 0x00000000a5d00000| Untracked 
|  64|0x00000000a5e00000, 0x00000000a5e00000, 0x00000000a5f00000|  0%| F|  |TAMS 0x00000000a5e00000, 0x00000000a5e00000| Untracked 
|  65|0x00000000a5f00000, 0x00000000a6000000, 0x00000000a6000000|100%| O|  |TAMS 0x00000000a5f00000, 0x00000000a6000000| Untracked 
|  66|0x00000000a6000000, 0x00000000a60f9cb0, 0x00000000a6100000| 97%| O|  |TAMS 0x00000000a6000000, 0x00000000a60f9cb0| Untracked 
|  67|0x00000000a6100000, 0x00000000a6100000, 0x00000000a6200000|  0%| F|  |TAMS 0x00000000a6100000, 0x00000000a6100000| Untracked 
|  68|0x00000000a6200000, 0x00000000a6200000, 0x00000000a6300000|  0%| F|  |TAMS 0x00000000a6200000, 0x00000000a6200000| Untracked 
|  69|0x00000000a6300000, 0x00000000a6300000, 0x00000000a6400000|  0%| F|  |TAMS 0x00000000a6300000, 0x00000000a6300000| Untracked 
|  70|0x00000000a6400000, 0x00000000a6400000, 0x00000000a6500000|  0%| F|  |TAMS 0x00000000a6400000, 0x00000000a6400000| Untracked 
|  71|0x00000000a6500000, 0x00000000a6500000, 0x00000000a6600000|  0%| F|  |TAMS 0x00000000a6500000, 0x00000000a6500000| Untracked 
|  72|0x00000000a6600000, 0x00000000a6600000, 0x00000000a6700000|  0%| F|  |TAMS 0x00000000a6600000, 0x00000000a6600000| Untracked 
|  73|0x00000000a6700000, 0x00000000a6700000, 0x00000000a6800000|  0%| F|  |TAMS 0x00000000a6700000, 0x00000000a6700000| Untracked 
|  74|0x00000000a6800000, 0x00000000a6800000, 0x00000000a6900000|  0%| F|  |TAMS 0x00000000a6800000, 0x00000000a6800000| Untracked 
|  75|0x00000000a6900000, 0x00000000a6988b60, 0x00000000a6a00000| 53%| O|  |TAMS 0x00000000a6900000, 0x00000000a6988b60| Untracked 
|  76|0x00000000a6a00000, 0x00000000a6b00000, 0x00000000a6b00000|100%| O|  |TAMS 0x00000000a6b00000, 0x00000000a6b00000| Untracked 
|  77|0x00000000a6b00000, 0x00000000a6c00000, 0x00000000a6c00000|100%| O|  |TAMS 0x00000000a6c00000, 0x00000000a6c00000| Untracked 
|  78|0x00000000a6c00000, 0x00000000a6d00000, 0x00000000a6d00000|100%| O|  |TAMS 0x00000000a6d00000, 0x00000000a6d00000| Untracked 
|  79|0x00000000a6d00000, 0x00000000a6e00000, 0x00000000a6e00000|100%| O|  |TAMS 0x00000000a6e00000, 0x00000000a6e00000| Untracked 
|  80|0x00000000a6e00000, 0x00000000a6e00000, 0x00000000a6f00000|  0%| F|  |TAMS 0x00000000a6e00000, 0x00000000a6e00000| Untracked 
|  81|0x00000000a6f00000, 0x00000000a6f00000, 0x00000000a7000000|  0%| F|  |TAMS 0x00000000a6f00000, 0x00000000a6f00000| Untracked 
|  82|0x00000000a7000000, 0x00000000a7000000, 0x00000000a7100000|  0%| F|  |TAMS 0x00000000a7000000, 0x00000000a7000000| Untracked 
|  83|0x00000000a7100000, 0x00000000a71a2638, 0x00000000a7200000| 63%| O|  |TAMS 0x00000000a7100000, 0x00000000a71a2638| Untracked 
|  84|0x00000000a7200000, 0x00000000a7200000, 0x00000000a7300000|  0%| F|  |TAMS 0x00000000a7200000, 0x00000000a7200000| Untracked 
|  85|0x00000000a7300000, 0x00000000a7400000, 0x00000000a7400000|100%| O|  |TAMS 0x00000000a7400000, 0x00000000a7400000| Untracked 
|  86|0x00000000a7400000, 0x00000000a74fffb0, 0x00000000a7500000| 99%| O|  |TAMS 0x00000000a74fffb0, 0x00000000a74fffb0| Untracked 
|  87|0x00000000a7500000, 0x00000000a7600000, 0x00000000a7600000|100%| O|  |TAMS 0x00000000a7600000, 0x00000000a7600000| Untracked 
|  88|0x00000000a7600000, 0x00000000a7600000, 0x00000000a7700000|  0%| F|  |TAMS 0x00000000a7600000, 0x00000000a7600000| Untracked 
|  89|0x00000000a7700000, 0x00000000a7800000, 0x00000000a7800000|100%| O|  |TAMS 0x00000000a7800000, 0x00000000a7800000| Untracked 
|  90|0x00000000a7800000, 0x00000000a7800000, 0x00000000a7900000|  0%| F|  |TAMS 0x00000000a7800000, 0x00000000a7800000| Untracked 
|  91|0x00000000a7900000, 0x00000000a7900000, 0x00000000a7a00000|  0%| F|  |TAMS 0x00000000a7900000, 0x00000000a7900000| Untracked 
|  92|0x00000000a7a00000, 0x00000000a7a00000, 0x00000000a7b00000|  0%| F|  |TAMS 0x00000000a7a00000, 0x00000000a7a00000| Untracked 
|  93|0x00000000a7b00000, 0x00000000a7b00000, 0x00000000a7c00000|  0%| F|  |TAMS 0x00000000a7b00000, 0x00000000a7b00000| Untracked 
|  94|0x00000000a7c00000, 0x00000000a7c00000, 0x00000000a7d00000|  0%| F|  |TAMS 0x00000000a7c00000, 0x00000000a7c00000| Untracked 
|  95|0x00000000a7d00000, 0x00000000a7d00000, 0x00000000a7e00000|  0%| F|  |TAMS 0x00000000a7d00000, 0x00000000a7d00000| Untracked 
|  96|0x00000000a7e00000, 0x00000000a7e00000, 0x00000000a7f00000|  0%| F|  |TAMS 0x00000000a7e00000, 0x00000000a7e00000| Untracked 
|  97|0x00000000a7f00000, 0x00000000a7f00000, 0x00000000a8000000|  0%| F|  |TAMS 0x00000000a7f00000, 0x00000000a7f00000| Untracked 
|  98|0x00000000a8000000, 0x00000000a8000000, 0x00000000a8100000|  0%| F|  |TAMS 0x00000000a8000000, 0x00000000a8000000| Untracked 
|  99|0x00000000a8100000, 0x00000000a8100000, 0x00000000a8200000|  0%| F|  |TAMS 0x00000000a8100000, 0x00000000a8100000| Untracked 
| 100|0x00000000a8200000, 0x00000000a8200000, 0x00000000a8300000|  0%| F|  |TAMS 0x00000000a8200000, 0x00000000a8200000| Untracked 
| 101|0x00000000a8300000, 0x00000000a8300000, 0x00000000a8400000|  0%| F|  |TAMS 0x00000000a8300000, 0x00000000a8300000| Untracked 
| 102|0x00000000a8400000, 0x00000000a8400000, 0x00000000a8500000|  0%| F|  |TAMS 0x00000000a8400000, 0x00000000a8400000| Untracked 
| 103|0x00000000a8500000, 0x00000000a8500000, 0x00000000a8600000|  0%| F|  |TAMS 0x00000000a8500000, 0x00000000a8500000| Untracked 
| 104|0x00000000a8600000, 0x00000000a8600000, 0x00000000a8700000|  0%| F|  |TAMS 0x00000000a8600000, 0x00000000a8600000| Untracked 
| 105|0x00000000a8700000, 0x00000000a8700000, 0x00000000a8800000|  0%| F|  |TAMS 0x00000000a8700000, 0x00000000a8700000| Untracked 
| 106|0x00000000a8800000, 0x00000000a8800000, 0x00000000a8900000|  0%| F|  |TAMS 0x00000000a8800000, 0x00000000a8800000| Untracked 
| 107|0x00000000a8900000, 0x00000000a8900000, 0x00000000a8a00000|  0%| F|  |TAMS 0x00000000a8900000, 0x00000000a8900000| Untracked 
| 108|0x00000000a8a00000, 0x00000000a8a00000, 0x00000000a8b00000|  0%| F|  |TAMS 0x00000000a8a00000, 0x00000000a8a00000| Untracked 
| 109|0x00000000a8b00000, 0x00000000a8b00000, 0x00000000a8c00000|  0%| F|  |TAMS 0x00000000a8b00000, 0x00000000a8b00000| Untracked 
| 110|0x00000000a8c00000, 0x00000000a8c00000, 0x00000000a8d00000|  0%| F|  |TAMS 0x00000000a8c00000, 0x00000000a8c00000| Untracked 
| 111|0x00000000a8d00000, 0x00000000a8d00000, 0x00000000a8e00000|  0%| F|  |TAMS 0x00000000a8d00000, 0x00000000a8d00000| Untracked 
| 112|0x00000000a8e00000, 0x00000000a8e00000, 0x00000000a8f00000|  0%| F|  |TAMS 0x00000000a8e00000, 0x00000000a8e00000| Untracked 
| 113|0x00000000a8f00000, 0x00000000a8f00000, 0x00000000a9000000|  0%| F|  |TAMS 0x00000000a8f00000, 0x00000000a8f00000| Untracked 
| 114|0x00000000a9000000, 0x00000000a9000000, 0x00000000a9100000|  0%| F|  |TAMS 0x00000000a9000000, 0x00000000a9000000| Untracked 
| 115|0x00000000a9100000, 0x00000000a914e390, 0x00000000a9200000| 30%| S|CS|TAMS 0x00000000a9100000, 0x00000000a9100000| Complete 
| 116|0x00000000a9200000, 0x00000000a9300000, 0x00000000a9300000|100%| S|CS|TAMS 0x00000000a9200000, 0x00000000a9200000| Complete 
| 117|0x00000000a9300000, 0x00000000a9400000, 0x00000000a9400000|100%| S|CS|TAMS 0x00000000a9300000, 0x00000000a9300000| Complete 
| 118|0x00000000a9400000, 0x00000000a9500000, 0x00000000a9500000|100%| S|CS|TAMS 0x00000000a9400000, 0x00000000a9400000| Complete 
| 119|0x00000000a9500000, 0x00000000a9600000, 0x00000000a9600000|100%| S|CS|TAMS 0x00000000a9500000, 0x00000000a9500000| Complete 
| 120|0x00000000a9600000, 0x00000000a9700000, 0x00000000a9700000|100%| S|CS|TAMS 0x00000000a9600000, 0x00000000a9600000| Complete 
| 121|0x00000000a9700000, 0x00000000a9800000, 0x00000000a9800000|100%| S|CS|TAMS 0x00000000a9700000, 0x00000000a9700000| Complete 
| 122|0x00000000a9800000, 0x00000000a9900000, 0x00000000a9900000|100%| S|CS|TAMS 0x00000000a9800000, 0x00000000a9800000| Complete 
| 123|0x00000000a9900000, 0x00000000a9900000, 0x00000000a9a00000|  0%| F|  |TAMS 0x00000000a9900000, 0x00000000a9900000| Untracked 
| 124|0x00000000a9a00000, 0x00000000a9a00000, 0x00000000a9b00000|  0%| F|  |TAMS 0x00000000a9a00000, 0x00000000a9a00000| Untracked 
| 125|0x00000000a9b00000, 0x00000000a9b00000, 0x00000000a9c00000|  0%| F|  |TAMS 0x00000000a9b00000, 0x00000000a9b00000| Untracked 
| 126|0x00000000a9c00000, 0x00000000a9c00000, 0x00000000a9d00000|  0%| F|  |TAMS 0x00000000a9c00000, 0x00000000a9c00000| Untracked 
| 127|0x00000000a9d00000, 0x00000000a9d00000, 0x00000000a9e00000|  0%| F|  |TAMS 0x00000000a9d00000, 0x00000000a9d00000| Untracked 
| 128|0x00000000a9e00000, 0x00000000a9e00000, 0x00000000a9f00000|  0%| F|  |TAMS 0x00000000a9e00000, 0x00000000a9e00000| Untracked 
| 129|0x00000000a9f00000, 0x00000000a9f00000, 0x00000000aa000000|  0%| F|  |TAMS 0x00000000a9f00000, 0x00000000a9f00000| Untracked 
| 130|0x00000000aa000000, 0x00000000aa000000, 0x00000000aa100000|  0%| F|  |TAMS 0x00000000aa000000, 0x00000000aa000000| Untracked 
| 131|0x00000000aa100000, 0x00000000aa100000, 0x00000000aa200000|  0%| F|  |TAMS 0x00000000aa100000, 0x00000000aa100000| Untracked 
| 132|0x00000000aa200000, 0x00000000aa200000, 0x00000000aa300000|  0%| F|  |TAMS 0x00000000aa200000, 0x00000000aa200000| Untracked 
| 133|0x00000000aa300000, 0x00000000aa300000, 0x00000000aa400000|  0%| F|  |TAMS 0x00000000aa300000, 0x00000000aa300000| Untracked 
| 134|0x00000000aa400000, 0x00000000aa400000, 0x00000000aa500000|  0%| F|  |TAMS 0x00000000aa400000, 0x00000000aa400000| Untracked 
| 135|0x00000000aa500000, 0x00000000aa500000, 0x00000000aa600000|  0%| F|  |TAMS 0x00000000aa500000, 0x00000000aa500000| Untracked 
| 136|0x00000000aa600000, 0x00000000aa600000, 0x00000000aa700000|  0%| F|  |TAMS 0x00000000aa600000, 0x00000000aa600000| Untracked 
| 137|0x00000000aa700000, 0x00000000aa700000, 0x00000000aa800000|  0%| F|  |TAMS 0x00000000aa700000, 0x00000000aa700000| Untracked 
| 138|0x00000000aa800000, 0x00000000aa800000, 0x00000000aa900000|  0%| F|  |TAMS 0x00000000aa800000, 0x00000000aa800000| Untracked 
| 139|0x00000000aa900000, 0x00000000aa900000, 0x00000000aaa00000|  0%| F|  |TAMS 0x00000000aa900000, 0x00000000aa900000| Untracked 
| 140|0x00000000aaa00000, 0x00000000aaa00000, 0x00000000aab00000|  0%| F|  |TAMS 0x00000000aaa00000, 0x00000000aaa00000| Untracked 
| 141|0x00000000aab00000, 0x00000000aab00000, 0x00000000aac00000|  0%| F|  |TAMS 0x00000000aab00000, 0x00000000aab00000| Untracked 
| 142|0x00000000aac00000, 0x00000000aac00000, 0x00000000aad00000|  0%| F|  |TAMS 0x00000000aac00000, 0x00000000aac00000| Untracked 
| 143|0x00000000aad00000, 0x00000000aad00000, 0x00000000aae00000|  0%| F|  |TAMS 0x00000000aad00000, 0x00000000aad00000| Untracked 
| 144|0x00000000aae00000, 0x00000000aae00000, 0x00000000aaf00000|  0%| F|  |TAMS 0x00000000aae00000, 0x00000000aae00000| Untracked 
| 145|0x00000000aaf00000, 0x00000000aaf00000, 0x00000000ab000000|  0%| F|  |TAMS 0x00000000aaf00000, 0x00000000aaf00000| Untracked 
| 146|0x00000000ab000000, 0x00000000ab000000, 0x00000000ab100000|  0%| F|  |TAMS 0x00000000ab000000, 0x00000000ab000000| Untracked 
| 147|0x00000000ab100000, 0x00000000ab100000, 0x00000000ab200000|  0%| F|  |TAMS 0x00000000ab100000, 0x00000000ab100000| Untracked 
| 148|0x00000000ab200000, 0x00000000ab200000, 0x00000000ab300000|  0%| F|  |TAMS 0x00000000ab200000, 0x00000000ab200000| Untracked 
| 149|0x00000000ab300000, 0x00000000ab300000, 0x00000000ab400000|  0%| F|  |TAMS 0x00000000ab300000, 0x00000000ab300000| Untracked 
| 150|0x00000000ab400000, 0x00000000ab400000, 0x00000000ab500000|  0%| F|  |TAMS 0x00000000ab400000, 0x00000000ab400000| Untracked 
| 151|0x00000000ab500000, 0x00000000ab500000, 0x00000000ab600000|  0%| F|  |TAMS 0x00000000ab500000, 0x00000000ab500000| Untracked 
| 152|0x00000000ab600000, 0x00000000ab600000, 0x00000000ab700000|  0%| F|  |TAMS 0x00000000ab600000, 0x00000000ab600000| Untracked 
| 153|0x00000000ab700000, 0x00000000ab700000, 0x00000000ab800000|  0%| F|  |TAMS 0x00000000ab700000, 0x00000000ab700000| Untracked 
| 154|0x00000000ab800000, 0x00000000ab800000, 0x00000000ab900000|  0%| F|  |TAMS 0x00000000ab800000, 0x00000000ab800000| Untracked 
| 155|0x00000000ab900000, 0x00000000ab900000, 0x00000000aba00000|  0%| F|  |TAMS 0x00000000ab900000, 0x00000000ab900000| Untracked 
| 156|0x00000000aba00000, 0x00000000aba00000, 0x00000000abb00000|  0%| F|  |TAMS 0x00000000aba00000, 0x00000000aba00000| Untracked 
| 157|0x00000000abb00000, 0x00000000abb00000, 0x00000000abc00000|  0%| F|  |TAMS 0x00000000abb00000, 0x00000000abb00000| Untracked 
| 158|0x00000000abc00000, 0x00000000abc00000, 0x00000000abd00000|  0%| F|  |TAMS 0x00000000abc00000, 0x00000000abc00000| Untracked 
| 159|0x00000000abd00000, 0x00000000abd00000, 0x00000000abe00000|  0%| F|  |TAMS 0x00000000abd00000, 0x00000000abd00000| Untracked 
| 160|0x00000000abe00000, 0x00000000abe00000, 0x00000000abf00000|  0%| F|  |TAMS 0x00000000abe00000, 0x00000000abe00000| Untracked 
| 161|0x00000000abf00000, 0x00000000abf00000, 0x00000000ac000000|  0%| F|  |TAMS 0x00000000abf00000, 0x00000000abf00000| Untracked 
| 162|0x00000000ac000000, 0x00000000ac000000, 0x00000000ac100000|  0%| F|  |TAMS 0x00000000ac000000, 0x00000000ac000000| Untracked 
| 163|0x00000000ac100000, 0x00000000ac100000, 0x00000000ac200000|  0%| F|  |TAMS 0x00000000ac100000, 0x00000000ac100000| Untracked 
| 164|0x00000000ac200000, 0x00000000ac200000, 0x00000000ac300000|  0%| F|  |TAMS 0x00000000ac200000, 0x00000000ac200000| Untracked 
| 165|0x00000000ac300000, 0x00000000ac300000, 0x00000000ac400000|  0%| F|  |TAMS 0x00000000ac300000, 0x00000000ac300000| Untracked 
| 166|0x00000000ac400000, 0x00000000ac400000, 0x00000000ac500000|  0%| F|  |TAMS 0x00000000ac400000, 0x00000000ac400000| Untracked 
| 167|0x00000000ac500000, 0x00000000ac500000, 0x00000000ac600000|  0%| F|  |TAMS 0x00000000ac500000, 0x00000000ac500000| Untracked 
| 168|0x00000000ac600000, 0x00000000ac600000, 0x00000000ac700000|  0%| F|  |TAMS 0x00000000ac600000, 0x00000000ac600000| Untracked 
| 169|0x00000000ac700000, 0x00000000ac700000, 0x00000000ac800000|  0%| F|  |TAMS 0x00000000ac700000, 0x00000000ac700000| Untracked 
| 170|0x00000000ac800000, 0x00000000ac800000, 0x00000000ac900000|  0%| F|  |TAMS 0x00000000ac800000, 0x00000000ac800000| Untracked 
| 171|0x00000000ac900000, 0x00000000ac900000, 0x00000000aca00000|  0%| F|  |TAMS 0x00000000ac900000, 0x00000000ac900000| Untracked 
| 172|0x00000000aca00000, 0x00000000aca00000, 0x00000000acb00000|  0%| F|  |TAMS 0x00000000aca00000, 0x00000000aca00000| Untracked 
| 173|0x00000000acb00000, 0x00000000acb00000, 0x00000000acc00000|  0%| F|  |TAMS 0x00000000acb00000, 0x00000000acb00000| Untracked 
| 174|0x00000000acc00000, 0x00000000acc00000, 0x00000000acd00000|  0%| F|  |TAMS 0x00000000acc00000, 0x00000000acc00000| Untracked 
| 175|0x00000000acd00000, 0x00000000acd00000, 0x00000000ace00000|  0%| F|  |TAMS 0x00000000acd00000, 0x00000000acd00000| Untracked 
| 176|0x00000000ace00000, 0x00000000ace00000, 0x00000000acf00000|  0%| F|  |TAMS 0x00000000ace00000, 0x00000000ace00000| Untracked 
| 177|0x00000000acf00000, 0x00000000acf00000, 0x00000000ad000000|  0%| F|  |TAMS 0x00000000acf00000, 0x00000000acf00000| Untracked 
| 178|0x00000000ad000000, 0x00000000ad000000, 0x00000000ad100000|  0%| F|  |TAMS 0x00000000ad000000, 0x00000000ad000000| Untracked 
| 179|0x00000000ad100000, 0x00000000ad100000, 0x00000000ad200000|  0%| F|  |TAMS 0x00000000ad100000, 0x00000000ad100000| Untracked 
| 180|0x00000000ad200000, 0x00000000ad200000, 0x00000000ad300000|  0%| F|  |TAMS 0x00000000ad200000, 0x00000000ad200000| Untracked 
| 181|0x00000000ad300000, 0x00000000ad300000, 0x00000000ad400000|  0%| F|  |TAMS 0x00000000ad300000, 0x00000000ad300000| Untracked 
| 182|0x00000000ad400000, 0x00000000ad400000, 0x00000000ad500000|  0%| F|  |TAMS 0x00000000ad400000, 0x00000000ad400000| Untracked 
| 183|0x00000000ad500000, 0x00000000ad500000, 0x00000000ad600000|  0%| F|  |TAMS 0x00000000ad500000, 0x00000000ad500000| Untracked 
| 184|0x00000000ad600000, 0x00000000ad600000, 0x00000000ad700000|  0%| F|  |TAMS 0x00000000ad600000, 0x00000000ad600000| Untracked 
| 185|0x00000000ad700000, 0x00000000ad700000, 0x00000000ad800000|  0%| F|  |TAMS 0x00000000ad700000, 0x00000000ad700000| Untracked 
| 186|0x00000000ad800000, 0x00000000ad800000, 0x00000000ad900000|  0%| F|  |TAMS 0x00000000ad800000, 0x00000000ad800000| Untracked 
| 187|0x00000000ad900000, 0x00000000ad900000, 0x00000000ada00000|  0%| F|  |TAMS 0x00000000ad900000, 0x00000000ad900000| Untracked 
| 188|0x00000000ada00000, 0x00000000ada00000, 0x00000000adb00000|  0%| F|  |TAMS 0x00000000ada00000, 0x00000000ada00000| Untracked 
| 189|0x00000000adb00000, 0x00000000adb00000, 0x00000000adc00000|  0%| F|  |TAMS 0x00000000adb00000, 0x00000000adb00000| Untracked 
| 190|0x00000000adc00000, 0x00000000adc00000, 0x00000000add00000|  0%| F|  |TAMS 0x00000000adc00000, 0x00000000adc00000| Untracked 
| 191|0x00000000add00000, 0x00000000add00000, 0x00000000ade00000|  0%| F|  |TAMS 0x00000000add00000, 0x00000000add00000| Untracked 
| 192|0x00000000ade00000, 0x00000000ade00000, 0x00000000adf00000|  0%| F|  |TAMS 0x00000000ade00000, 0x00000000ade00000| Untracked 
| 193|0x00000000adf00000, 0x00000000adf00000, 0x00000000ae000000|  0%| F|  |TAMS 0x00000000adf00000, 0x00000000adf00000| Untracked 
| 194|0x00000000ae000000, 0x00000000ae000000, 0x00000000ae100000|  0%| F|  |TAMS 0x00000000ae000000, 0x00000000ae000000| Untracked 
| 195|0x00000000ae100000, 0x00000000ae100000, 0x00000000ae200000|  0%| F|  |TAMS 0x00000000ae100000, 0x00000000ae100000| Untracked 
| 196|0x00000000ae200000, 0x00000000ae200000, 0x00000000ae300000|  0%| F|  |TAMS 0x00000000ae200000, 0x00000000ae200000| Untracked 
| 197|0x00000000ae300000, 0x00000000ae300000, 0x00000000ae400000|  0%| F|  |TAMS 0x00000000ae300000, 0x00000000ae300000| Untracked 
| 198|0x00000000ae400000, 0x00000000ae400000, 0x00000000ae500000|  0%| F|  |TAMS 0x00000000ae400000, 0x00000000ae400000| Untracked 
| 199|0x00000000ae500000, 0x00000000ae500000, 0x00000000ae600000|  0%| F|  |TAMS 0x00000000ae500000, 0x00000000ae500000| Untracked 
| 200|0x00000000ae600000, 0x00000000ae600000, 0x00000000ae700000|  0%| F|  |TAMS 0x00000000ae600000, 0x00000000ae600000| Untracked 
| 201|0x00000000ae700000, 0x00000000ae700000, 0x00000000ae800000|  0%| F|  |TAMS 0x00000000ae700000, 0x00000000ae700000| Untracked 
| 202|0x00000000ae800000, 0x00000000ae800000, 0x00000000ae900000|  0%| F|  |TAMS 0x00000000ae800000, 0x00000000ae800000| Untracked 
| 203|0x00000000ae900000, 0x00000000ae900000, 0x00000000aea00000|  0%| F|  |TAMS 0x00000000ae900000, 0x00000000ae900000| Untracked 
| 204|0x00000000aea00000, 0x00000000aea00000, 0x00000000aeb00000|  0%| F|  |TAMS 0x00000000aea00000, 0x00000000aea00000| Untracked 
| 205|0x00000000aeb00000, 0x00000000aeb00000, 0x00000000aec00000|  0%| F|  |TAMS 0x00000000aeb00000, 0x00000000aeb00000| Untracked 
| 206|0x00000000aec00000, 0x00000000aec00000, 0x00000000aed00000|  0%| F|  |TAMS 0x00000000aec00000, 0x00000000aec00000| Untracked 
| 207|0x00000000aed00000, 0x00000000aed00000, 0x00000000aee00000|  0%| F|  |TAMS 0x00000000aed00000, 0x00000000aed00000| Untracked 
| 208|0x00000000aee00000, 0x00000000aee00000, 0x00000000aef00000|  0%| F|  |TAMS 0x00000000aee00000, 0x00000000aee00000| Untracked 
| 209|0x00000000aef00000, 0x00000000aef00000, 0x00000000af000000|  0%| F|  |TAMS 0x00000000aef00000, 0x00000000aef00000| Untracked 
| 210|0x00000000af000000, 0x00000000af000000, 0x00000000af100000|  0%| F|  |TAMS 0x00000000af000000, 0x00000000af000000| Untracked 
| 211|0x00000000af100000, 0x00000000af100000, 0x00000000af200000|  0%| F|  |TAMS 0x00000000af100000, 0x00000000af100000| Untracked 
| 212|0x00000000af200000, 0x00000000af200000, 0x00000000af300000|  0%| F|  |TAMS 0x00000000af200000, 0x00000000af200000| Untracked 
| 213|0x00000000af300000, 0x00000000af300000, 0x00000000af400000|  0%| F|  |TAMS 0x00000000af300000, 0x00000000af300000| Untracked 
| 214|0x00000000af400000, 0x00000000af400000, 0x00000000af500000|  0%| F|  |TAMS 0x00000000af400000, 0x00000000af400000| Untracked 
| 215|0x00000000af500000, 0x00000000af500000, 0x00000000af600000|  0%| F|  |TAMS 0x00000000af500000, 0x00000000af500000| Untracked 
| 216|0x00000000af600000, 0x00000000af600000, 0x00000000af700000|  0%| F|  |TAMS 0x00000000af600000, 0x00000000af600000| Untracked 
| 217|0x00000000af700000, 0x00000000af700000, 0x00000000af800000|  0%| F|  |TAMS 0x00000000af700000, 0x00000000af700000| Untracked 
| 218|0x00000000af800000, 0x00000000af800000, 0x00000000af900000|  0%| F|  |TAMS 0x00000000af800000, 0x00000000af800000| Untracked 
| 219|0x00000000af900000, 0x00000000af900000, 0x00000000afa00000|  0%| F|  |TAMS 0x00000000af900000, 0x00000000af900000| Untracked 
| 220|0x00000000afa00000, 0x00000000afa00000, 0x00000000afb00000|  0%| F|  |TAMS 0x00000000afa00000, 0x00000000afa00000| Untracked 
| 221|0x00000000afb00000, 0x00000000afb00000, 0x00000000afc00000|  0%| F|  |TAMS 0x00000000afb00000, 0x00000000afb00000| Untracked 
| 222|0x00000000afc00000, 0x00000000afc00000, 0x00000000afd00000|  0%| F|  |TAMS 0x00000000afc00000, 0x00000000afc00000| Untracked 
| 223|0x00000000afd00000, 0x00000000afd00000, 0x00000000afe00000|  0%| F|  |TAMS 0x00000000afd00000, 0x00000000afd00000| Untracked 
| 224|0x00000000afe00000, 0x00000000afe00000, 0x00000000aff00000|  0%| F|  |TAMS 0x00000000afe00000, 0x00000000afe00000| Untracked 
| 225|0x00000000aff00000, 0x00000000aff00000, 0x00000000b0000000|  0%| F|  |TAMS 0x00000000aff00000, 0x00000000aff00000| Untracked 
| 226|0x00000000b0000000, 0x00000000b0000000, 0x00000000b0100000|  0%| F|  |TAMS 0x00000000b0000000, 0x00000000b0000000| Untracked 
| 227|0x00000000b0100000, 0x00000000b0100000, 0x00000000b0200000|  0%| F|  |TAMS 0x00000000b0100000, 0x00000000b0100000| Untracked 
| 228|0x00000000b0200000, 0x00000000b0200000, 0x00000000b0300000|  0%| F|  |TAMS 0x00000000b0200000, 0x00000000b0200000| Untracked 
| 229|0x00000000b0300000, 0x00000000b0300000, 0x00000000b0400000|  0%| F|  |TAMS 0x00000000b0300000, 0x00000000b0300000| Untracked 
| 230|0x00000000b0400000, 0x00000000b0400000, 0x00000000b0500000|  0%| F|  |TAMS 0x00000000b0400000, 0x00000000b0400000| Untracked 
| 231|0x00000000b0500000, 0x00000000b0500000, 0x00000000b0600000|  0%| F|  |TAMS 0x00000000b0500000, 0x00000000b0500000| Untracked 
| 232|0x00000000b0600000, 0x00000000b0600000, 0x00000000b0700000|  0%| F|  |TAMS 0x00000000b0600000, 0x00000000b0600000| Untracked 
| 233|0x00000000b0700000, 0x00000000b0700000, 0x00000000b0800000|  0%| F|  |TAMS 0x00000000b0700000, 0x00000000b0700000| Untracked 
| 234|0x00000000b0800000, 0x00000000b0800000, 0x00000000b0900000|  0%| F|  |TAMS 0x00000000b0800000, 0x00000000b0800000| Untracked 
| 235|0x00000000b0900000, 0x00000000b0900000, 0x00000000b0a00000|  0%| F|  |TAMS 0x00000000b0900000, 0x00000000b0900000| Untracked 
| 236|0x00000000b0a00000, 0x00000000b0a00000, 0x00000000b0b00000|  0%| F|  |TAMS 0x00000000b0a00000, 0x00000000b0a00000| Untracked 

Card table byte_map: [0x0000019866930000,0x0000019866c30000] _byte_map_base: 0x0000019866421000

Marking Bits (Prev, Next): (CMBitMap*) 0x000001984fac0a00, (CMBitMap*) 0x000001984fac0a40
 Prev Bits: [0x0000019866f30000, 0x00000198686b8000)
 Next Bits: [0x00000198686c0000, 0x0000019869e48000)

Polling page: 0x000001984d9e0000

Metaspace:

Usage:
  Non-class:     91.06 MB used.
      Class:     13.09 MB used.
       Both:    104.15 MB used.

Virtual space:
  Non-class space:      128.00 MB reserved,      91.69 MB ( 72%) committed,  2 nodes.
      Class space:        1.00 GB reserved,      13.75 MB (  1%) committed,  1 nodes.
             Both:        1.12 GB reserved,     105.44 MB (  9%) committed. 

Chunk freelists:
   Non-Class:  3.58 MB
       Class:  2.27 MB
        Both:  5.84 MB

MaxMetaspaceSize: unlimited
CompressedClassSpaceSize: 1.00 GB
Initial GC threshold: 21.00 MB
Current GC threshold: 175.12 MB
CDS: on
MetaspaceReclaimPolicy: balanced
 - commit_granule_bytes: 65536.
 - commit_granule_words: 8192.
 - virtual_space_node_default_size: 8388608.
 - enlarge_chunks_in_place: 1.
 - new_chunks_are_fully_committed: 0.
 - uncommit_free_chunks: 1.
 - use_allocation_guard: 0.
 - handle_deallocations: 1.


Internal statistics:

num_allocs_failed_limit: 6.
num_arena_births: 2734.
num_arena_deaths: 590.
num_vsnodes_births: 3.
num_vsnodes_deaths: 0.
num_space_committed: 1687.
num_space_uncommitted: 0.
num_chunks_returned_to_freelist: 715.
num_chunks_taken_from_freelist: 7798.
num_chunk_merges: 204.
num_chunk_splits: 4836.
num_chunks_enlarged: 3093.
num_inconsistent_stats: 0.

CodeHeap 'non-profiled nmethods': size=120000Kb used=15750Kb max_used=15750Kb free=104249Kb
 bounds [0x000001985edd0000, 0x000001985fd40000, 0x0000019866300000]
CodeHeap 'profiled nmethods': size=120000Kb used=32452Kb max_used=32452Kb free=87547Kb
 bounds [0x0000019857300000, 0x00000198592c0000, 0x000001985e830000]
CodeHeap 'non-nmethods': size=5760Kb used=2457Kb max_used=2518Kb free=3302Kb
 bounds [0x000001985e830000, 0x000001985eab0000, 0x000001985edd0000]
 total_blobs=18146 nmethods=17145 adapters=912
 compilation: enabled
              stopped_count=0, restarted_count=0
 full_count=0

Compilation events (20 events):
Event: 2484.981 Thread 0x000001986c898e60 21566       3       org.hibernate.metamodel.internal.MetadataContext$$Lambda$1242/0x0000019801952380::apply (19 bytes)
Event: 2484.981 Thread 0x000001986c898e60 nmethod 21566 0x00000198592ac890 code [0x00000198592aca60, 0x00000198592acf48]
Event: 2484.981 Thread 0x000001986c898e60 21567       3       org.hibernate.metamodel.internal.MetadataContext::addAttribute (164 bytes)
Event: 2484.982 Thread 0x000001986c898e60 nmethod 21567 0x00000198592ad090 code [0x00000198592ad3a0, 0x00000198592aecc8]
Event: 2484.984 Thread 0x000001986c898e60 21568       1       org.h2.schema.Sequence::getBelongsToTable (5 bytes)
Event: 2484.984 Thread 0x000001986c898e60 nmethod 21568 0x000001985fd31510 code [0x000001985fd316a0, 0x000001985fd31778]
Event: 2484.984 Thread 0x000001986c898e60 21569       3       org.h2.expression.ExpressionColumn::getAlias (78 bytes)
Event: 2484.985 Thread 0x000001986c898e60 nmethod 21569 0x00000198592af490 code [0x00000198592af720, 0x00000198592b0318]
Event: 2484.985 Thread 0x000001986c898e60 21570       3       org.h2.result.LocalResult::getTableName (10 bytes)
Event: 2484.985 Thread 0x000001986c898e60 nmethod 21570 0x00000198592b0710 code [0x00000198592b08c0, 0x00000198592b0ac8]
Event: 2484.985 Thread 0x000001986c898e60 21571       3       org.h2.expression.ExpressionColumn::getTableName (21 bytes)
Event: 2484.985 Thread 0x000001986c898e60 nmethod 21571 0x00000198592b0c10 code [0x00000198592b0dc0, 0x00000198592b0f98]
Event: 2484.985 Thread 0x000001986c898e60 21572       3       org.hibernate.engine.jdbc.env.internal.NormalizingIdentifierHelperImpl::toMetaDataText (218 bytes)
Event: 2484.987 Thread 0x000001986c898e60 nmethod 21572 0x00000198592b1090 code [0x00000198592b1440, 0x00000198592b2d48]
Event: 2484.987 Thread 0x000001986c898e60 21573       3       org.hibernate.tool.schema.internal.ColumnDefinitions::hasMatchingType (111 bytes)
Event: 2484.988 Thread 0x000001986c898e60 nmethod 21573 0x00000198592b3210 code [0x00000198592b34c0, 0x00000198592b41d8]
Event: 2484.988 Thread 0x000001986c898e60 21574       3       org.h2.engine.SessionLocal::getMode (8 bytes)
Event: 2484.988 Thread 0x000001986c898e60 nmethod 21574 0x00000198592b4710 code [0x00000198592b48c0, 0x00000198592b4b48]
Event: 2484.989 Thread 0x000001986c898e60 21575       1       org.h2.expression.ValueExpression::isConstant (2 bytes)
Event: 2484.989 Thread 0x000001986c898e60 nmethod 21575 0x000001985fd31810 code [0x000001985fd319a0, 0x000001985fd31a78]

GC Heap History (20 events):
Event: 2286.305 GC heap after
{Heap after GC invocations=107 (full 6):
 garbage-first heap   total 273408K, used 91930K [0x00000000a1e00000, 0x0000000100000000)
  region size 1024K, 10 young (10240K), 10 survivors (10240K)
 Metaspace       used 104841K, committed 106240K, reserved 1179648K
  class space    used 13294K, committed 14016K, reserved 1048576K
}
Event: 2361.868 GC heap before
{Heap before GC invocations=108 (full 6):
 garbage-first heap   total 273408K, used 220954K [0x00000000a1e00000, 0x0000000100000000)
  region size 1024K, 136 young (139264K), 10 survivors (10240K)
 Metaspace       used 105316K, committed 106688K, reserved 1179648K
  class space    used 13321K, committed 14016K, reserved 1048576K
}
Event: 2361.998 GC heap after
{Heap after GC invocations=109 (full 6):
 garbage-first heap   total 273408K, used 94454K [0x00000000a1e00000, 0x0000000100000000)
  region size 1024K, 13 young (13312K), 13 survivors (13312K)
 Metaspace       used 105316K, committed 106688K, reserved 1179648K
  class space    used 13321K, committed 14016K, reserved 1048576K
}
Event: 2362.033 GC heap before
{Heap before GC invocations=109 (full 6):
 garbage-first heap   total 273408K, used 95478K [0x00000000a1e00000, 0x0000000100000000)
  region size 1024K, 14 young (14336K), 13 survivors (13312K)
 Metaspace       used 105318K, committed 106688K, reserved 1179648K
  class space    used 13321K, committed 14016K, reserved 1048576K
}
Event: 2362.087 GC heap after
{Heap after GC invocations=110 (full 6):
 garbage-first heap   total 273408K, used 93815K [0x00000000a1e00000, 0x0000000100000000)
  region size 1024K, 2 young (2048K), 2 survivors (2048K)
 Metaspace       used 105318K, committed 106688K, reserved 1179648K
  class space    used 13321K, committed 14016K, reserved 1048576K
}
Event: 2363.206 GC heap before
{Heap before GC invocations=110 (full 6):
 garbage-first heap   total 273408K, used 157303K [0x00000000a1e00000, 0x0000000100000000)
  region size 1024K, 65 young (66560K), 2 survivors (2048K)
 Metaspace       used 105494K, committed 106816K, reserved 1179648K
  class space    used 13334K, committed 14016K, reserved 1048576K
}
Event: 2363.222 GC heap after
{Heap after GC invocations=111 (full 6):
 garbage-first heap   total 273408K, used 95846K [0x00000000a1e00000, 0x0000000100000000)
  region size 1024K, 4 young (4096K), 4 survivors (4096K)
 Metaspace       used 105494K, committed 106816K, reserved 1179648K
  class space    used 13334K, committed 14016K, reserved 1048576K
}
Event: 2413.912 GC heap before
{Heap before GC invocations=112 (full 6):
 garbage-first heap   total 273408K, used 221798K [0x00000000a1e00000, 0x0000000100000000)
  region size 1024K, 126 young (129024K), 4 survivors (4096K)
 Metaspace       used 105754K, committed 107072K, reserved 1179648K
  class space    used 13341K, committed 14016K, reserved 1048576K
}
Event: 2414.047 GC heap after
{Heap after GC invocations=113 (full 6):
 garbage-first heap   total 273408K, used 99340K [0x00000000a1e00000, 0x0000000100000000)
  region size 1024K, 9 young (9216K), 9 survivors (9216K)
 Metaspace       used 105754K, committed 107072K, reserved 1179648K
  class space    used 13341K, committed 14016K, reserved 1048576K
}
Event: 2414.102 GC heap before
{Heap before GC invocations=113 (full 6):
 garbage-first heap   total 273408K, used 103436K [0x00000000a1e00000, 0x0000000100000000)
  region size 1024K, 13 young (13312K), 9 survivors (9216K)
 Metaspace       used 105756K, committed 107072K, reserved 1179648K
  class space    used 13341K, committed 14016K, reserved 1048576K
}
Event: 2414.161 GC heap after
{Heap after GC invocations=114 (full 6):
 garbage-first heap   total 273408K, used 80214K [0x00000000a1e00000, 0x0000000100000000)
  region size 1024K, 2 young (2048K), 2 survivors (2048K)
 Metaspace       used 105756K, committed 107072K, reserved 1179648K
  class space    used 13341K, committed 14016K, reserved 1048576K
}
Event: 2415.221 GC heap before
{Heap before GC invocations=114 (full 6):
 garbage-first heap   total 273408K, used 120150K [0x00000000a1e00000, 0x0000000100000000)
  region size 1024K, 42 young (43008K), 2 survivors (2048K)
 Metaspace       used 105808K, committed 107072K, reserved 1179648K
  class space    used 13341K, committed 14016K, reserved 1048576K
}
Event: 2415.230 GC heap after
{Heap after GC invocations=115 (full 6):
 garbage-first heap   total 273408K, used 81524K [0x00000000a1e00000, 0x0000000100000000)
  region size 1024K, 3 young (3072K), 3 survivors (3072K)
 Metaspace       used 105808K, committed 107072K, reserved 1179648K
  class space    used 13341K, committed 14016K, reserved 1048576K
}
Event: 2419.862 GC heap before
{Heap before GC invocations=116 (full 6):
 garbage-first heap   total 273408K, used 222836K [0x00000000a1e00000, 0x0000000100000000)
  region size 1024K, 139 young (142336K), 3 survivors (3072K)
 Metaspace       used 106216K, committed 107520K, reserved 1179648K
  class space    used 13368K, committed 14080K, reserved 1048576K
}
Event: 2419.902 GC heap after
{Heap after GC invocations=117 (full 6):
 garbage-first heap   total 273408K, used 88216K [0x00000000a1e00000, 0x0000000100000000)
  region size 1024K, 8 young (8192K), 8 survivors (8192K)
 Metaspace       used 106216K, committed 107520K, reserved 1179648K
  class space    used 13368K, committed 14080K, reserved 1048576K
}
Event: 2420.013 GC heap before
{Heap before GC invocations=117 (full 6):
 garbage-first heap   total 273408K, used 93336K [0x00000000a1e00000, 0x0000000100000000)
  region size 1024K, 13 young (13312K), 8 survivors (8192K)
 Metaspace       used 106216K, committed 107520K, reserved 1179648K
  class space    used 13368K, committed 14080K, reserved 1048576K
}
Event: 2420.072 GC heap after
{Heap after GC invocations=118 (full 6):
 garbage-first heap   total 273408K, used 86103K [0x00000000a1e00000, 0x0000000100000000)
  region size 1024K, 1 young (1024K), 1 survivors (1024K)
 Metaspace       used 106216K, committed 107520K, reserved 1179648K
  class space    used 13368K, committed 14080K, reserved 1048576K
}
Event: 2477.068 GC heap before
{Heap before GC invocations=118 (full 6):
 garbage-first heap   total 273408K, used 204887K [0x00000000a1e00000, 0x0000000100000000)
  region size 1024K, 118 young (120832K), 1 survivors (1024K)
 Metaspace       used 106243K, committed 107584K, reserved 1179648K
  class space    used 13369K, committed 14080K, reserved 1048576K
}
Event: 2478.597 GC heap after
{Heap after GC invocations=119 (full 7):
 garbage-first heap   total 242688K, used 70392K [0x00000000a1e00000, 0x0000000100000000)
  region size 1024K, 0 young (0K), 0 survivors (0K)
 Metaspace       used 106243K, committed 107584K, reserved 1179648K
  class space    used 13369K, committed 14080K, reserved 1048576K
}
Event: 2485.039 GC heap before
{Heap before GC invocations=119 (full 7):
 garbage-first heap   total 242688K, used 186104K [0x00000000a1e00000, 0x0000000100000000)
  region size 1024K, 114 young (116736K), 0 survivors (0K)
 Metaspace       used 106645K, committed 107968K, reserved 1179648K
  class space    used 13399K, committed 14080K, reserved 1048576K
}

Deoptimization events (20 events):
Event: 2418.939 Thread 0x00000198710f8fc0 Uncommon trap: trap_request=0xffffffde fr.pc=0x000001985fcafb9c relative=0x000000000000159c
Event: 2418.939 Thread 0x00000198710f8fc0 Uncommon trap: reason=class_check action=maybe_recompile pc=0x000001985fcafb9c method=jdk.internal.reflect.DelegatingConstructorAccessorImpl.newInstance([Ljava/lang/Object;)Ljava/lang/Object; @ 5 c2
Event: 2418.939 Thread 0x00000198710f8fc0 DEOPT PACKING pc=0x000001985fcafb9c sp=0x000000423eaf9ef0
Event: 2418.940 Thread 0x00000198710f8fc0 DEOPT UNPACKING pc=0x000001985e8823a3 sp=0x000000423eaf9c90 mode 2
Event: 2484.867 Thread 0x0000019877132020 Uncommon trap: trap_request=0xffffffbe fr.pc=0x000001985fc90fb8 relative=0x0000000000000fd8
Event: 2484.867 Thread 0x0000019877132020 Uncommon trap: reason=profile_predicate action=maybe_recompile pc=0x000001985fc90fb8 method=net.bytebuddy.implementation.bytecode.StackManipulation$Compound.<init>(Ljava/util/List;)V @ 28 c2
Event: 2484.867 Thread 0x0000019877132020 DEOPT PACKING pc=0x000001985fc90fb8 sp=0x000000423ecfc060
Event: 2484.868 Thread 0x0000019877132020 DEOPT UNPACKING pc=0x000001985e8823a3 sp=0x000000423ecfc050 mode 2
Event: 2484.868 Thread 0x0000019877132020 Uncommon trap: trap_request=0xffffffbe fr.pc=0x000001985fc90fb8 relative=0x0000000000000fd8
Event: 2484.868 Thread 0x0000019877132020 Uncommon trap: reason=profile_predicate action=maybe_recompile pc=0x000001985fc90fb8 method=net.bytebuddy.implementation.bytecode.StackManipulation$Compound.<init>(Ljava/util/List;)V @ 28 c2
Event: 2484.868 Thread 0x0000019877132020 DEOPT PACKING pc=0x000001985fc90fb8 sp=0x000000423ecfc290
Event: 2484.869 Thread 0x0000019877132020 DEOPT UNPACKING pc=0x000001985e8823a3 sp=0x000000423ecfc280 mode 2
Event: 2484.869 Thread 0x0000019877132020 Uncommon trap: trap_request=0xffffffbe fr.pc=0x000001985fc90fb8 relative=0x0000000000000fd8
Event: 2484.869 Thread 0x0000019877132020 Uncommon trap: reason=profile_predicate action=maybe_recompile pc=0x000001985fc90fb8 method=net.bytebuddy.implementation.bytecode.StackManipulation$Compound.<init>(Ljava/util/List;)V @ 28 c2
Event: 2484.869 Thread 0x0000019877132020 DEOPT PACKING pc=0x000001985fc90fb8 sp=0x000000423ecfc1e0
Event: 2484.869 Thread 0x0000019877132020 DEOPT UNPACKING pc=0x000001985e8823a3 sp=0x000000423ecfc1d0 mode 2
Event: 2484.869 Thread 0x0000019877132020 Uncommon trap: trap_request=0xffffffbe fr.pc=0x000001985fc90fb8 relative=0x0000000000000fd8
Event: 2484.869 Thread 0x0000019877132020 Uncommon trap: reason=profile_predicate action=maybe_recompile pc=0x000001985fc90fb8 method=net.bytebuddy.implementation.bytecode.StackManipulation$Compound.<init>(Ljava/util/List;)V @ 28 c2
Event: 2484.869 Thread 0x0000019877132020 DEOPT PACKING pc=0x000001985fc90fb8 sp=0x000000423ecfc1b0
Event: 2484.869 Thread 0x0000019877132020 DEOPT UNPACKING pc=0x000001985e8823a3 sp=0x000000423ecfc1a0 mode 2

Classes unloaded (20 events):
Event: 2363.520 Thread 0x000001986c86b010 Unloading class 0x0000019801c8c000 'java/lang/invoke/LambdaForm$MH+0x0000019801c8c000'
Event: 2363.520 Thread 0x000001986c86b010 Unloading class 0x0000019801c8bc00 'java/lang/invoke/LambdaForm$MH+0x0000019801c8bc00'
Event: 2363.520 Thread 0x000001986c86b010 Unloading class 0x0000019801c8b800 'java/lang/invoke/LambdaForm$MH+0x0000019801c8b800'
Event: 2363.520 Thread 0x000001986c86b010 Unloading class 0x0000019801c8b400 'java/lang/invoke/LambdaForm$MH+0x0000019801c8b400'
Event: 2363.520 Thread 0x000001986c86b010 Unloading class 0x0000019801c8b000 'java/lang/invoke/LambdaForm$MH+0x0000019801c8b000'
Event: 2363.520 Thread 0x000001986c86b010 Unloading class 0x0000019801c5b400 'java/lang/invoke/LambdaForm$MH+0x0000019801c5b400'
Event: 2363.520 Thread 0x000001986c86b010 Unloading class 0x0000019801c5b000 'java/lang/invoke/LambdaForm$MH+0x0000019801c5b000'
Event: 2363.520 Thread 0x000001986c86b010 Unloading class 0x0000019801c51c00 'java/lang/invoke/LambdaForm$MH+0x0000019801c51c00'
Event: 2363.520 Thread 0x000001986c86b010 Unloading class 0x0000019801c1e800 'java/lang/invoke/LambdaForm$MH+0x0000019801c1e800'
Event: 2363.520 Thread 0x000001986c86b010 Unloading class 0x0000019801bf3800 'java/lang/invoke/LambdaForm$MH+0x0000019801bf3800'
Event: 2363.520 Thread 0x000001986c86b010 Unloading class 0x0000019801bf3400 'java/lang/invoke/LambdaForm$MH+0x0000019801bf3400'
Event: 2363.520 Thread 0x000001986c86b010 Unloading class 0x0000019801bf0c00 'java/lang/invoke/LambdaForm$MH+0x0000019801bf0c00'
Event: 2363.520 Thread 0x000001986c86b010 Unloading class 0x0000019801bed800 'java/lang/invoke/LambdaForm$MH+0x0000019801bed800'
Event: 2363.521 Thread 0x000001986c86b010 Unloading class 0x0000019801be8c00 'java/lang/invoke/LambdaForm$MH+0x0000019801be8c00'
Event: 2363.521 Thread 0x000001986c86b010 Unloading class 0x00000198011ac000 'jdk/internal/reflect/GeneratedConstructorAccessor2'
Event: 2363.521 Thread 0x000001986c86b010 Unloading class 0x0000019801006800 'java/lang/invoke/LambdaForm$MH+0x0000019801006800'
Event: 2363.521 Thread 0x000001986c86b010 Unloading class 0x0000019801006400 'java/lang/invoke/LambdaForm$MH+0x0000019801006400'
Event: 2363.521 Thread 0x000001986c86b010 Unloading class 0x0000019801006000 'java/lang/invoke/LambdaForm$MH+0x0000019801006000'
Event: 2363.521 Thread 0x000001986c86b010 Unloading class 0x0000019801005c00 'java/lang/invoke/LambdaForm$MH+0x0000019801005c00'
Event: 2363.521 Thread 0x000001986c86b010 Unloading class 0x0000019801005800 'java/lang/invoke/LambdaForm$MH+0x0000019801005800'

Classes redefined (0 events):
No events

Internal exceptions (20 events):
Event: 2483.393 Thread 0x0000019877132020 Exception <a 'java/lang/ArrayIndexOutOfBoundsException'{0x00000000ad660428}> (0x00000000ad660428) 
thrown [s\open\src\hotspot\share\runtime\sharedRuntime.cpp, line 631]
Event: 2483.406 Thread 0x0000019877132020 Exception <a 'java/lang/ArrayIndexOutOfBoundsException'{0x00000000ad697ea8}> (0x00000000ad697ea8) 
thrown [s\open\src\hotspot\share\runtime\sharedRuntime.cpp, line 631]
Event: 2483.406 Thread 0x0000019877132020 Exception <a 'java/lang/ArrayIndexOutOfBoundsException'{0x00000000ad698470}> (0x00000000ad698470) 
thrown [s\open\src\hotspot\share\runtime\sharedRuntime.cpp, line 631]
Event: 2483.409 Thread 0x0000019877132020 Exception <a 'java/lang/ArrayIndexOutOfBoundsException'{0x00000000ad6b97d0}> (0x00000000ad6b97d0) 
thrown [s\open\src\hotspot\share\runtime\sharedRuntime.cpp, line 631]
Event: 2483.409 Thread 0x0000019877132020 Exception <a 'java/lang/ArrayIndexOutOfBoundsException'{0x00000000ad6b9d98}> (0x00000000ad6b9d98) 
thrown [s\open\src\hotspot\share\runtime\sharedRuntime.cpp, line 631]
Event: 2483.419 Thread 0x0000019877132020 Exception <a 'java/lang/ArrayIndexOutOfBoundsException'{0x00000000ad6f10c0}> (0x00000000ad6f10c0) 
thrown [s\open\src\hotspot\share\runtime\sharedRuntime.cpp, line 631]
Event: 2483.419 Thread 0x0000019877132020 Exception <a 'java/lang/ArrayIndexOutOfBoundsException'{0x00000000ad6f1688}> (0x00000000ad6f1688) 
thrown [s\open\src\hotspot\share\runtime\sharedRuntime.cpp, line 631]
Event: 2484.128 Thread 0x0000019877132020 Exception <a 'sun/nio/fs/WindowsException'{0x00000000ac2fd850}> (0x00000000ac2fd850) 
thrown [s\open\src\hotspot\share\prims\jni.cpp, line 516]
Event: 2484.129 Thread 0x0000019877132020 Exception <a 'sun/nio/fs/WindowsException'{0x00000000ac2fdea8}> (0x00000000ac2fdea8) 
thrown [s\open\src\hotspot\share\prims\jni.cpp, line 516]
Event: 2484.130 Thread 0x0000019877132020 Exception <a 'sun/nio/fs/WindowsException'{0x00000000ac2fe580}> (0x00000000ac2fe580) 
thrown [s\open\src\hotspot\share\prims\jni.cpp, line 516]
Event: 2484.165 Thread 0x0000019877132020 Exception <a 'java/io/FileNotFoundException'{0x00000000ac143948}> (0x00000000ac143948) 
thrown [s\open\src\hotspot\share\prims\jni.cpp, line 516]
Event: 2484.462 Thread 0x0000019877132020 Exception <a 'sun/nio/fs/WindowsException'{0x00000000ab121c70}> (0x00000000ab121c70) 
thrown [s\open\src\hotspot\share\prims\jni.cpp, line 516]
Event: 2484.463 Thread 0x0000019877132020 Exception <a 'sun/nio/fs/WindowsException'{0x00000000ab123230}> (0x00000000ab123230) 
thrown [s\open\src\hotspot\share\prims\jni.cpp, line 516]
Event: 2484.463 Thread 0x0000019877132020 Exception <a 'sun/nio/fs/WindowsException'{0x00000000ab123440}> (0x00000000ab123440) 
thrown [s\open\src\hotspot\share\prims\jni.cpp, line 516]
Event: 2484.464 Thread 0x0000019877132020 Exception <a 'sun/nio/fs/WindowsException'{0x00000000ab124d58}> (0x00000000ab124d58) 
thrown [s\open\src\hotspot\share\prims\jni.cpp, line 516]
Event: 2484.464 Thread 0x0000019877132020 Exception <a 'sun/nio/fs/WindowsException'{0x00000000ab124f68}> (0x00000000ab124f68) 
thrown [s\open\src\hotspot\share\prims\jni.cpp, line 516]
Event: 2484.467 Thread 0x0000019877132020 Exception <a 'sun/nio/fs/WindowsException'{0x00000000ab1271a8}> (0x00000000ab1271a8) 
thrown [s\open\src\hotspot\share\prims\jni.cpp, line 516]
Event: 2484.468 Thread 0x0000019877132020 Exception <a 'sun/nio/fs/WindowsException'{0x00000000ab12aaa0}> (0x00000000ab12aaa0) 
thrown [s\open\src\hotspot\share\prims\jni.cpp, line 516]
Event: 2484.639 Thread 0x0000019877132020 Exception <a 'java/io/FileNotFoundException'{0x00000000aa9a0cf8}> (0x00000000aa9a0cf8) 
thrown [s\open\src\hotspot\share\prims\jni.cpp, line 516]
Event: 2484.714 Thread 0x0000019877132020 Exception <a 'sun/nio/fs/WindowsException'{0x00000000aa4aba98}> (0x00000000aa4aba98) 
thrown [s\open\src\hotspot\share\prims\jni.cpp, line 516]

VM Operations (20 events):
Event: 2435.154 Executing VM operation: Cleanup done
Event: 2465.498 Executing VM operation: HandshakeAllThreads
Event: 2465.499 Executing VM operation: HandshakeAllThreads done
Event: 2476.561 Executing VM operation: Cleanup
Event: 2476.576 Executing VM operation: Cleanup done
Event: 2477.063 Executing VM operation: G1CollectFull
Event: 2478.598 Executing VM operation: G1CollectFull done
Event: 2479.608 Executing VM operation: Cleanup
Event: 2479.609 Executing VM operation: Cleanup done
Event: 2480.609 Executing VM operation: Cleanup
Event: 2480.612 Executing VM operation: Cleanup done
Event: 2481.613 Executing VM operation: Cleanup
Event: 2481.613 Executing VM operation: Cleanup done
Event: 2482.613 Executing VM operation: Cleanup
Event: 2482.614 Executing VM operation: Cleanup done
Event: 2483.622 Executing VM operation: Cleanup
Event: 2483.622 Executing VM operation: Cleanup done
Event: 2484.625 Executing VM operation: Cleanup
Event: 2484.625 Executing VM operation: Cleanup done
Event: 2485.038 Executing VM operation: G1TryInitiateConcMark

Events (20 events):
Event: 2476.677 Thread 0x00000198710f5d20 Thread exited: 0x00000198710f5d20
Event: 2476.708 Thread 0x00000198710f7b80 Thread exited: 0x00000198710f7b80
Event: 2476.708 Thread 0x00000198710f9ef0 Thread exited: 0x00000198710f9ef0
Event: 2476.709 Thread 0x00000198710f8090 Thread exited: 0x00000198710f8090
Event: 2476.935 Thread 0x0000019877132020 Thread exited: 0x0000019877132020
Event: 2477.059 Thread 0x00000198710fa400 Thread exited: 0x00000198710fa400
Event: 2477.061 Thread 0x00000198710fa910 Thread exited: 0x00000198710fa910
Event: 2478.599 Thread 0x00000198771310f0 Thread added: 0x00000198771310f0
Event: 2478.600 Thread 0x00000198710f6230 Thread exited: 0x00000198710f6230
Event: 2478.600 Thread 0x00000198771310f0 Thread exited: 0x00000198771310f0
Event: 2478.600 Thread 0x0000019877132020 Thread added: 0x0000019877132020
Event: 2480.117 Thread 0x00000198771310f0 Thread added: 0x00000198771310f0
Event: 2480.281 Thread 0x00000198771310f0 Thread exited: 0x00000198771310f0
Event: 2484.509 Thread 0x0000019877132530 Thread added: 0x0000019877132530
Event: 2484.512 Thread 0x0000019877133e80 Thread added: 0x0000019877133e80
Event: 2484.615 Thread 0x00000198771310f0 Thread added: 0x00000198771310f0
Event: 2484.641 Thread 0x0000019877134390 Thread added: 0x0000019877134390
Event: 2484.641 Thread 0x0000019877131600 Thread added: 0x0000019877131600
Event: 2484.641 Thread 0x0000019877131b10 Thread added: 0x0000019877131b10
Event: 2485.037 Thread 0x0000019877132a40 Thread added: 0x0000019877132a40


Dynamic libraries:
0x00007ff667ef0000 - 0x00007ff667f00000 	C:\Program Files\Java\jdk-17\bin\java.exe
0x00007ff957cb0000 - 0x00007ff957ec7000 	C:\WINDOWS\SYSTEM32\ntdll.dll
0x00007ff955f00000 - 0x00007ff955fc4000 	C:\WINDOWS\System32\KERNEL32.DLL
0x00007ff955170000 - 0x00007ff955517000 	C:\WINDOWS\System32\KERNELBASE.dll
0x00007ff952360000 - 0x00007ff9523f7000 	C:\WINDOWS\SYSTEM32\apphelp.dll
0x00007ff955050000 - 0x00007ff955161000 	C:\WINDOWS\System32\ucrtbase.dll
0x00007ff93e860000 - 0x00007ff93e879000 	C:\Program Files\Java\jdk-17\bin\jli.dll
0x00007ff955bc0000 - 0x00007ff955c72000 	C:\WINDOWS\System32\ADVAPI32.dll
0x00007ff93e750000 - 0x00007ff93e76b000 	C:\Program Files\Java\jdk-17\bin\VCRUNTIME140.dll
0x00007ff955c80000 - 0x00007ff955d27000 	C:\WINDOWS\System32\msvcrt.dll
0x00007ff956a70000 - 0x00007ff956b18000 	C:\WINDOWS\System32\sechost.dll
0x00007ff9556c0000 - 0x00007ff9556e8000 	C:\WINDOWS\System32\bcrypt.dll
0x00007ff955de0000 - 0x00007ff955ef5000 	C:\WINDOWS\System32\RPCRT4.dll
0x00007ff956750000 - 0x00007ff9568fe000 	C:\WINDOWS\System32\USER32.dll
0x00007ff955690000 - 0x00007ff9556b6000 	C:\WINDOWS\System32\win32u.dll
0x00007ff956720000 - 0x00007ff956749000 	C:\WINDOWS\System32\GDI32.dll
0x00007ff955800000 - 0x00007ff955919000 	C:\WINDOWS\System32\gdi32full.dll
0x00007ff955760000 - 0x00007ff9557fa000 	C:\WINDOWS\System32\msvcp_win.dll
0x00007ff93a070000 - 0x00007ff93a303000 	C:\WINDOWS\WinSxS\amd64_microsoft.windows.common-controls_6595b64144ccf1df_6.0.22621.3527_none_270e469b73872a76\COMCTL32.dll
0x00007ff94e5a0000 - 0x00007ff94e5aa000 	C:\WINDOWS\SYSTEM32\VERSION.dll
0x00007ff955fd0000 - 0x00007ff956001000 	C:\WINDOWS\System32\IMM32.DLL
0x00007ff9508f0000 - 0x00007ff9508fc000 	C:\Program Files\Java\jdk-17\bin\vcruntime140_1.dll
0x00007ff917100000 - 0x00007ff91718e000 	C:\Program Files\Java\jdk-17\bin\msvcp140.dll
0x00007ff909bb0000 - 0x00007ff90a78f000 	C:\Program Files\Java\jdk-17\bin\server\jvm.dll
0x00007ff9561c0000 - 0x00007ff9561c8000 	C:\WINDOWS\System32\PSAPI.DLL
0x00007ff92e7e0000 - 0x00007ff92e7e9000 	C:\WINDOWS\SYSTEM32\WSOCK32.dll
0x00007ff957770000 - 0x00007ff9577e1000 	C:\WINDOWS\System32\WS2_32.dll
0x00007ff94ddb0000 - 0x00007ff94dde4000 	C:\WINDOWS\SYSTEM32\WINMM.dll
0x00007ff953ff0000 - 0x00007ff954008000 	C:\WINDOWS\SYSTEM32\kernel.appcore.dll
0x00007ff950890000 - 0x00007ff95089a000 	C:\Program Files\Java\jdk-17\bin\jimage.dll
0x00007ff94aa50000 - 0x00007ff94ac83000 	C:\WINDOWS\SYSTEM32\DBGHELP.DLL
0x00007ff956390000 - 0x00007ff956718000 	C:\WINDOWS\System32\combase.dll
0x00007ff9560c0000 - 0x00007ff956197000 	C:\WINDOWS\System32\OLEAUT32.dll
0x00007ff939db0000 - 0x00007ff939de2000 	C:\WINDOWS\SYSTEM32\dbgcore.DLL
0x00007ff954fd0000 - 0x00007ff955049000 	C:\WINDOWS\System32\bcryptPrimitives.dll
0x00007ff9334e0000 - 0x00007ff933505000 	C:\Program Files\Java\jdk-17\bin\java.dll
0x00007ff917020000 - 0x00007ff9170f7000 	C:\Program Files\Java\jdk-17\bin\jsvml.dll
0x00007ff956db0000 - 0x00007ff95760c000 	C:\WINDOWS\System32\SHELL32.dll
0x00007ff952f10000 - 0x00007ff953806000 	C:\WINDOWS\SYSTEM32\windows.storage.dll
0x00007ff952dd0000 - 0x00007ff952f0e000 	C:\WINDOWS\SYSTEM32\wintypes.dll
0x00007ff957670000 - 0x00007ff957765000 	C:\WINDOWS\System32\SHCORE.dll
0x00007ff956cd0000 - 0x00007ff956d2e000 	C:\WINDOWS\System32\shlwapi.dll
0x00007ff954f00000 - 0x00007ff954f21000 	C:\WINDOWS\SYSTEM32\profapi.dll
0x00007ff93cda0000 - 0x00007ff93cdb9000 	C:\Program Files\Java\jdk-17\bin\net.dll
0x00007ff94e370000 - 0x00007ff94e4a6000 	C:\WINDOWS\SYSTEM32\WINHTTP.dll
0x00007ff954460000 - 0x00007ff9544c9000 	C:\WINDOWS\system32\mswsock.dll
0x00007ff933490000 - 0x00007ff9334a6000 	C:\Program Files\Java\jdk-17\bin\nio.dll
0x00007ff933470000 - 0x00007ff933488000 	C:\Program Files\Java\jdk-17\bin\zip.dll
0x00007ff950910000 - 0x00007ff95091a000 	C:\Program Files\Java\jdk-17\bin\management.dll
0x00007ff94f3c0000 - 0x00007ff94f3cb000 	C:\Program Files\Java\jdk-17\bin\management_ext.dll
0x00007ff8d6d30000 - 0x00007ff8d6d47000 	C:\WINDOWS\system32\napinsp.dll
0x00007ff8d6d10000 - 0x00007ff8d6d2b000 	C:\WINDOWS\system32\pnrpnsp.dll
0x00007ff953ae0000 - 0x00007ff953bd9000 	C:\WINDOWS\SYSTEM32\DNSAPI.dll
0x00007ff953ab0000 - 0x00007ff953add000 	C:\WINDOWS\SYSTEM32\IPHLPAPI.DLL
0x00007ff956a60000 - 0x00007ff956a69000 	C:\WINDOWS\System32\NSI.dll
0x00007ff8d5f30000 - 0x00007ff8d5f41000 	C:\WINDOWS\System32\winrnr.dll
0x00007ff94d660000 - 0x00007ff94d675000 	C:\WINDOWS\system32\wshbth.dll
0x00007ff8ebf20000 - 0x00007ff8ebf41000 	C:\WINDOWS\system32\nlansp_c.dll
0x00007ff940fb0000 - 0x00007ff940fba000 	C:\Windows\System32\rasadhlp.dll
0x00007ff94d2b0000 - 0x00007ff94d333000 	C:\WINDOWS\System32\fwpuclnt.dll
0x00007ff9546d0000 - 0x00007ff9546eb000 	C:\WINDOWS\SYSTEM32\CRYPTSP.dll
0x00007ff953f50000 - 0x00007ff953f85000 	C:\WINDOWS\system32\rsaenh.dll
0x00007ff954560000 - 0x00007ff954588000 	C:\WINDOWS\SYSTEM32\USERENV.dll
0x00007ff9546c0000 - 0x00007ff9546cc000 	C:\WINDOWS\SYSTEM32\CRYPTBASE.dll
0x00007ff94dd90000 - 0x00007ff94dda9000 	C:\WINDOWS\SYSTEM32\dhcpcsvc6.DLL
0x00007ff94dd30000 - 0x00007ff94dd4f000 	C:\WINDOWS\SYSTEM32\dhcpcsvc.DLL
0x00007ff93e850000 - 0x00007ff93e85e000 	C:\Program Files\Java\jdk-17\bin\sunmscapi.dll
0x00007ff955520000 - 0x00007ff955687000 	C:\WINDOWS\System32\CRYPT32.dll
0x00007ff9548f0000 - 0x00007ff95491e000 	C:\WINDOWS\SYSTEM32\ncrypt.dll
0x00007ff9548b0000 - 0x00007ff9548e7000 	C:\WINDOWS\SYSTEM32\NTASN1.dll
0x00007ff94e850000 - 0x00007ff94e860000 	C:\Program Files\Java\jdk-17\bin\verify.dll
0x00007ff93e740000 - 0x00007ff93e748000 	C:\WINDOWS\system32\wshunix.dll

dbghelp: loaded successfully - version: 4.0.5 - missing functions: none
symbol engine: initialized successfully - sym options: 0x614 - pdb path: .;C:\Program Files\Java\jdk-17\bin;C:\WINDOWS\SYSTEM32;C:\WINDOWS\WinSxS\amd64_microsoft.windows.common-controls_6595b64144ccf1df_6.0.22621.3527_none_270e469b73872a76;C:\Program Files\Java\jdk-17\bin\server

VM Arguments:
jvm_args: -XX:+ShowCodeDetailsInExceptionMessages -Dspring.jmx.enabled=true -Dmanagement.endpoints.jmx.exposure.include=* -Dspring.application.admin.enabled=true -Dspring.boot.project.name=quizzer -Djava.rmi.server.hostname=localhost -Dcom.sun.management.jmxremote.port=45557 -Dcom.sun.management.jmxremote.authenticate=false -Dcom.sun.management.jmxremote.ssl=false 
java_command: fi.haagahelia.quizzer.QuizzerApplication
java_class_path (initial): C:\Users\tasha\Desktop\HH\Software development 1\quizzer_app\target\classes;C:\Users\tasha\.m2\repository\org\springframework\boot\spring-boot-starter-actuator\3.2.0\spring-boot-starter-actuator-3.2.0.jar;C:\Users\tasha\.m2\repository\org\springframework\boot\spring-boot-starter\3.2.0\spring-boot-starter-3.2.0.jar;C:\Users\tasha\.m2\repository\org\springframework\boot\spring-boot-starter-logging\3.2.0\spring-boot-starter-logging-3.2.0.jar;C:\Users\tasha\.m2\repository\ch\qos\logback\logback-classic\1.4.11\logback-classic-1.4.11.jar;C:\Users\tasha\.m2\repository\ch\qos\logback\logback-core\1.4.11\logback-core-1.4.11.jar;C:\Users\tasha\.m2\repository\org\apache\logging\log4j\log4j-to-slf4j\2.21.1\log4j-to-slf4j-2.21.1.jar;C:\Users\tasha\.m2\repository\org\apache\logging\log4j\log4j-api\2.21.1\log4j-api-2.21.1.jar;C:\Users\tasha\.m2\repository\org\slf4j\jul-to-slf4j\2.0.9\jul-to-slf4j-2.0.9.jar;C:\Users\tasha\.m2\repository\jakarta\annotation\jakarta.annotation-api\2.1.1\jakarta.annotation-api-2.1.1.jar;C:\Users\tasha\.m2\repository\org\yaml\snakeyaml\2.2\snakeyaml-2.2.jar;C:\Users\tasha\.m2\repository\org\springframework\boot\spring-boot-actuator-autoconfigure\3.2.0\spring-boot-actuator-autoconfigure-3.2.0.jar;C:\Users\tasha\.m2\repository\org\springframework\boot\spring-boot-actuator\3.2.0\spring-boot-actuator-3.2.0.jar;C:\Users\tasha\.m2\repository\com\fasterxml\jackson\core\jackson-databind\2.15.3\jackson-databind-2.15.3.jar;C:\Users\tasha\.m2\repository\com\fasterxml\jackson\core\jackson-annotations\2.15.3\jackson-annotations-2.15.3.jar;C:\Users\tasha\.m2\repository\com\fasterxml\jackson\core\jackson-core\2.15.3\jackson-core-2.15.3.jar;C:\Users\tasha\.m2\repository\com\fasterxml\jackson\datatype\jackson-datatype-jsr310\2.15.3\jackson-datatype-jsr310-2.15.3.jar;C:\Users\tasha\.m2\repository\io\micrometer\micrometer-observation\1.12.0\micrometer-observation-1.12.0.jar;C:\Users\tasha\.m2\repository\io\micrometer\micrometer-commons\1.12.0\
Launcher Type: SUN_STANDARD

[Global flags]
     intx CICompilerCount                          = 4                                         {product} {ergonomic}
     uint ConcGCThreads                            = 2                                         {product} {ergonomic}
     uint G1ConcRefinementThreads                  = 8                                         {product} {ergonomic}
   size_t G1HeapRegionSize                         = 1048576                                   {product} {ergonomic}
    uintx GCDrainStackTargetSize                   = 64                                        {product} {ergonomic}
   size_t InitialHeapSize                          = 100663296                                 {product} {ergonomic}
     bool ManagementServer                         = true                                      {product} {command line}
   size_t MarkStackSize                            = 4194304                                   {product} {ergonomic}
   size_t MaxHeapSize                              = 1579155456                                {product} {ergonomic}
   size_t MaxNewSize                               = 946864128                                 {product} {ergonomic}
   size_t MinHeapDeltaBytes                        = 1048576                                   {product} {ergonomic}
   size_t MinHeapSize                              = 8388608                                   {product} {ergonomic}
    uintx NonNMethodCodeHeapSize                   = 5839372                                {pd product} {ergonomic}
    uintx NonProfiledCodeHeapSize                  = 122909434                              {pd product} {ergonomic}
    uintx ProfiledCodeHeapSize                     = 122909434                              {pd product} {ergonomic}
    uintx ReservedCodeCacheSize                    = 251658240                              {pd product} {ergonomic}
     bool SegmentedCodeCache                       = true                                      {product} {ergonomic}
     bool ShowCodeDetailsInExceptionMessages       = true                                   {manageable} {command line}
   size_t SoftMaxHeapSize                          = 1579155456                             {manageable} {ergonomic}
     bool UseCompressedClassPointers               = true                           {product lp64_product} {ergonomic}
     bool UseCompressedOops                        = true                           {product lp64_product} {ergonomic}
     bool UseG1GC                                  = true                                      {product} {ergonomic}
     bool UseLargePagesIndividualAllocation        = false                                  {pd product} {ergonomic}

Logging:
Log output configuration:
 #0: stdout all=warning uptime,level,tags
 #1: stderr all=off uptime,level,tags

Environment Variables:
JAVA_HOME=C:\Program Files\Java\jdk-17
PATH=C:\Program Files\WindowsApps\Microsoft.PowerShell_7.4.2.0_x64__8wekyb3d8bbwe;C:\Program Files\Common Files\Oracle\Java\javapath;C:\Program Files (x86)\Common Files\Oracle\Java\javapath;C:\ProgramData\Oracle\Java\javapath;C:\WINDOWS\system32;C:\WINDOWS;C:\WINDOWS\System32\Wbem;C:\WINDOWS\System32\WindowsPowerShell\v1.0\;C:\WINDOWS\System32\OpenSSH\;C:\Program Files\PixPlant2Photoshop\x64;C:\Program Files\PixPlant2Photoshop;C:\Program Files\Azure Data Studio\bin;C:\Program Files\Microsoft SQL Server\Client SDK\ODBC\170\Tools\Binn\;C:\Program Files (x86)\Microsoft SQL Server\150\Tools\Binn\;C:\Program Files\Microsoft SQL Server\150\Tools\Binn\;C:\Program Files\Microsoft SQL Server\150\DTS\Binn\;C:\Program Files (x86)\Microsoft SQL Server\160\Tools\Binn\;C:\Program Files\Microsoft SQL Server\160\Tools\Binn\;C:\Program Files\Microsoft SQL Server\160\DTS\Binn\;C:\Program Files (x86)\Microsoft SQL Server\160\DTS\Binn\;C:\Program Files\Git\cmd;C:\Dev\nodejs\;C:\Program Files\Java\jdk-17\bin;;C:\Program Files\HP\HP One Agent;C:\ProgramData\Oracle\Java\javapath;C:\WINDOWS\system32;C:\WINDOWS;C:\WINDOWS\System32\Wbem;C:\WINDOWS\System32\WindowsPowerShell\v1.0\;C:\WINDOWS\System32\OpenSSH\;C:\Program Files\PixPlant2Photoshop\x64;C:\Program Files\PixPlant2Photoshop;C:\Program Files\Azure Data Studio\bin;C:\Program Files\Microsoft SQL Server\Client SDK\ODBC\170\Tools\Binn\;C:\Program Files (x86)\Microsoft SQL Server\150\Tools\Binn\;C:\Program Files\Microsoft SQL Server\150\Tools\Binn\;C:\Program Files\Microsoft SQL Server\150\DTS\Binn\;C:\Program Files\Git\cmd;C:\Program Files (x86)\Microsoft SQL Server\160\Tools\Binn\;C:\Program Files\Microsoft SQL Server\160\Tools\Binn\;C:\Program Files\Microsoft SQL Server\160\DTS\Binn\;C:\Program Files (x86)\Microsoft SQL Server\160\DTS\Binn\;C:\Users\tasha\AppData\Local\Programs\Python\Python310\Scripts\;C:\Users\tasha\AppData\Local\Programs\Python\Python310\;C:\Users\tasha\AppData\Local\Microsoft\WindowsApps;;C:\Program Files\Azure Data S
USERNAME=Admin
LANG=en_US.UTF-8
OS=Windows_NT
PROCESSOR_IDENTIFIER=AMD64 Family 23 Model 24 Stepping 1, AuthenticAMD



---------------  S Y S T E M  ---------------

OS:
 Windows 11 , 64 bit Build 22621 (10.0.22621.3527)
OS uptime: 6 days 23:45 hours

CPU: total 8 (initial active 8) (8 cores per cpu, 2 threads per core) family 23 model 24 stepping 1 microcode 0x0, cx8, cmov, fxsr, ht, mmx, 3dnowpref, sse, sse2, sse3, ssse3, sse4a, sse4.1, sse4.2, popcnt, lzcnt, tsc, tscinvbit, avx, avx2, aes, clmul, bmi1, bmi2, adx, sha, fma, vzeroupper, clflush, clflushopt

Memory: 4k page, system-wide physical 6020M (244M free)
TotalPageFile size 24452M (AvailPageFile size 218M)
current process WorkingSet (physical memory assigned to process): 374M, peak: 477M
current process commit charge ("private bytes"): 564M, peak: 1038M

vm_info: Java HotSpot(TM) 64-Bit Server VM (17.0.10+11-LTS-240) for windows-amd64 JRE (17.0.10+11-LTS-240), built on Dec 19 2023 21:47:25 by "mach5one" with MS VC++ 17.1 (VS2022)

END.
