#
# There is insufficient memory for the Java Runtime Environment to continue.
# Native memory allocation (malloc) failed to allocate 2097152 bytes for AllocateHeap
# Possible reasons:
#   The system is out of physical RAM or swap space
#   The process is running with CompressedOops enabled, and the Java Heap may be blocking the growth of the native heap
# Possible solutions:
#   Reduce memory load on the system
#   Increase physical memory or swap space
#   Check if swap backing store is full
#   Decrease Java heap size (-Xmx/-Xms)
#   Decrease number of Java threads
#   Decrease Java thread stack sizes (-Xss)
#   Set larger code cache with -XX:ReservedCodeCacheSize=
#   JVM is running with Unscaled Compressed Oops mode in which the Java heap is
#     placed in the first 4GB address space. The Java Heap base address is the
#     maximum limit for the native heap growth. Please use -XX:HeapBaseMinAddress
#     to set the Java Heap base and to place the Java Heap above 4GB virtual address.
# This output file may be truncated or incomplete.
#
#  Out of Memory Error (allocation.cpp:44), pid=31832, tid=27160
#
# JRE version: OpenJDK Runtime Environment Temurin-17.0.10+7 (17.0.10+7) (build 17.0.10+7)
# Java VM: OpenJDK 64-Bit Server VM Temurin-17.0.10+7 (17.0.10+7, mixed mode, emulated-client, tiered, compressed oops, compressed class ptrs, g1 gc, windows-amd64)
# No core dump will be written. Minidumps are not enabled by default on client versions of Windows
#

---------------  S U M M A R Y ------------

Command Line: -XX:+HeapDumpOnOutOfMemoryError -Xmx1024m -Dsts.lsp.client=vscode -Dsts.log.file=/dev/null -XX:TieredStopAtLevel=1 -Xlog:jni+resolve=off -Dspring.config.location=file:c:\Users\tasha\.vscode\extensions\vmware.vscode-spring-boot-1.53.0\language-server\BOOT-INF\classes\application.properties org.springframework.ide.vscode.boot.app.BootLanguageServerBootApp

Host: AMD Ryzen 5 3500U with Radeon Vega Mobile Gfx  , 8 cores, 5G,  Windows 11 , 64 bit Build 22621 (10.0.22621.3374)
Time: Mon Apr 15 15:58:28 2024 FLE Daylight Time elapsed time: 278006.375137 seconds (3d 5h 13m 26s)

---------------  T H R E A D  ---------------

Current thread (0x000001656f1dd090):  VMThread "VM Thread" [stack: 0x000000118fc00000,0x000000118fd00000] [id=27160]

Stack: [0x000000118fc00000,0x000000118fd00000]
Native frames: (J=compiled Java code, j=interpreted, Vv=VM code, C=native code)
V  [jvm.dll+0x67d2c9]
V  [jvm.dll+0x834afa]
V  [jvm.dll+0x8365be]
V  [jvm.dll+0x836c23]
V  [jvm.dll+0x2477ff]
V  [jvm.dll+0xa6c93]
V  [jvm.dll+0x2f86f1]
V  [jvm.dll+0x2f42e0]
V  [jvm.dll+0x2dc8c7]
V  [jvm.dll+0x31fb87]
V  [jvm.dll+0x83b11b]
V  [jvm.dll+0x83be61]
V  [jvm.dll+0x83c37d]
V  [jvm.dll+0x83c754]
V  [jvm.dll+0x83c820]
V  [jvm.dll+0x7e3fba]
V  [jvm.dll+0x67c1b5]
C  [ucrtbase.dll+0x29333]
C  [KERNEL32.DLL+0x1257d]
C  [ntdll.dll+0x5aa48]

VM_Operation (0x00000011913fea80): G1CollectFull, mode: safepoint, requested by thread 0x000001656fe8bbb0


---------------  P R O C E S S  ---------------

Threads class SMR info:
_java_thread_list=0x0000016574ea6000, length=27, elements={
0x000001656f1eabd0, 0x000001656f1eb960, 0x000001656f33a4a0, 0x000001656f33bf80,
0x000001656f33e860, 0x000001656f33f130, 0x000001656f33fa00, 0x000001656f221f60,
0x000001656f546bf0, 0x000001656f55e030, 0x00000165744afd50, 0x000001656fe8bbb0,
0x00000165749ab020, 0x00000165643fa950, 0x0000016574d07060, 0x000001656fcf2170,
0x00000165744167f0, 0x00000165744153b0, 0x0000016574414ea0, 0x0000016576227380,
0x0000016576227da0, 0x0000016576228cd0, 0x000001657622b040, 0x00000165762291e0,
0x0000016576229c00, 0x0000016576223bd0, 0x00000165762240e0
}

Java Threads: ( => current thread )
  0x000001656f1eabd0 JavaThread "Reference Handler" daemon [_thread_blocked, id=3236, stack(0x000000118fd00000,0x000000118fe00000)]
  0x000001656f1eb960 JavaThread "Finalizer" daemon [_thread_blocked, id=34620, stack(0x000000118fe00000,0x000000118ff00000)]
  0x000001656f33a4a0 JavaThread "Signal Dispatcher" daemon [_thread_blocked, id=33092, stack(0x000000118ff00000,0x0000001190000000)]
  0x000001656f33bf80 JavaThread "Attach Listener" daemon [_thread_blocked, id=26844, stack(0x0000001190000000,0x0000001190100000)]
  0x000001656f33e860 JavaThread "Service Thread" daemon [_thread_blocked, id=34448, stack(0x0000001190100000,0x0000001190200000)]
  0x000001656f33f130 JavaThread "Monitor Deflation Thread" daemon [_thread_blocked, id=33912, stack(0x0000001190200000,0x0000001190300000)]
  0x000001656f33fa00 JavaThread "C1 CompilerThread0" daemon [_thread_blocked, id=36664, stack(0x0000001190300000,0x0000001190400000)]
  0x000001656f221f60 JavaThread "Sweeper thread" daemon [_thread_blocked, id=33484, stack(0x0000001190400000,0x0000001190500000)]
  0x000001656f546bf0 JavaThread "Notification Thread" daemon [_thread_blocked, id=23388, stack(0x0000001190500000,0x0000001190600000)]
  0x000001656f55e030 JavaThread "Common-Cleaner" daemon [_thread_blocked, id=29732, stack(0x0000001190700000,0x0000001190800000)]
  0x00000165744afd50 JavaThread "boundedElastic-evictor-1" daemon [_thread_blocked, id=31320, stack(0x0000001190e00000,0x0000001190f00000)]
  0x000001656fe8bbb0 JavaThread "pool-13-thread-1" [_thread_blocked, id=35284, stack(0x0000001191300000,0x0000001191400000)]
  0x00000165749ab020 JavaThread "LanguageServerApp-lifecycle" [_thread_blocked, id=32096, stack(0x0000001191400000,0x0000001191500000)]
  0x00000165643fa950 JavaThread "DestroyJavaVM" [_thread_blocked, id=13452, stack(0x000000118f600000,0x000000118f700000)]
  0x0000016574d07060 JavaThread "pool-14-thread-1" [_thread_in_native, id=35888, stack(0x0000001191500000,0x0000001191600000)]
  0x000001656fcf2170 JavaThread "Simple-Language-Server main thread" daemon [_thread_blocked, id=36524, stack(0x0000001191600000,0x0000001191700000)]
  0x00000165744167f0 JavaThread "parallel-1" daemon [_thread_blocked, id=29896, stack(0x0000001191b00000,0x0000001191c00000)]
  0x00000165744153b0 JavaThread "pool-6-thread-1" [_thread_blocked, id=31060, stack(0x0000001191c00000,0x0000001191d00000)]
  0x0000016574414ea0 JavaThread "parallel-2" daemon [_thread_blocked, id=25812, stack(0x0000001191d00000,0x0000001191e00000)]
  0x0000016576227380 JavaThread "pool-8-thread-1" [_thread_blocked, id=26440, stack(0x000000118f300000,0x000000118f400000)]
  0x0000016576227da0 JavaThread "parallel-3" daemon [_thread_blocked, id=36320, stack(0x000000118f400000,0x000000118f500000)]
  0x0000016576228cd0 JavaThread "parallel-4" daemon [_thread_blocked, id=36836, stack(0x000000118f500000,0x000000118f600000)]
  0x000001657622b040 JavaThread "Reconciler-1" daemon [_thread_blocked, id=29668, stack(0x0000001191f00000,0x0000001192000000)]
  0x00000165762291e0 JavaThread "parallel-5" daemon [_thread_blocked, id=24992, stack(0x0000001192700000,0x0000001192800000)]
  0x0000016576229c00 JavaThread "parallel-6" daemon [_thread_blocked, id=31876, stack(0x0000001192900000,0x0000001192a00000)]
  0x0000016576223bd0 JavaThread "parallel-7" daemon [_thread_blocked, id=33180, stack(0x0000001192a00000,0x0000001192b00000)]
  0x00000165762240e0 JavaThread "parallel-8" daemon [_thread_blocked, id=20996, stack(0x0000001192b00000,0x0000001192c00000)]

Other Threads:
=>0x000001656f1dd090 VMThread "VM Thread" [stack: 0x000000118fc00000,0x000000118fd00000] [id=27160]
  0x000001656f17aff0 WatcherThread [stack: 0x0000001190600000,0x0000001190700000] [id=30872]
  0x0000016564438ac0 GCTaskThread "GC Thread#0" [stack: 0x000000118f700000,0x000000118f800000] [id=34880]
  0x000001656f82e4e0 GCTaskThread "GC Thread#1" [stack: 0x0000001190900000,0x0000001190a00000] [id=34696]
  0x000001656f4d1b10 GCTaskThread "GC Thread#2" [stack: 0x0000001190a00000,0x0000001190b00000] [id=29728]
  0x00000165741f1950 GCTaskThread "GC Thread#3" [stack: 0x0000001190b00000,0x0000001190c00000] [id=20620]
  0x0000016574302e50 GCTaskThread "GC Thread#4" [stack: 0x0000001190c00000,0x0000001190d00000] [id=29212]
  0x0000016574303110 GCTaskThread "GC Thread#5" [stack: 0x0000001190d00000,0x0000001190e00000] [id=33668]
  0x0000016574303690 GCTaskThread "GC Thread#6" [stack: 0x0000001191000000,0x0000001191100000] [id=34432]
  0x0000016574303950 GCTaskThread "GC Thread#7" [stack: 0x0000001191100000,0x0000001191200000] [id=30960]
  0x0000016564441920 ConcurrentGCThread "G1 Main Marker" [stack: 0x000000118f800000,0x000000118f900000] [id=30736]
  0x0000016564442250 ConcurrentGCThread "G1 Conc#0" [stack: 0x000000118f900000,0x000000118fa00000] [id=33604]
  0x0000016574303c10 ConcurrentGCThread "G1 Conc#1" [stack: 0x0000001191200000,0x0000001191300000] [id=26488]
  0x0000016564498960 ConcurrentGCThread "G1 Refine#0" [stack: 0x000000118fa00000,0x000000118fb00000] [id=25528]
  0x00000165644992a0 ConcurrentGCThread "G1 Service" [stack: 0x000000118fb00000,0x000000118fc00000] [id=30632]

Threads with active compile tasks:

VM state: at safepoint (normal execution)

VM Mutex/Monitor currently owned by a thread:  ([mutex/lock_event])
[0x0000016562248020] Threads_lock - owner thread: 0x000001656f1dd090
[0x0000016562242970] Heap_lock - owner thread: 0x000001656fe8bbb0

Heap address: 0x00000000c0000000, size: 1024 MB, Compressed Oops mode: 32-bit

CDS archive(s) not mapped
Compressed class space mapped at: 0x0000000100000000-0x0000000140000000, reserved size: 1073741824
Narrow klass base: 0x0000000000000000, Narrow klass shift: 3, Narrow klass range: 0x140000000

GC Precious Log:
 CPUs: 8 total, 8 available
 Memory: 6020M
 Large Page Support: Disabled
 NUMA Support: Disabled
 Compressed Oops: Enabled (32-bit)
 Heap Region Size: 1M
 Heap Min Capacity: 8M
 Heap Initial Capacity: 96M
 Heap Max Capacity: 1G
 Pre-touch: Disabled
 Parallel Workers: 8
 Concurrent Workers: 2
 Concurrent Refinement Workers: 8
 Periodic GC: Disabled

Heap:
 garbage-first heap   total 126976K, used 37102K [0x00000000c0000000, 0x0000000100000000)
  region size 1024K, 1 young (1024K), 0 survivors (0K)
 Metaspace       used 60639K, committed 61184K, reserved 1114112K
  class space    used 7583K, committed 7808K, reserved 1048576K

Heap Regions: E=young(eden), S=young(survivor), O=old, HS=humongous(starts), HC=humongous(continues), CS=collection set, F=free, OA=open archive, CA=closed archive, TAMS=top-at-mark-start (previous, next)
|   0|0x00000000c0000000, 0x00000000c0100000, 0x00000000c0100000|100%|HS|  |TAMS 0x00000000c0100000, 0x00000000c0000000| Untracked 
|   1|0x00000000c0100000, 0x00000000c0200000, 0x00000000c0200000|100%|HC|  |TAMS 0x00000000c0200000, 0x00000000c0100000| Untracked 
|   2|0x00000000c0200000, 0x00000000c0300000, 0x00000000c0300000|100%|HC|  |TAMS 0x00000000c0300000, 0x00000000c0200000| Untracked 
|   3|0x00000000c0300000, 0x00000000c0400000, 0x00000000c0400000|100%|HC|  |TAMS 0x00000000c0400000, 0x00000000c0300000| Untracked 
|   4|0x00000000c0400000, 0x00000000c0500000, 0x00000000c0500000|100%|HS|  |TAMS 0x00000000c0500000, 0x00000000c0400000| Untracked 
|   5|0x00000000c0500000, 0x00000000c0600000, 0x00000000c0600000|100%|HC|  |TAMS 0x00000000c0600000, 0x00000000c0500000| Untracked 
|   6|0x00000000c0600000, 0x00000000c0700000, 0x00000000c0700000|100%| O|  |TAMS 0x00000000c0700000, 0x00000000c0600000| Untracked 
|   7|0x00000000c0700000, 0x00000000c0800000, 0x00000000c0800000|100%| O|  |TAMS 0x00000000c0800000, 0x00000000c0700000| Untracked 
|   8|0x00000000c0800000, 0x00000000c0900000, 0x00000000c0900000|100%| O|  |TAMS 0x00000000c0900000, 0x00000000c0800000| Untracked 
|   9|0x00000000c0900000, 0x00000000c09ffff8, 0x00000000c0a00000| 99%| O|  |TAMS 0x00000000c09ffff8, 0x00000000c0900000| Untracked 
|  10|0x00000000c0a00000, 0x00000000c0b00000, 0x00000000c0b00000|100%| O|  |TAMS 0x00000000c0b00000, 0x00000000c0a00000| Untracked 
|  11|0x00000000c0b00000, 0x00000000c0c00000, 0x00000000c0c00000|100%| O|  |TAMS 0x00000000c0c00000, 0x00000000c0b00000| Untracked 
|  12|0x00000000c0c00000, 0x00000000c0d00000, 0x00000000c0d00000|100%| O|  |TAMS 0x00000000c0d00000, 0x00000000c0c00000| Untracked 
|  13|0x00000000c0d00000, 0x00000000c0e00000, 0x00000000c0e00000|100%| O|  |TAMS 0x00000000c0e00000, 0x00000000c0d00000| Untracked 
|  14|0x00000000c0e00000, 0x00000000c0f00000, 0x00000000c0f00000|100%| O|  |TAMS 0x00000000c0f00000, 0x00000000c0e00000| Untracked 
|  15|0x00000000c0f00000, 0x00000000c1000000, 0x00000000c1000000|100%| O|  |TAMS 0x00000000c1000000, 0x00000000c0f00000| Untracked 
|  16|0x00000000c1000000, 0x00000000c10fea68, 0x00000000c1100000| 99%| O|  |TAMS 0x00000000c10fea68, 0x00000000c1000000| Untracked 
|  17|0x00000000c1100000, 0x00000000c11fffa8, 0x00000000c1200000| 99%| O|  |TAMS 0x00000000c11fffa8, 0x00000000c1100000| Untracked 
|  18|0x00000000c1200000, 0x00000000c12fd3d0, 0x00000000c1300000| 98%| O|  |TAMS 0x00000000c12fd3d0, 0x00000000c1200000| Untracked 
|  19|0x00000000c1300000, 0x00000000c1400000, 0x00000000c1400000|100%| O|  |TAMS 0x00000000c1400000, 0x00000000c1300000| Untracked 
|  20|0x00000000c1400000, 0x00000000c1500000, 0x00000000c1500000|100%| O|  |TAMS 0x00000000c1500000, 0x00000000c1400000| Untracked 
|  21|0x00000000c1500000, 0x00000000c15fffe0, 0x00000000c1600000| 99%| O|  |TAMS 0x00000000c15fffe0, 0x00000000c1500000| Untracked 
|  22|0x00000000c1600000, 0x00000000c16fffa8, 0x00000000c1700000| 99%| O|  |TAMS 0x00000000c16fffa8, 0x00000000c1600000| Untracked 
|  23|0x00000000c1700000, 0x00000000c17fffc8, 0x00000000c1800000| 99%| O|  |TAMS 0x00000000c17fffc8, 0x00000000c1700000| Untracked 
|  24|0x00000000c1800000, 0x00000000c18fee50, 0x00000000c1900000| 99%| O|  |TAMS 0x00000000c18fee50, 0x00000000c1800000| Untracked 
|  25|0x00000000c1900000, 0x00000000c1a00000, 0x00000000c1a00000|100%| O|  |TAMS 0x00000000c1a00000, 0x00000000c1900000| Untracked 
|  26|0x00000000c1a00000, 0x00000000c1af74e8, 0x00000000c1b00000| 96%| O|  |TAMS 0x00000000c1af74e8, 0x00000000c1a00000| Untracked 
|  27|0x00000000c1b00000, 0x00000000c1bffff0, 0x00000000c1c00000| 99%| O|  |TAMS 0x00000000c1bffff0, 0x00000000c1b00000| Untracked 
|  28|0x00000000c1c00000, 0x00000000c1cfffa0, 0x00000000c1d00000| 99%| O|  |TAMS 0x00000000c1cfffa0, 0x00000000c1c00000| Untracked 
|  29|0x00000000c1d00000, 0x00000000c1dfd380, 0x00000000c1e00000| 98%| O|  |TAMS 0x00000000c1dfd380, 0x00000000c1d00000| Untracked 
|  30|0x00000000c1e00000, 0x00000000c1efff00, 0x00000000c1f00000| 99%| O|  |TAMS 0x00000000c1efff00, 0x00000000c1e00000| Untracked 
|  31|0x00000000c1f00000, 0x00000000c1ff59a8, 0x00000000c2000000| 95%| O|  |TAMS 0x00000000c1ff59a8, 0x00000000c1f00000| Untracked 
|  32|0x00000000c2000000, 0x00000000c20fffe8, 0x00000000c2100000| 99%| O|  |TAMS 0x00000000c20fffe8, 0x00000000c2000000| Untracked 
|  33|0x00000000c2100000, 0x00000000c21ffcf8, 0x00000000c2200000| 99%| O|  |TAMS 0x00000000c21ffcf8, 0x00000000c2100000| Untracked 
|  34|0x00000000c2200000, 0x00000000c2300000, 0x00000000c2300000|100%| O|  |TAMS 0x00000000c2300000, 0x00000000c2200000| Untracked 
|  35|0x00000000c2300000, 0x00000000c2400000, 0x00000000c2400000|100%|HS|  |TAMS 0x00000000c2400000, 0x00000000c2300000| Untracked 
|  36|0x00000000c2400000, 0x00000000c2456ff0, 0x00000000c2500000| 33%| O|  |TAMS 0x00000000c2400000, 0x00000000c2400000| Untracked 
|  37|0x00000000c2500000, 0x00000000c2500000, 0x00000000c2600000|  0%| F|  |TAMS 0x00000000c2500000, 0x00000000c2500000| Untracked 
|  38|0x00000000c2600000, 0x00000000c2600000, 0x00000000c2700000|  0%| F|  |TAMS 0x00000000c2600000, 0x00000000c2600000| Untracked 
|  39|0x00000000c2700000, 0x00000000c2700000, 0x00000000c2800000|  0%| F|  |TAMS 0x00000000c2700000, 0x00000000c2700000| Untracked 
|  40|0x00000000c2800000, 0x00000000c2800000, 0x00000000c2900000|  0%| F|  |TAMS 0x00000000c2800000, 0x00000000c2800000| Untracked 
|  41|0x00000000c2900000, 0x00000000c2900000, 0x00000000c2a00000|  0%| F|  |TAMS 0x00000000c2900000, 0x00000000c2900000| Untracked 
|  42|0x00000000c2a00000, 0x00000000c2a00000, 0x00000000c2b00000|  0%| F|  |TAMS 0x00000000c2a00000, 0x00000000c2a00000| Untracked 
|  43|0x00000000c2b00000, 0x00000000c2b00000, 0x00000000c2c00000|  0%| F|  |TAMS 0x00000000c2b00000, 0x00000000c2b00000| Untracked 
|  44|0x00000000c2c00000, 0x00000000c2c00000, 0x00000000c2d00000|  0%| F|  |TAMS 0x00000000c2c00000, 0x00000000c2c00000| Untracked 
|  45|0x00000000c2d00000, 0x00000000c2d00000, 0x00000000c2e00000|  0%| F|  |TAMS 0x00000000c2d00000, 0x00000000c2d00000| Untracked 
|  46|0x00000000c2e00000, 0x00000000c2e00000, 0x00000000c2f00000|  0%| F|  |TAMS 0x00000000c2e00000, 0x00000000c2e00000| Untracked 
|  47|0x00000000c2f00000, 0x00000000c2f00000, 0x00000000c3000000|  0%| F|  |TAMS 0x00000000c2f00000, 0x00000000c2f00000| Untracked 
|  48|0x00000000c3000000, 0x00000000c3000000, 0x00000000c3100000|  0%| F|  |TAMS 0x00000000c3000000, 0x00000000c3000000| Untracked 
|  49|0x00000000c3100000, 0x00000000c3100000, 0x00000000c3200000|  0%| F|  |TAMS 0x00000000c3100000, 0x00000000c3100000| Untracked 
|  50|0x00000000c3200000, 0x00000000c3200000, 0x00000000c3300000|  0%| F|  |TAMS 0x00000000c3200000, 0x00000000c3200000| Untracked 
|  51|0x00000000c3300000, 0x00000000c3300000, 0x00000000c3400000|  0%| F|  |TAMS 0x00000000c3300000, 0x00000000c3300000| Untracked 
|  52|0x00000000c3400000, 0x00000000c3400000, 0x00000000c3500000|  0%| F|  |TAMS 0x00000000c3400000, 0x00000000c3400000| Untracked 
|  53|0x00000000c3500000, 0x00000000c3500000, 0x00000000c3600000|  0%| F|  |TAMS 0x00000000c3500000, 0x00000000c3500000| Untracked 
|  54|0x00000000c3600000, 0x00000000c3600000, 0x00000000c3700000|  0%| F|  |TAMS 0x00000000c3600000, 0x00000000c3600000| Untracked 
|  55|0x00000000c3700000, 0x00000000c3700000, 0x00000000c3800000|  0%| F|  |TAMS 0x00000000c3700000, 0x00000000c3700000| Untracked 
|  56|0x00000000c3800000, 0x00000000c3800000, 0x00000000c3900000|  0%| F|  |TAMS 0x00000000c3800000, 0x00000000c3800000| Untracked 
|  57|0x00000000c3900000, 0x00000000c3900000, 0x00000000c3a00000|  0%| F|  |TAMS 0x00000000c3900000, 0x00000000c3900000| Untracked 
|  58|0x00000000c3a00000, 0x00000000c3a00000, 0x00000000c3b00000|  0%| F|  |TAMS 0x00000000c3a00000, 0x00000000c3a00000| Untracked 
|  59|0x00000000c3b00000, 0x00000000c3b00000, 0x00000000c3c00000|  0%| F|  |TAMS 0x00000000c3b00000, 0x00000000c3b00000| Untracked 
|  60|0x00000000c3c00000, 0x00000000c3c00000, 0x00000000c3d00000|  0%| F|  |TAMS 0x00000000c3c00000, 0x00000000c3c00000| Untracked 
|  61|0x00000000c3d00000, 0x00000000c3d00068, 0x00000000c3e00000|  0%| O|  |TAMS 0x00000000c3d00000, 0x00000000c3d00000| Untracked 
|  62|0x00000000c3e00000, 0x00000000c3e00000, 0x00000000c3f00000|  0%| F|  |TAMS 0x00000000c3e00000, 0x00000000c3e00000| Untracked 
|  63|0x00000000c3f00000, 0x00000000c3f00000, 0x00000000c4000000|  0%| F|  |TAMS 0x00000000c3f00000, 0x00000000c3f00000| Untracked 
|  64|0x00000000c4000000, 0x00000000c4000000, 0x00000000c4100000|  0%| F|  |TAMS 0x00000000c4000000, 0x00000000c4000000| Untracked 
|  65|0x00000000c4100000, 0x00000000c4100000, 0x00000000c4200000|  0%| F|  |TAMS 0x00000000c4100000, 0x00000000c4100000| Untracked 
|  66|0x00000000c4200000, 0x00000000c4200000, 0x00000000c4300000|  0%| F|  |TAMS 0x00000000c4200000, 0x00000000c4200000| Untracked 
|  67|0x00000000c4300000, 0x00000000c4300000, 0x00000000c4400000|  0%| F|  |TAMS 0x00000000c4300000, 0x00000000c4300000| Untracked 
|  68|0x00000000c4400000, 0x00000000c4400000, 0x00000000c4500000|  0%| F|  |TAMS 0x00000000c4400000, 0x00000000c4400000| Untracked 
|  69|0x00000000c4500000, 0x00000000c4500000, 0x00000000c4600000|  0%| F|  |TAMS 0x00000000c4500000, 0x00000000c4500000| Untracked 
|  70|0x00000000c4600000, 0x00000000c4600000, 0x00000000c4700000|  0%| F|  |TAMS 0x00000000c4600000, 0x00000000c4600000| Untracked 
|  71|0x00000000c4700000, 0x00000000c4700000, 0x00000000c4800000|  0%| F|  |TAMS 0x00000000c4700000, 0x00000000c4700000| Untracked 
|  72|0x00000000c4800000, 0x00000000c4800000, 0x00000000c4900000|  0%| F|  |TAMS 0x00000000c4800000, 0x00000000c4800000| Untracked 
|  73|0x00000000c4900000, 0x00000000c4900000, 0x00000000c4a00000|  0%| F|  |TAMS 0x00000000c4900000, 0x00000000c4900000| Untracked 
|  74|0x00000000c4a00000, 0x00000000c4a00000, 0x00000000c4b00000|  0%| F|  |TAMS 0x00000000c4a00000, 0x00000000c4a00000| Untracked 
|  75|0x00000000c4b00000, 0x00000000c4b00000, 0x00000000c4c00000|  0%| F|  |TAMS 0x00000000c4b00000, 0x00000000c4b00000| Untracked 
|  76|0x00000000c4c00000, 0x00000000c4c00000, 0x00000000c4d00000|  0%| F|  |TAMS 0x00000000c4c00000, 0x00000000c4c00000| Untracked 
|  77|0x00000000c4d00000, 0x00000000c4d00000, 0x00000000c4e00000|  0%| F|  |TAMS 0x00000000c4d00000, 0x00000000c4d00000| Untracked 
|  78|0x00000000c4e00000, 0x00000000c4e00000, 0x00000000c4f00000|  0%| F|  |TAMS 0x00000000c4e00000, 0x00000000c4e00000| Untracked 
|  79|0x00000000c4f00000, 0x00000000c4f00000, 0x00000000c5000000|  0%| F|  |TAMS 0x00000000c4f00000, 0x00000000c4f00000| Untracked 
|  80|0x00000000c5000000, 0x00000000c5000000, 0x00000000c5100000|  0%| F|  |TAMS 0x00000000c5000000, 0x00000000c5000000| Untracked 
|  81|0x00000000c5100000, 0x00000000c5100000, 0x00000000c5200000|  0%| F|  |TAMS 0x00000000c5100000, 0x00000000c5100000| Untracked 
|  82|0x00000000c5200000, 0x00000000c5200000, 0x00000000c5300000|  0%| F|  |TAMS 0x00000000c5200000, 0x00000000c5200000| Untracked 
|  83|0x00000000c5300000, 0x00000000c5300000, 0x00000000c5400000|  0%| F|  |TAMS 0x00000000c5300000, 0x00000000c5300000| Untracked 
|  84|0x00000000c5400000, 0x00000000c5400000, 0x00000000c5500000|  0%| F|  |TAMS 0x00000000c5400000, 0x00000000c5400000| Untracked 
|  85|0x00000000c5500000, 0x00000000c5500000, 0x00000000c5600000|  0%| F|  |TAMS 0x00000000c5500000, 0x00000000c5500000| Untracked 
|  86|0x00000000c5600000, 0x00000000c5600000, 0x00000000c5700000|  0%| F|  |TAMS 0x00000000c5600000, 0x00000000c5600000| Untracked 
|  87|0x00000000c5700000, 0x00000000c5700000, 0x00000000c5800000|  0%| F|  |TAMS 0x00000000c5700000, 0x00000000c5700000| Untracked 
|  88|0x00000000c5800000, 0x00000000c5800000, 0x00000000c5900000|  0%| F|  |TAMS 0x00000000c5800000, 0x00000000c5800000| Untracked 
|  89|0x00000000c5900000, 0x00000000c5900000, 0x00000000c5a00000|  0%| F|  |TAMS 0x00000000c5900000, 0x00000000c5900000| Untracked 
|  90|0x00000000c5a00000, 0x00000000c5a00000, 0x00000000c5b00000|  0%| F|  |TAMS 0x00000000c5a00000, 0x00000000c5a00000| Untracked 
|  91|0x00000000c5b00000, 0x00000000c5b00000, 0x00000000c5c00000|  0%| F|  |TAMS 0x00000000c5b00000, 0x00000000c5b00000| Untracked 
|  92|0x00000000c5c00000, 0x00000000c5c00000, 0x00000000c5d00000|  0%| F|  |TAMS 0x00000000c5c00000, 0x00000000c5c00000| Untracked 
|  93|0x00000000c5d00000, 0x00000000c5d00000, 0x00000000c5e00000|  0%| F|  |TAMS 0x00000000c5d00000, 0x00000000c5d00000| Untracked 
|  94|0x00000000c5e00000, 0x00000000c5e00000, 0x00000000c5f00000|  0%| F|  |TAMS 0x00000000c5e00000, 0x00000000c5e00000| Untracked 
|  95|0x00000000c5f00000, 0x00000000c5f00000, 0x00000000c6000000|  0%| F|  |TAMS 0x00000000c5f00000, 0x00000000c5f00000| Untracked 
|  96|0x00000000c6000000, 0x00000000c6000000, 0x00000000c6100000|  0%| F|  |TAMS 0x00000000c6000000, 0x00000000c6000000| Untracked 
|  97|0x00000000c6100000, 0x00000000c6100000, 0x00000000c6200000|  0%| F|  |TAMS 0x00000000c6100000, 0x00000000c6100000| Untracked 
|  98|0x00000000c6200000, 0x00000000c6200000, 0x00000000c6300000|  0%| F|  |TAMS 0x00000000c6200000, 0x00000000c6200000| Untracked 
|  99|0x00000000c6300000, 0x00000000c6300000, 0x00000000c6400000|  0%| F|  |TAMS 0x00000000c6300000, 0x00000000c6300000| Untracked 
| 100|0x00000000c6400000, 0x00000000c6400000, 0x00000000c6500000|  0%| F|  |TAMS 0x00000000c6400000, 0x00000000c6400000| Untracked 
| 101|0x00000000c6500000, 0x00000000c6500000, 0x00000000c6600000|  0%| F|  |TAMS 0x00000000c6500000, 0x00000000c6500000| Untracked 
| 102|0x00000000c6600000, 0x00000000c6600000, 0x00000000c6700000|  0%| F|  |TAMS 0x00000000c6600000, 0x00000000c6600000| Untracked 
| 103|0x00000000c6700000, 0x00000000c6700000, 0x00000000c6800000|  0%| F|  |TAMS 0x00000000c6700000, 0x00000000c6700000| Untracked 
| 104|0x00000000c6800000, 0x00000000c6800000, 0x00000000c6900000|  0%| F|  |TAMS 0x00000000c6800000, 0x00000000c6800000| Untracked 
| 105|0x00000000c6900000, 0x00000000c6900000, 0x00000000c6a00000|  0%| F|  |TAMS 0x00000000c6900000, 0x00000000c6900000| Untracked 
| 106|0x00000000c6a00000, 0x00000000c6a00000, 0x00000000c6b00000|  0%| F|  |TAMS 0x00000000c6a00000, 0x00000000c6a00000| Untracked 
| 107|0x00000000c6b00000, 0x00000000c6b00000, 0x00000000c6c00000|  0%| F|  |TAMS 0x00000000c6b00000, 0x00000000c6b00000| Untracked 
| 108|0x00000000c6c00000, 0x00000000c6c00000, 0x00000000c6d00000|  0%| F|  |TAMS 0x00000000c6c00000, 0x00000000c6c00000| Untracked 
| 109|0x00000000c6d00000, 0x00000000c6d00000, 0x00000000c6e00000|  0%| F|  |TAMS 0x00000000c6d00000, 0x00000000c6d00000| Untracked 
| 110|0x00000000c6e00000, 0x00000000c6e00000, 0x00000000c6f00000|  0%| F|  |TAMS 0x00000000c6e00000, 0x00000000c6e00000| Untracked 
| 111|0x00000000c6f00000, 0x00000000c6f00000, 0x00000000c7000000|  0%| F|  |TAMS 0x00000000c6f00000, 0x00000000c6f00000| Untracked 
| 112|0x00000000c7000000, 0x00000000c7000000, 0x00000000c7100000|  0%| F|  |TAMS 0x00000000c7000000, 0x00000000c7000000| Untracked 
| 113|0x00000000c7100000, 0x00000000c7100000, 0x00000000c7200000|  0%| F|  |TAMS 0x00000000c7100000, 0x00000000c7100000| Untracked 
| 114|0x00000000c7200000, 0x00000000c7200000, 0x00000000c7300000|  0%| F|  |TAMS 0x00000000c7200000, 0x00000000c7200000| Untracked 
| 115|0x00000000c7300000, 0x00000000c7300000, 0x00000000c7400000|  0%| F|  |TAMS 0x00000000c7300000, 0x00000000c7300000| Untracked 
| 116|0x00000000c7400000, 0x00000000c7400000, 0x00000000c7500000|  0%| F|  |TAMS 0x00000000c7400000, 0x00000000c7400000| Untracked 
| 117|0x00000000c7500000, 0x00000000c7500000, 0x00000000c7600000|  0%| F|  |TAMS 0x00000000c7500000, 0x00000000c7500000| Untracked 
| 118|0x00000000c7600000, 0x00000000c7600000, 0x00000000c7700000|  0%| F|  |TAMS 0x00000000c7600000, 0x00000000c7600000| Untracked 
| 119|0x00000000c7700000, 0x00000000c7700000, 0x00000000c7800000|  0%| F|  |TAMS 0x00000000c7700000, 0x00000000c7700000| Untracked 
| 120|0x00000000c7800000, 0x00000000c7800000, 0x00000000c7900000|  0%| F|  |TAMS 0x00000000c7800000, 0x00000000c7800000| Untracked 
| 121|0x00000000c7900000, 0x00000000c7900000, 0x00000000c7a00000|  0%| F|  |TAMS 0x00000000c7900000, 0x00000000c7900000| Untracked 
| 122|0x00000000c7a00000, 0x00000000c7a00000, 0x00000000c7b00000|  0%| F|  |TAMS 0x00000000c7a00000, 0x00000000c7a00000| Untracked 
| 123|0x00000000c7b00000, 0x00000000c7b058a8, 0x00000000c7c00000|  2%| E|  |TAMS 0x00000000c7b00000, 0x00000000c7b00000| Complete 

Card table byte_map: [0x000001656a390000,0x000001656a590000] _byte_map_base: 0x0000016569d90000

Marking Bits (Prev, Next): (CMBitMap*) 0x0000016564439030, (CMBitMap*) 0x0000016564438ff0
 Prev Bits: [0x000001656b790000, 0x000001656c790000)
 Next Bits: [0x000001656a790000, 0x000001656b790000)

Polling page: 0x0000016562370000

Metaspace:

Usage:
  Non-class:     51.81 MB used.
      Class:      7.41 MB used.
       Both:     59.22 MB used.

Virtual space:
  Non-class space:       64.00 MB reserved,      52.12 MB ( 81%) committed,  1 nodes.
      Class space:        1.00 GB reserved,       7.62 MB ( <1%) committed,  1 nodes.
             Both:        1.06 GB reserved,      59.75 MB (  5%) committed. 

Chunk freelists:
   Non-Class:  11.96 MB
       Class:  8.37 MB
        Both:  20.34 MB

MaxMetaspaceSize: unlimited
CompressedClassSpaceSize: 1.00 GB
Initial GC threshold: 21.00 MB
Current GC threshold: 99.50 MB
CDS: off
MetaspaceReclaimPolicy: balanced
 - commit_granule_bytes: 65536.
 - commit_granule_words: 8192.
 - virtual_space_node_default_size: 8388608.
 - enlarge_chunks_in_place: 1.
 - new_chunks_are_fully_committed: 0.
 - uncommit_free_chunks: 1.
 - use_allocation_guard: 0.
 - handle_deallocations: 1.


Internal statistics:

num_allocs_failed_limit: 15.
num_arena_births: 1234.
num_arena_deaths: 704.
num_vsnodes_births: 2.
num_vsnodes_deaths: 0.
num_space_committed: 960.
num_space_uncommitted: 4.
num_chunks_returned_to_freelist: 962.
num_chunks_taken_from_freelist: 3500.
num_chunk_merges: 326.
num_chunk_splits: 2108.
num_chunks_enlarged: 1422.
num_inconsistent_stats: 0.

CodeCache: size=49152Kb used=20793Kb max_used=21597Kb free=28358Kb
 bounds [0x0000016567080000, 0x00000165685e0000, 0x000001656a080000]
 total_blobs=11293 nmethods=10610 adapters=605
 compilation: enabled
              stopped_count=0, restarted_count=0
 full_count=0

Compilation events (20 events):
Event: 276668.122 Thread 0x000001656f33fa00 10769       1       org.eclipse.jdt.internal.compiler.ast.UnaryExpression::resolveType (503 bytes)
Event: 276668.139 Thread 0x000001656f33fa00 nmethod 10769 0x0000016568439010 code [0x00000165684392e0, 0x0000016568439f38]
Event: 276668.139 Thread 0x000001656f33fa00 10770       1       org.eclipse.jdt.core.dom.ASTConverter::convert (135 bytes)
Event: 276668.154 Thread 0x000001656f33fa00 nmethod 10770 0x0000016568438390 code [0x0000016568438600, 0x0000016568438c88]
Event: 276668.154 Thread 0x000001656f33fa00 10771       1       org.eclipse.jdt.core.dom.PrefixExpression::<init> (18 bytes)
Event: 276668.155 Thread 0x000001656f33fa00 nmethod 10771 0x0000016568437f90 code [0x0000016568438140, 0x00000165684382a8]
Event: 276668.155 Thread 0x000001656f33fa00 10772       1       org.eclipse.jdt.core.dom.PrefixExpression::setOperand (41 bytes)
Event: 276668.155 Thread 0x000001656f33fa00 nmethod 10772 0x0000016568437a90 code [0x0000016568437c40, 0x0000016568437e68]
Event: 276668.156 Thread 0x000001656f33fa00 10773       1       org.eclipse.jdt.core.dom.PrefixExpression::setOperator (32 bytes)
Event: 276668.156 Thread 0x000001656f33fa00 nmethod 10773 0x0000016568437490 code [0x0000016568437640, 0x0000016568437868]
Event: 276671.838 Thread 0x000001656f33fa00 10774       1       java.util.stream.FindOps$FindSink::accept (18 bytes)
Event: 276671.838 Thread 0x000001656f33fa00 nmethod 10774 0x00000165685d4510 code [0x00000165685d46a0, 0x00000165685d47b8]
Event: 276671.841 Thread 0x000001656f33fa00 10775       1       org.eclipse.jdt.internal.compiler.batch.ClasspathDirectory::reset (18 bytes)
Event: 276671.843 Thread 0x000001656f33fa00 nmethod 10775 0x00000165685d4090 code [0x00000165685d4260, 0x00000165685d4448]
Event: 276673.878 Thread 0x000001656f33fa00 10776       1       org.eclipse.jdt.core.dom.DefaultASTVisitor::visit (6 bytes)
Event: 276673.878 Thread 0x000001656f33fa00 nmethod 10776 0x00000165685d3d90 code [0x00000165685d3f20, 0x00000165685d4008]
Event: 276673.878 Thread 0x000001656f33fa00 10777       1       org.eclipse.jdt.core.dom.DefaultASTVisitor::endVisit (6 bytes)
Event: 276673.878 Thread 0x000001656f33fa00 nmethod 10777 0x00000165685d3a90 code [0x00000165685d3c20, 0x00000165685d3d08]
Event: 277666.057 Thread 0x000001656f33fa00 10778       1       java.util.concurrent.ThreadPoolExecutor::runStateLessThan (11 bytes)
Event: 277666.057 Thread 0x000001656f33fa00 nmethod 10778 0x00000165685d3790 code [0x00000165685d3920, 0x00000165685d39d8]

GC Heap History (20 events):
Event: 277899.105 GC heap before
{Heap before GC invocations=10440 (full 10269):
 garbage-first heap   total 126976K, used 37102K [0x00000000c0000000, 0x0000000100000000)
  region size 1024K, 1 young (1024K), 0 survivors (0K)
 Metaspace       used 60639K, committed 61184K, reserved 1114112K
  class space    used 7583K, committed 7808K, reserved 1048576K
}
Event: 277899.151 GC heap after
{Heap after GC invocations=10441 (full 10270):
 garbage-first heap   total 126976K, used 37102K [0x00000000c0000000, 0x0000000100000000)
  region size 1024K, 0 young (0K), 0 survivors (0K)
 Metaspace       used 60639K, committed 61184K, reserved 1114112K
  class space    used 7583K, committed 7808K, reserved 1048576K
}
Event: 277909.750 GC heap before
{Heap before GC invocations=10441 (full 10270):
 garbage-first heap   total 126976K, used 37102K [0x00000000c0000000, 0x0000000100000000)
  region size 1024K, 1 young (1024K), 0 survivors (0K)
 Metaspace       used 60639K, committed 61184K, reserved 1114112K
  class space    used 7583K, committed 7808K, reserved 1048576K
}
Event: 277909.801 GC heap after
{Heap after GC invocations=10442 (full 10271):
 garbage-first heap   total 126976K, used 37102K [0x00000000c0000000, 0x0000000100000000)
  region size 1024K, 0 young (0K), 0 survivors (0K)
 Metaspace       used 60639K, committed 61184K, reserved 1114112K
  class space    used 7583K, committed 7808K, reserved 1048576K
}
Event: 277920.362 GC heap before
{Heap before GC invocations=10442 (full 10271):
 garbage-first heap   total 126976K, used 37102K [0x00000000c0000000, 0x0000000100000000)
  region size 1024K, 1 young (1024K), 0 survivors (0K)
 Metaspace       used 60639K, committed 61184K, reserved 1114112K
  class space    used 7583K, committed 7808K, reserved 1048576K
}
Event: 277920.409 GC heap after
{Heap after GC invocations=10443 (full 10272):
 garbage-first heap   total 126976K, used 37102K [0x00000000c0000000, 0x0000000100000000)
  region size 1024K, 0 young (0K), 0 survivors (0K)
 Metaspace       used 60639K, committed 61184K, reserved 1114112K
  class space    used 7583K, committed 7808K, reserved 1048576K
}
Event: 277930.951 GC heap before
{Heap before GC invocations=10443 (full 10272):
 garbage-first heap   total 126976K, used 37102K [0x00000000c0000000, 0x0000000100000000)
  region size 1024K, 1 young (1024K), 0 survivors (0K)
 Metaspace       used 60639K, committed 61184K, reserved 1114112K
  class space    used 7583K, committed 7808K, reserved 1048576K
}
Event: 277931.002 GC heap after
{Heap after GC invocations=10444 (full 10273):
 garbage-first heap   total 126976K, used 37102K [0x00000000c0000000, 0x0000000100000000)
  region size 1024K, 0 young (0K), 0 survivors (0K)
 Metaspace       used 60639K, committed 61184K, reserved 1114112K
  class space    used 7583K, committed 7808K, reserved 1048576K
}
Event: 277941.496 GC heap before
{Heap before GC invocations=10444 (full 10273):
 garbage-first heap   total 126976K, used 37102K [0x00000000c0000000, 0x0000000100000000)
  region size 1024K, 1 young (1024K), 0 survivors (0K)
 Metaspace       used 60639K, committed 61184K, reserved 1114112K
  class space    used 7583K, committed 7808K, reserved 1048576K
}
Event: 277941.545 GC heap after
{Heap after GC invocations=10445 (full 10274):
 garbage-first heap   total 126976K, used 37102K [0x00000000c0000000, 0x0000000100000000)
  region size 1024K, 0 young (0K), 0 survivors (0K)
 Metaspace       used 60639K, committed 61184K, reserved 1114112K
  class space    used 7583K, committed 7808K, reserved 1048576K
}
Event: 277952.119 GC heap before
{Heap before GC invocations=10445 (full 10274):
 garbage-first heap   total 126976K, used 37102K [0x00000000c0000000, 0x0000000100000000)
  region size 1024K, 1 young (1024K), 0 survivors (0K)
 Metaspace       used 60639K, committed 61184K, reserved 1114112K
  class space    used 7583K, committed 7808K, reserved 1048576K
}
Event: 277952.170 GC heap after
{Heap after GC invocations=10446 (full 10275):
 garbage-first heap   total 126976K, used 37102K [0x00000000c0000000, 0x0000000100000000)
  region size 1024K, 0 young (0K), 0 survivors (0K)
 Metaspace       used 60639K, committed 61184K, reserved 1114112K
  class space    used 7583K, committed 7808K, reserved 1048576K
}
Event: 277962.729 GC heap before
{Heap before GC invocations=10446 (full 10275):
 garbage-first heap   total 126976K, used 37102K [0x00000000c0000000, 0x0000000100000000)
  region size 1024K, 1 young (1024K), 0 survivors (0K)
 Metaspace       used 60639K, committed 61184K, reserved 1114112K
  class space    used 7583K, committed 7808K, reserved 1048576K
}
Event: 277962.789 GC heap after
{Heap after GC invocations=10447 (full 10276):
 garbage-first heap   total 126976K, used 37102K [0x00000000c0000000, 0x0000000100000000)
  region size 1024K, 0 young (0K), 0 survivors (0K)
 Metaspace       used 60639K, committed 61184K, reserved 1114112K
  class space    used 7583K, committed 7808K, reserved 1048576K
}
Event: 277973.348 GC heap before
{Heap before GC invocations=10447 (full 10276):
 garbage-first heap   total 126976K, used 37102K [0x00000000c0000000, 0x0000000100000000)
  region size 1024K, 1 young (1024K), 0 survivors (0K)
 Metaspace       used 60639K, committed 61184K, reserved 1114112K
  class space    used 7583K, committed 7808K, reserved 1048576K
}
Event: 277973.395 GC heap after
{Heap after GC invocations=10448 (full 10277):
 garbage-first heap   total 126976K, used 37102K [0x00000000c0000000, 0x0000000100000000)
  region size 1024K, 0 young (0K), 0 survivors (0K)
 Metaspace       used 60639K, committed 61184K, reserved 1114112K
  class space    used 7583K, committed 7808K, reserved 1048576K
}
Event: 277984.014 GC heap before
{Heap before GC invocations=10448 (full 10277):
 garbage-first heap   total 126976K, used 37102K [0x00000000c0000000, 0x0000000100000000)
  region size 1024K, 1 young (1024K), 0 survivors (0K)
 Metaspace       used 60639K, committed 61184K, reserved 1114112K
  class space    used 7583K, committed 7808K, reserved 1048576K
}
Event: 277984.058 GC heap after
{Heap after GC invocations=10449 (full 10278):
 garbage-first heap   total 126976K, used 37102K [0x00000000c0000000, 0x0000000100000000)
  region size 1024K, 0 young (0K), 0 survivors (0K)
 Metaspace       used 60639K, committed 61184K, reserved 1114112K
  class space    used 7583K, committed 7808K, reserved 1048576K
}
Event: 277994.694 GC heap before
{Heap before GC invocations=10449 (full 10278):
 garbage-first heap   total 126976K, used 37102K [0x00000000c0000000, 0x0000000100000000)
  region size 1024K, 1 young (1024K), 0 survivors (0K)
 Metaspace       used 60639K, committed 61184K, reserved 1114112K
  class space    used 7583K, committed 7808K, reserved 1048576K
}
Event: 277994.759 GC heap after
{Heap after GC invocations=10450 (full 10279):
 garbage-first heap   total 126976K, used 37102K [0x00000000c0000000, 0x0000000100000000)
  region size 1024K, 0 young (0K), 0 survivors (0K)
 Metaspace       used 60639K, committed 61184K, reserved 1114112K
  class space    used 7583K, committed 7808K, reserved 1048576K
}

Dll operation events (10 events):
Event: 0.037 Loaded shared library c:\Users\tasha\.vscode\extensions\redhat.java-1.29.0-win32-x64\jre\17.0.10-win32-x86_64\bin\java.dll
Event: 0.937 Loaded shared library C:\Users\tasha\.vscode\extensions\redhat.java-1.29.0-win32-x64\jre\17.0.10-win32-x86_64\bin\net.dll
Event: 0.943 Loaded shared library C:\Users\tasha\.vscode\extensions\redhat.java-1.29.0-win32-x64\jre\17.0.10-win32-x86_64\bin\nio.dll
Event: 2.079 Loaded shared library C:\Users\tasha\.vscode\extensions\redhat.java-1.29.0-win32-x64\jre\17.0.10-win32-x86_64\bin\zip.dll
Event: 26.676 Loaded shared library C:\Users\tasha\.vscode\extensions\redhat.java-1.29.0-win32-x64\jre\17.0.10-win32-x86_64\bin\jimage.dll
Event: 33.360 Loaded shared library c:\Users\tasha\.vscode\extensions\redhat.java-1.29.0-win32-x64\jre\17.0.10-win32-x86_64\bin\verify.dll
Event: 45.728 Loaded shared library C:\Users\tasha\.vscode\extensions\redhat.java-1.29.0-win32-x64\jre\17.0.10-win32-x86_64\bin\management.dll
Event: 45.740 Loaded shared library C:\Users\tasha\.vscode\extensions\redhat.java-1.29.0-win32-x64\jre\17.0.10-win32-x86_64\bin\management_ext.dll
Event: 48.584 Loaded shared library C:\Users\tasha\.vscode\extensions\redhat.java-1.29.0-win32-x64\jre\17.0.10-win32-x86_64\bin\sunmscapi.dll
Event: 49.137 Loaded shared library C:\Users\tasha\.vscode\extensions\redhat.java-1.29.0-win32-x64\jre\17.0.10-win32-x86_64\bin\extnet.dll

Deoptimization events (20 events):
Event: 46.961 Thread 0x00000165744153b0 DEOPT PACKING pc=0x0000016567575697 sp=0x0000001191cfed30
Event: 46.962 Thread 0x00000165744153b0 DEOPT UNPACKING pc=0x00000165670d7143 sp=0x0000001191cfe188 mode 3
Event: 48.728 Thread 0x0000016574418140 DEOPT PACKING pc=0x00000165671e018c sp=0x0000001191ffae20
Event: 48.728 Thread 0x0000016574418140 DEOPT UNPACKING pc=0x00000165670d7143 sp=0x0000001191ffa2e8 mode 0
Event: 52.025 Thread 0x00000165744153b0 DEOPT PACKING pc=0x0000016567a9e10c sp=0x0000001191cfe160
Event: 52.025 Thread 0x00000165744153b0 DEOPT UNPACKING pc=0x00000165670d7143 sp=0x0000001191cfd6e0 mode 0
Event: 52.025 Thread 0x00000165744153b0 DEOPT PACKING pc=0x0000016567a9e10c sp=0x0000001191cfe3c0
Event: 52.025 Thread 0x00000165744153b0 DEOPT UNPACKING pc=0x00000165670d7143 sp=0x0000001191cfd940 mode 0
Event: 52.033 Thread 0x00000165744153b0 DEOPT PACKING pc=0x0000016567a9e10c sp=0x0000001191cfe840
Event: 52.034 Thread 0x00000165744153b0 DEOPT UNPACKING pc=0x00000165670d7143 sp=0x0000001191cfddc0 mode 0
Event: 147.125 Thread 0x0000016574d07060 DEOPT PACKING pc=0x0000016567686a54 sp=0x00000011915fedc0
Event: 147.126 Thread 0x0000016574d07060 DEOPT UNPACKING pc=0x00000165670d7143 sp=0x00000011915fe268 mode 0
Event: 9660.075 Thread 0x0000016576225f40 DEOPT PACKING pc=0x0000016567ed46cc sp=0x00000011917fe010
Event: 9660.076 Thread 0x0000016576225f40 DEOPT UNPACKING pc=0x00000165670d7143 sp=0x00000011917fd610 mode 0
Event: 9733.335 Thread 0x0000016576225f40 DEOPT PACKING pc=0x0000016567c8fa26 sp=0x00000011917fe3f0
Event: 9733.335 Thread 0x0000016576225f40 DEOPT UNPACKING pc=0x00000165670d7143 sp=0x00000011917fd978 mode 0
Event: 258253.307 Thread 0x0000016576225f40 DEOPT PACKING pc=0x00000165681a5cac sp=0x00000011908fdc50
Event: 258253.310 Thread 0x0000016576225f40 DEOPT UNPACKING pc=0x00000165670d7143 sp=0x00000011908fd160 mode 0
Event: 258253.311 Thread 0x0000016576225f40 DEOPT PACKING pc=0x0000016568166ccc sp=0x00000011908fdeb0
Event: 258253.313 Thread 0x0000016576225f40 DEOPT UNPACKING pc=0x00000165670d7143 sp=0x00000011908fd458 mode 0

Classes unloaded (20 events):
Event: 275324.788 Thread 0x000001656f1dd090 Unloading class 0x00000001007a1400 'jdk/internal/reflect/GeneratedConstructorAccessor140'
Event: 275324.788 Thread 0x000001656f1dd090 Unloading class 0x00000001007a1000 'jdk/internal/reflect/GeneratedConstructorAccessor139'
Event: 275324.788 Thread 0x000001656f1dd090 Unloading class 0x0000000100774800 'jdk/internal/reflect/GeneratedConstructorAccessor138'
Event: 275324.788 Thread 0x000001656f1dd090 Unloading class 0x00000001007a1c00 'jdk/internal/reflect/GeneratedConstructorAccessor137'
Event: 275324.788 Thread 0x000001656f1dd090 Unloading class 0x00000001007a4000 'jdk/internal/reflect/GeneratedConstructorAccessor136'
Event: 275453.357 Thread 0x000001656f1dd090 Unloading class 0x00000001007a1c00 'jdk/internal/reflect/GeneratedConstructorAccessor142'
Event: 275553.483 Thread 0x000001656f1dd090 Unloading class 0x0000000100774400 'jdk/internal/reflect/GeneratedConstructorAccessor147'
Event: 275553.483 Thread 0x000001656f1dd090 Unloading class 0x0000000100774000 'jdk/internal/reflect/GeneratedConstructorAccessor146'
Event: 275553.483 Thread 0x000001656f1dd090 Unloading class 0x00000001007a1400 'jdk/internal/reflect/GeneratedConstructorAccessor145'
Event: 275731.854 Thread 0x000001656f1dd090 Unloading class 0x00000001007a3000 'jdk/internal/reflect/GeneratedConstructorAccessor150'
Event: 275731.854 Thread 0x000001656f1dd090 Unloading class 0x00000001007a2c00 'jdk/internal/reflect/GeneratedMethodAccessor113'
Event: 275731.854 Thread 0x000001656f1dd090 Unloading class 0x00000001007a2800 'jdk/internal/reflect/GeneratedConstructorAccessor149'
Event: 275731.854 Thread 0x000001656f1dd090 Unloading class 0x00000001007a2400 'jdk/internal/reflect/GeneratedMethodAccessor112'
Event: 275731.854 Thread 0x000001656f1dd090 Unloading class 0x00000001007a2000 'jdk/internal/reflect/GeneratedConstructorAccessor148'
Event: 275731.854 Thread 0x000001656f1dd090 Unloading class 0x00000001007a0400 'jdk/internal/reflect/GeneratedMethodAccessor111'
Event: 275731.854 Thread 0x000001656f1dd090 Unloading class 0x00000001007a0000 'jdk/internal/reflect/GeneratedMethodAccessor110'
Event: 275731.854 Thread 0x000001656f1dd090 Unloading class 0x00000001007a1c00 'jdk/internal/reflect/GeneratedMethodAccessor109'
Event: 275731.854 Thread 0x000001656f1dd090 Unloading class 0x00000001007a1000 'jdk/internal/reflect/GeneratedConstructorAccessor144'
Event: 275731.854 Thread 0x000001656f1dd090 Unloading class 0x00000001007a4000 'jdk/internal/reflect/GeneratedConstructorAccessor143'
Event: 275731.854 Thread 0x000001656f1dd090 Unloading class 0x0000000100774800 'jdk/internal/reflect/GeneratedConstructorAccessor141'

Classes redefined (0 events):
No events

Internal exceptions (20 events):
Event: 258254.197 Thread 0x00000165744153b0 Exception <a 'java/lang/NoSuchMethodError'{0x00000000c34669b8}: 'java.lang.Object java.lang.invoke.DirectMethodHandle$Holder.invokeStaticInit(java.lang.Object, java.lang.Object, java.lang.Object, java.lang.Object)'> (0x00000000c34669b8) 
thrown [s\src\hotspot\share\interpreter\linkResolver.cpp, line 759]
Event: 258254.207 Thread 0x00000165744153b0 Exception <a 'java/lang/IncompatibleClassChangeError'{0x00000000c3480ee0}: Found class java.lang.Object, but interface was expected> (0x00000000c3480ee0) 
thrown [s\src\hotspot\share\interpreter\linkResolver.cpp, line 826]
Event: 258254.213 Thread 0x00000165744153b0 Exception <a 'java/lang/IncompatibleClassChangeError'{0x00000000c349b428}: Found class java.lang.Object, but interface was expected> (0x00000000c349b428) 
thrown [s\src\hotspot\share\interpreter\linkResolver.cpp, line 826]
Event: 258254.240 Thread 0x00000165744153b0 Exception <a 'java/lang/IncompatibleClassChangeError'{0x00000000c34ecff8}: Found class java.lang.Object, but interface was expected> (0x00000000c34ecff8) 
thrown [s\src\hotspot\share\interpreter\linkResolver.cpp, line 826]
Event: 264612.253 Thread 0x0000016576224b00 Implicit null exception at 0x0000016567dd9d37 to 0x0000016567dd9e5a
Event: 264612.257 Thread 0x0000016576224b00 Exception <a 'java/lang/NullPointerException'{0x00000000c4163fb8}> (0x00000000c4163fb8) 
thrown [s\src\hotspot\share\runtime\sharedRuntime.cpp, line 631]
Event: 265021.539 Thread 0x0000016576226e70 Implicit null exception at 0x0000016567dd9d37 to 0x0000016567dd9e5a
Event: 265021.557 Thread 0x0000016576226e70 Exception <a 'java/lang/NullPointerException'{0x00000000c5f52a20}> (0x00000000c5f52a20) 
thrown [s\src\hotspot\share\runtime\sharedRuntime.cpp, line 631]
Event: 275412.949 Thread 0x00000165744153b0 Exception <a 'sun/nio/fs/WindowsException'{0x00000000c4961698}> (0x00000000c4961698) 
thrown [s\src\hotspot\share\prims\jni.cpp, line 516]
Event: 275412.950 Thread 0x00000165744153b0 Exception <a 'sun/nio/fs/WindowsException'{0x00000000c49621a0}> (0x00000000c49621a0) 
thrown [s\src\hotspot\share\prims\jni.cpp, line 516]
Event: 275412.950 Thread 0x00000165744153b0 Exception <a 'sun/nio/fs/WindowsException'{0x00000000c4962c88}> (0x00000000c4962c88) 
thrown [s\src\hotspot\share\prims\jni.cpp, line 516]
Event: 275412.951 Thread 0x00000165744153b0 Exception <a 'sun/nio/fs/WindowsException'{0x00000000c4963790}> (0x00000000c4963790) 
thrown [s\src\hotspot\share\prims\jni.cpp, line 516]
Event: 275412.951 Thread 0x00000165744153b0 Exception <a 'sun/nio/fs/WindowsException'{0x00000000c4964398}> (0x00000000c4964398) 
thrown [s\src\hotspot\share\prims\jni.cpp, line 516]
Event: 275412.951 Thread 0x00000165744153b0 Exception <a 'sun/nio/fs/WindowsException'{0x00000000c4965008}> (0x00000000c4965008) 
thrown [s\src\hotspot\share\prims\jni.cpp, line 516]
Event: 275412.951 Thread 0x00000165744153b0 Exception <a 'sun/nio/fs/WindowsException'{0x00000000c4966690}> (0x00000000c4966690) 
thrown [s\src\hotspot\share\prims\jni.cpp, line 516]
Event: 275412.951 Thread 0x00000165744153b0 Exception <a 'sun/nio/fs/WindowsException'{0x00000000c4967198}> (0x00000000c4967198) 
thrown [s\src\hotspot\share\prims\jni.cpp, line 516]
Event: 275412.951 Thread 0x00000165744153b0 Exception <a 'sun/nio/fs/WindowsException'{0x00000000c4967c80}> (0x00000000c4967c80) 
thrown [s\src\hotspot\share\prims\jni.cpp, line 516]
Event: 275412.952 Thread 0x00000165744153b0 Exception <a 'sun/nio/fs/WindowsException'{0x00000000c4968788}> (0x00000000c4968788) 
thrown [s\src\hotspot\share\prims\jni.cpp, line 516]
Event: 275412.952 Thread 0x00000165744153b0 Exception <a 'sun/nio/fs/WindowsException'{0x00000000c4969390}> (0x00000000c4969390) 
thrown [s\src\hotspot\share\prims\jni.cpp, line 516]
Event: 275412.952 Thread 0x00000165744153b0 Exception <a 'sun/nio/fs/WindowsException'{0x00000000c496a000}> (0x00000000c496a000) 
thrown [s\src\hotspot\share\prims\jni.cpp, line 516]

VM Operations (20 events):
Event: 277899.151 Executing VM operation: G1CollectFull done
Event: 277909.750 Executing VM operation: G1CollectFull
Event: 277909.801 Executing VM operation: G1CollectFull done
Event: 277920.362 Executing VM operation: G1CollectFull
Event: 277920.409 Executing VM operation: G1CollectFull done
Event: 277930.950 Executing VM operation: G1CollectFull
Event: 277931.002 Executing VM operation: G1CollectFull done
Event: 277941.496 Executing VM operation: G1CollectFull
Event: 277941.546 Executing VM operation: G1CollectFull done
Event: 277952.118 Executing VM operation: G1CollectFull
Event: 277952.170 Executing VM operation: G1CollectFull done
Event: 277962.729 Executing VM operation: G1CollectFull
Event: 277962.789 Executing VM operation: G1CollectFull done
Event: 277973.348 Executing VM operation: G1CollectFull
Event: 277973.395 Executing VM operation: G1CollectFull done
Event: 277984.014 Executing VM operation: G1CollectFull
Event: 277984.058 Executing VM operation: G1CollectFull done
Event: 277994.694 Executing VM operation: G1CollectFull
Event: 277994.759 Executing VM operation: G1CollectFull done
Event: 278006.352 Executing VM operation: G1CollectFull

Events (20 events):
Event: 276728.595 Thread 0x0000016576225f40 Thread exited: 0x0000016576225f40
Event: 276733.045 Thread 0x00000165762282b0 Thread exited: 0x00000165762282b0
Event: 276733.884 Thread 0x00000165762287c0 Thread exited: 0x00000165762287c0
Event: 276733.917 Thread 0x0000016576225010 Thread exited: 0x0000016576225010
Event: 276934.585 Thread 0x000001657622ab30 Thread added: 0x000001657622ab30
Event: 276994.604 Thread 0x000001657622ab30 Thread exited: 0x000001657622ab30
Event: 276996.589 Thread 0x0000016576227890 Thread added: 0x0000016576227890
Event: 277056.599 Thread 0x0000016576227890 Thread exited: 0x0000016576227890
Event: 277088.993 Thread 0x000001657622ab30 Thread added: 0x000001657622ab30
Event: 277149.001 Thread 0x000001657622ab30 Thread exited: 0x000001657622ab30
Event: 277605.635 Thread 0x00000165762287c0 Thread added: 0x00000165762287c0
Event: 277605.639 Thread 0x0000016576225010 Thread added: 0x0000016576225010
Event: 277605.650 Thread 0x0000016576225f40 Thread added: 0x0000016576225f40
Event: 277605.736 Thread 0x0000016576226e70 Thread added: 0x0000016576226e70
Event: 277605.959 Thread 0x000001657622ab30 Thread added: 0x000001657622ab30
Event: 277666.055 Thread 0x0000016576225f40 Thread exited: 0x0000016576225f40
Event: 277666.102 Thread 0x000001657622ab30 Thread exited: 0x000001657622ab30
Event: 277666.117 Thread 0x0000016576226e70 Thread exited: 0x0000016576226e70
Event: 277667.002 Thread 0x00000165762287c0 Thread exited: 0x00000165762287c0
Event: 277683.448 Thread 0x0000016576225010 Thread exited: 0x0000016576225010


Dynamic libraries:
0x00007ff73d5b0000 - 0x00007ff73d5be000 	c:\Users\tasha\.vscode\extensions\redhat.java-1.29.0-win32-x64\jre\17.0.10-win32-x86_64\bin\java.exe
0x00007ff9ece50000 - 0x00007ff9ed066000 	C:\WINDOWS\SYSTEM32\ntdll.dll
0x00007ff9eb5d0000 - 0x00007ff9eb694000 	C:\WINDOWS\System32\KERNEL32.DLL
0x00007ff9ea450000 - 0x00007ff9ea7f7000 	C:\WINDOWS\System32\KERNELBASE.dll
0x00007ff9ea170000 - 0x00007ff9ea281000 	C:\WINDOWS\System32\ucrtbase.dll
0x00007ff9b2790000 - 0x00007ff9b27a7000 	c:\Users\tasha\.vscode\extensions\redhat.java-1.29.0-win32-x64\jre\17.0.10-win32-x86_64\bin\jli.dll
0x00007ff9eb0c0000 - 0x00007ff9eb26e000 	C:\WINDOWS\System32\USER32.dll
0x00007ff9ea960000 - 0x00007ff9ea986000 	C:\WINDOWS\System32\win32u.dll
0x00007ff9eb4d0000 - 0x00007ff9eb4f9000 	C:\WINDOWS\System32\GDI32.dll
0x00007ff9ea330000 - 0x00007ff9ea449000 	C:\WINDOWS\System32\gdi32full.dll
0x00007ff9ea290000 - 0x00007ff9ea32a000 	C:\WINDOWS\System32\msvcp_win.dll
0x00007ff9a9880000 - 0x00007ff9a989b000 	c:\Users\tasha\.vscode\extensions\redhat.java-1.29.0-win32-x64\jre\17.0.10-win32-x86_64\bin\VCRUNTIME140.dll
0x00007ff9cf9f0000 - 0x00007ff9cfc83000 	C:\WINDOWS\WinSxS\amd64_microsoft.windows.common-controls_6595b64144ccf1df_6.0.22621.3235_none_270f74e173860f98\COMCTL32.dll
0x00007ff9ec840000 - 0x00007ff9ec8e7000 	C:\WINDOWS\System32\msvcrt.dll
0x00007ff9eab80000 - 0x00007ff9eabb1000 	C:\WINDOWS\System32\IMM32.DLL
0x00007ff9d2620000 - 0x00007ff9d262c000 	c:\Users\tasha\.vscode\extensions\redhat.java-1.29.0-win32-x64\jre\17.0.10-win32-x86_64\bin\vcruntime140_1.dll
0x00007ff989de0000 - 0x00007ff989e6d000 	c:\Users\tasha\.vscode\extensions\redhat.java-1.29.0-win32-x64\jre\17.0.10-win32-x86_64\bin\msvcp140.dll
0x00007ff935750000 - 0x00007ff9363b2000 	c:\Users\tasha\.vscode\extensions\redhat.java-1.29.0-win32-x64\jre\17.0.10-win32-x86_64\bin\server\jvm.dll
0x00007ff9ec9c0000 - 0x00007ff9eca72000 	C:\WINDOWS\System32\ADVAPI32.dll
0x00007ff9eabd0000 - 0x00007ff9eac78000 	C:\WINDOWS\System32\sechost.dll
0x00007ff9ea930000 - 0x00007ff9ea958000 	C:\WINDOWS\System32\bcrypt.dll
0x00007ff9ecc40000 - 0x00007ff9ecd55000 	C:\WINDOWS\System32\RPCRT4.dll
0x00007ff9d0990000 - 0x00007ff9d0999000 	C:\WINDOWS\SYSTEM32\WSOCK32.dll
0x00007ff9ebef0000 - 0x00007ff9ebf61000 	C:\WINDOWS\System32\WS2_32.dll
0x00007ff9e2ad0000 - 0x00007ff9e2b04000 	C:\WINDOWS\SYSTEM32\WINMM.dll
0x00007ff9e4220000 - 0x00007ff9e422a000 	C:\WINDOWS\SYSTEM32\VERSION.dll
0x00007ff9e9e90000 - 0x00007ff9e9edd000 	C:\WINDOWS\SYSTEM32\POWRPROF.dll
0x00007ff9e9dc0000 - 0x00007ff9e9dd3000 	C:\WINDOWS\SYSTEM32\UMPDC.dll
0x00007ff9e91b0000 - 0x00007ff9e91c8000 	C:\WINDOWS\SYSTEM32\kernel.appcore.dll
0x00007ff9c7330000 - 0x00007ff9c733a000 	c:\Users\tasha\.vscode\extensions\redhat.java-1.29.0-win32-x64\jre\17.0.10-win32-x86_64\bin\jimage.dll
0x00007ff9df790000 - 0x00007ff9df9c3000 	C:\WINDOWS\SYSTEM32\DBGHELP.DLL
0x00007ff9ebb20000 - 0x00007ff9ebea8000 	C:\WINDOWS\System32\combase.dll
0x00007ff9eb270000 - 0x00007ff9eb347000 	C:\WINDOWS\System32\OLEAUT32.dll
0x00007ff9cf930000 - 0x00007ff9cf962000 	C:\WINDOWS\SYSTEM32\dbgcore.DLL
0x00007ff9eab00000 - 0x00007ff9eab79000 	C:\WINDOWS\System32\bcryptPrimitives.dll
0x00007ff996030000 - 0x00007ff996055000 	c:\Users\tasha\.vscode\extensions\redhat.java-1.29.0-win32-x64\jre\17.0.10-win32-x86_64\bin\java.dll
0x00007ff9a94c0000 - 0x00007ff9a94d8000 	c:\Users\tasha\.vscode\extensions\redhat.java-1.29.0-win32-x64\jre\17.0.10-win32-x86_64\bin\zip.dll
0x00007ff9ebf70000 - 0x00007ff9ec7cc000 	C:\WINDOWS\System32\SHELL32.dll
0x00007ff9e80d0000 - 0x00007ff9e89c9000 	C:\WINDOWS\SYSTEM32\windows.storage.dll
0x00007ff9e7f90000 - 0x00007ff9e80ce000 	C:\WINDOWS\SYSTEM32\wintypes.dll
0x00007ff9eae30000 - 0x00007ff9eaf23000 	C:\WINDOWS\System32\SHCORE.dll
0x00007ff9ec7d0000 - 0x00007ff9ec82e000 	C:\WINDOWS\System32\shlwapi.dll
0x00007ff9ea0a0000 - 0x00007ff9ea0c1000 	C:\WINDOWS\SYSTEM32\profapi.dll
0x00007ff9a73b0000 - 0x00007ff9a73c9000 	C:\Users\tasha\.vscode\extensions\redhat.java-1.29.0-win32-x64\jre\17.0.10-win32-x86_64\bin\net.dll
0x00007ff9e3ef0000 - 0x00007ff9e4026000 	C:\WINDOWS\SYSTEM32\WINHTTP.dll
0x00007ff9e9620000 - 0x00007ff9e9689000 	C:\WINDOWS\system32\mswsock.dll
0x00007ff9a3910000 - 0x00007ff9a3926000 	C:\Users\tasha\.vscode\extensions\redhat.java-1.29.0-win32-x64\jre\17.0.10-win32-x86_64\bin\nio.dll
0x00007ff9c0970000 - 0x00007ff9c0980000 	c:\Users\tasha\.vscode\extensions\redhat.java-1.29.0-win32-x64\jre\17.0.10-win32-x86_64\bin\verify.dll
0x00007ff9e9880000 - 0x00007ff9e989b000 	C:\WINDOWS\SYSTEM32\CRYPTSP.dll
0x00007ff9e9110000 - 0x00007ff9e9145000 	C:\WINDOWS\system32\rsaenh.dll
0x00007ff9e9720000 - 0x00007ff9e9748000 	C:\WINDOWS\SYSTEM32\USERENV.dll
0x00007ff9e98a0000 - 0x00007ff9e98ac000 	C:\WINDOWS\SYSTEM32\CRYPTBASE.dll
0x00007ff9e8c30000 - 0x00007ff9e8c5d000 	C:\WINDOWS\SYSTEM32\IPHLPAPI.DLL
0x00007ff9ebec0000 - 0x00007ff9ebec9000 	C:\WINDOWS\System32\NSI.dll
0x00007ff9e3a20000 - 0x00007ff9e3a39000 	C:\WINDOWS\SYSTEM32\dhcpcsvc6.DLL
0x00007ff9e36f0000 - 0x00007ff9e370f000 	C:\WINDOWS\SYSTEM32\dhcpcsvc.DLL
0x00007ff9e8ca0000 - 0x00007ff9e8d99000 	C:\WINDOWS\SYSTEM32\DNSAPI.dll
0x00007ff9e3e00000 - 0x00007ff9e3e09000 	C:\Users\tasha\.vscode\extensions\redhat.java-1.29.0-win32-x64\jre\17.0.10-win32-x86_64\bin\management.dll
0x00007ff9e0770000 - 0x00007ff9e077b000 	C:\Users\tasha\.vscode\extensions\redhat.java-1.29.0-win32-x64\jre\17.0.10-win32-x86_64\bin\management_ext.dll
0x00007ff9eabc0000 - 0x00007ff9eabc8000 	C:\WINDOWS\System32\PSAPI.DLL
0x00007ff9bc360000 - 0x00007ff9bc36e000 	C:\Users\tasha\.vscode\extensions\redhat.java-1.29.0-win32-x64\jre\17.0.10-win32-x86_64\bin\sunmscapi.dll
0x00007ff9ea990000 - 0x00007ff9eaaf7000 	C:\WINDOWS\System32\CRYPT32.dll
0x00007ff9e9ab0000 - 0x00007ff9e9ade000 	C:\WINDOWS\SYSTEM32\ncrypt.dll
0x00007ff9e9a70000 - 0x00007ff9e9aa7000 	C:\WINDOWS\SYSTEM32\NTASN1.dll
0x00007ff9d3f50000 - 0x00007ff9d3f5a000 	C:\Windows\System32\rasadhlp.dll
0x00007ff9e2280000 - 0x00007ff9e2303000 	C:\WINDOWS\System32\fwpuclnt.dll
0x00007ff9b94d0000 - 0x00007ff9b94d9000 	C:\Users\tasha\.vscode\extensions\redhat.java-1.29.0-win32-x64\jre\17.0.10-win32-x86_64\bin\extnet.dll

dbghelp: loaded successfully - version: 4.0.5 - missing functions: none
symbol engine: initialized successfully - sym options: 0x614 - pdb path: .;c:\Users\tasha\.vscode\extensions\redhat.java-1.29.0-win32-x64\jre\17.0.10-win32-x86_64\bin;C:\WINDOWS\SYSTEM32;C:\WINDOWS\WinSxS\amd64_microsoft.windows.common-controls_6595b64144ccf1df_6.0.22621.3235_none_270f74e173860f98;c:\Users\tasha\.vscode\extensions\redhat.java-1.29.0-win32-x64\jre\17.0.10-win32-x86_64\bin\server

VM Arguments:
jvm_args: -XX:+HeapDumpOnOutOfMemoryError -Xmx1024m -Dsts.lsp.client=vscode -Dsts.log.file=/dev/null -XX:TieredStopAtLevel=1 -Xlog:jni+resolve=off -Dspring.config.location=file:c:\Users\tasha\.vscode\extensions\vmware.vscode-spring-boot-1.53.0\language-server\BOOT-INF\classes\application.properties 
java_command: org.springframework.ide.vscode.boot.app.BootLanguageServerBootApp
java_class_path (initial): c:\Users\tasha\.vscode\extensions\vmware.vscode-spring-boot-1.53.0\language-server\BOOT-INF\classes;c:\Users\tasha\.vscode\extensions\vmware.vscode-spring-boot-1.53.0\language-server\BOOT-INF\lib\annotations-24.1.0.jar;c:\Users\tasha\.vscode\extensions\vmware.vscode-spring-boot-1.53.0\language-server\BOOT-INF\lib\antlr4-runtime-4.11.1.jar;c:\Users\tasha\.vscode\extensions\vmware.vscode-spring-boot-1.53.0\language-server\BOOT-INF\lib\asm-9.6.jar;c:\Users\tasha\.vscode\extensions\vmware.vscode-spring-boot-1.53.0\language-server\BOOT-INF\lib\asm-analysis-9.6.jar;c:\Users\tasha\.vscode\extensions\vmware.vscode-spring-boot-1.53.0\language-server\BOOT-INF\lib\asm-tree-9.6.jar;c:\Users\tasha\.vscode\extensions\vmware.vscode-spring-boot-1.53.0\language-server\BOOT-INF\lib\asm-util-9.6.jar;c:\Users\tasha\.vscode\extensions\vmware.vscode-spring-boot-1.53.0\language-server\BOOT-INF\lib\caffeine-3.1.8.jar;c:\Users\tasha\.vscode\extensions\vmware.vscode-spring-boot-1.53.0\language-server\BOOT-INF\lib\checker-qual-3.12.0.jar;c:\Users\tasha\.vscode\extensions\vmware.vscode-spring-boot-1.53.0\language-server\BOOT-INF\lib\classgraph-4.8.149.jar;c:\Users\tasha\.vscode\extensions\vmware.vscode-spring-boot-1.53.0\language-server\BOOT-INF\lib\commons-codec-1.16.1.jar;c:\Users\tasha\.vscode\extensions\vmware.vscode-spring-boot-1.53.0\language-server\BOOT-INF\lib\commons-compress-1.26.0.jar;c:\Users\tasha\.vscode\extensions\vmware.vscode-spring-boot-1.53.0\language-server\BOOT-INF\lib\commons-io-2.4.jar;c:\Users\tasha\.vscode\extensions\vmware.vscode-spring-boot-1.53.0\language-server\BOOT-INF\lib\commons-java-1.53.0-SNAPSHOT.jar;c:\Users\tasha\.vscode\extensions\vmware.vscode-spring-boot-1.53.0\language-server\BOOT-INF\lib\commons-lang3-3.13.0.jar;c:\Users\tasha\.vscode\extensions\vmware.vscode-spring-boot-1.53.0\language-server\BOOT-INF\lib\commons-language-server-1.53.0-SNAPSHOT.jar;c:\Users\tasha\.vscode\extensions\vmware.vscode-spring-boot-1.53.0\language
Launcher Type: SUN_STANDARD

[Global flags]
     intx CICompilerCount                          = 4                                         {product} {ergonomic}
     uint ConcGCThreads                            = 2                                         {product} {ergonomic}
     uint G1ConcRefinementThreads                  = 8                                         {product} {ergonomic}
   size_t G1HeapRegionSize                         = 1048576                                   {product} {ergonomic}
    uintx GCDrainStackTargetSize                   = 64                                        {product} {ergonomic}
     bool HeapDumpOnOutOfMemoryError               = true                                   {manageable} {command line}
   size_t InitialHeapSize                          = 100663296                                 {product} {ergonomic}
   size_t MarkStackSize                            = 4194304                                   {product} {ergonomic}
   size_t MaxHeapSize                              = 1073741824                                {product} {command line}
   size_t MaxNewSize                               = 643825664                                 {product} {ergonomic}
   size_t MinHeapDeltaBytes                        = 1048576                                   {product} {ergonomic}
   size_t MinHeapSize                              = 8388608                                   {product} {ergonomic}
    uintx NonProfiledCodeHeapSize                  = 0                                      {pd product} {ergonomic}
     bool ProfileInterpreter                       = false                                  {pd product} {command line}
    uintx ProfiledCodeHeapSize                     = 0                                      {pd product} {ergonomic}
   size_t SoftMaxHeapSize                          = 1073741824                             {manageable} {ergonomic}
     intx TieredStopAtLevel                        = 1                                         {product} {command line}
     bool UseCompressedClassPointers               = true                           {product lp64_product} {ergonomic}
     bool UseCompressedOops                        = true                           {product lp64_product} {ergonomic}
     bool UseG1GC                                  = true                                      {product} {ergonomic}
     bool UseLargePagesIndividualAllocation        = false                                  {pd product} {ergonomic}

Logging:
Log output configuration:
 #0: stdout all=warning,jni+resolve=off uptime,level,tags
 #1: stderr all=off uptime,level,tags

Environment Variables:
JAVA_HOME=C:\Program Files\Java\jdk-17
PATH=C:\Program Files\Common Files\Oracle\Java\javapath;C:\Program Files (x86)\Common Files\Oracle\Java\javapath;C:\ProgramData\Oracle\Java\javapath;C:\WINDOWS\system32;C:\WINDOWS;C:\WINDOWS\System32\Wbem;C:\WINDOWS\System32\WindowsPowerShell\v1.0\;C:\WINDOWS\System32\OpenSSH\;C:\Program Files\PixPlant2Photoshop\x64;C:\Program Files\PixPlant2Photoshop;C:\Program Files\Azure Data Studio\bin;C:\Program Files\Microsoft SQL Server\Client SDK\ODBC\170\Tools\Binn\;C:\Program Files (x86)\Microsoft SQL Server\150\Tools\Binn\;C:\Program Files\Microsoft SQL Server\150\Tools\Binn\;C:\Program Files\Microsoft SQL Server\150\DTS\Binn\;C:\Program Files (x86)\Microsoft SQL Server\160\Tools\Binn\;C:\Program Files\Microsoft SQL Server\160\Tools\Binn\;C:\Program Files\Microsoft SQL Server\160\DTS\Binn\;C:\Program Files (x86)\Microsoft SQL Server\160\DTS\Binn\;C:\Program Files\Git\cmd;C:\Dev\nodejs\;C:\Program Files\Java\jdk-17\bin;;C:\Program Files\HP\HP One Agent;C:\ProgramData\Oracle\Java\javapath;C:\WINDOWS\system32;C:\WINDOWS;C:\WINDOWS\System32\Wbem;C:\WINDOWS\System32\WindowsPowerShell\v1.0\;C:\WINDOWS\System32\OpenSSH\;C:\Program Files\PixPlant2Photoshop\x64;C:\Program Files\PixPlant2Photoshop;C:\Program Files\Azure Data Studio\bin;C:\Program Files\Microsoft SQL Server\Client SDK\ODBC\170\Tools\Binn\;C:\Program Files (x86)\Microsoft SQL Server\150\Tools\Binn\;C:\Program Files\Microsoft SQL Server\150\Tools\Binn\;C:\Program Files\Microsoft SQL Server\150\DTS\Binn\;C:\Program Files\Git\cmd;C:\Program Files (x86)\Microsoft SQL Server\160\Tools\Binn\;C:\Program Files\Microsoft SQL Server\160\Tools\Binn\;C:\Program Files\Microsoft SQL Server\160\DTS\Binn\;C:\Program Files (x86)\Microsoft SQL Server\160\DTS\Binn\;C:\Users\tasha\AppData\Local\Programs\Python\Python310\Scripts\;C:\Users\tasha\AppData\Local\Programs\Python\Python310\;C:\Users\tasha\AppData\Local\Microsoft\WindowsApps;;C:\Program Files\Azure Data Studio\bin;C:\Program Files\JetBrains\IntelliJ IDEA Communi;C:\Users\tasha\App
USERNAME=Admin
OS=Windows_NT
PROCESSOR_IDENTIFIER=AMD64 Family 23 Model 24 Stepping 1, AuthenticAMD
TMP=C:\Users\tasha\AppData\Local\Temp
TEMP=C:\Users\tasha\AppData\Local\Temp



Periodic native trim disabled


---------------  S Y S T E M  ---------------

OS:
 Windows 11 , 64 bit Build 22621 (10.0.22621.3374)
OS uptime: 4 days 4:02 hours

CPU: total 8 (initial active 8) (8 cores per cpu, 2 threads per core) family 23 model 24 stepping 1 microcode 0x0, cx8, cmov, fxsr, ht, mmx, 3dnowpref, sse, sse2, sse3, ssse3, sse4a, sse4.1, sse4.2, popcnt, lzcnt, tsc, tscinvbit, avx, avx2, aes, clmul, bmi1, bmi2, adx, sha, fma, vzeroupper, clflush, clflushopt
Processor Information for all 8 processors :
  Max Mhz: 2100, Current Mhz: 2100, Mhz Limit: 2100

Memory: 4k page, system-wide physical 6020M (217M free)
TotalPageFile size 24452M (AvailPageFile size 6M)
current process WorkingSet (physical memory assigned to process): 83M, peak: 216M
current process commit charge ("private bytes"): 306M, peak: 371M

vm_info: OpenJDK 64-Bit Server VM (17.0.10+7) for windows-amd64 JRE (17.0.10+7), built on Jan 16 2024 23:25:11 by "admin" with MS VC++ 16.10 / 16.11 (VS2019)

END.
