#
# There is insufficient memory for the Java Runtime Environment to continue.
# Native memory allocation (mmap) failed to map 65536 bytes for Failed to commit metaspace.
# Possible reasons:
#   The system is out of physical RAM or swap space
#   The process is running with CompressedOops enabled, and the Java Heap may be blocking the growth of the native heap
# Possible solutions:
#   Reduce memory load on the system
#   Increase physical memory or swap space
#   Check if swap backing store is full
#   Decrease Java heap size (-Xmx/-Xms)
#   Decrease number of Java threads
#   Decrease Java thread stack sizes (-Xss)
#   Set larger code cache with -XX:ReservedCodeCacheSize=
#   JVM is running with Unscaled Compressed Oops mode in which the Java heap is
#     placed in the first 4GB address space. The Java Heap base address is the
#     maximum limit for the native heap growth. Please use -XX:HeapBaseMinAddress
#     to set the Java Heap base and to place the Java Heap above 4GB virtual address.
# This output file may be truncated or incomplete.
#
#  Out of Memory Error (virtualSpaceNode.cpp:110), pid=116328, tid=97856
#
# JRE version: OpenJDK Runtime Environment Temurin-17.0.10+7 (17.0.10+7) (build 17.0.10+7)
# Java VM: OpenJDK 64-Bit Server VM Temurin-17.0.10+7 (17.0.10+7, mixed mode, tiered, compressed oops, compressed class ptrs, parallel gc, windows-amd64)
# No core dump will be written. Minidumps are not enabled by default on client versions of Windows
#

---------------  S U M M A R Y ------------

Command Line: --add-modules=ALL-SYSTEM --add-opens=java.base/java.util=ALL-UNNAMED --add-opens=java.base/java.lang=ALL-UNNAMED --add-opens=java.base/sun.nio.fs=ALL-UNNAMED -Declipse.application=org.eclipse.jdt.ls.core.id1 -Dosgi.bundles.defaultStartLevel=4 -Declipse.product=org.eclipse.jdt.ls.core.product -Djava.import.generatesMetadataFilesAtProjectRoot=false -DDetectVMInstallationsJob.disabled=true -Dfile.encoding=utf8 -XX:+UseParallelGC -XX:GCTimeRatio=4 -XX:AdaptiveSizePolicyWeight=90 -Dsun.zip.disableMemoryMapping=true -Xmx1G -Xms100m -Xlog:disable -javaagent:c:\Users\tasha\.vscode\extensions\redhat.java-1.29.0-win32-x64\lombok\lombok-1.18.32.jar c:\Users\tasha\.vscode\extensions\redhat.java-1.29.0-win32-x64\server\plugins\org.eclipse.equinox.launcher_1.6.800.v20240304-1850.jar -configuration c:\Users\tasha\AppData\Roaming\Code\User\globalStorage\redhat.java\1.29.0\config_ss_win -data c:\Users\tasha\AppData\Roaming\Code\User\workspaceStorage\0f73ab7ae3efc76a7e56c667cc54dd3a\redhat.java\ss_ws --stdio

Host: AMD Ryzen 5 3500U with Radeon Vega Mobile Gfx  , 8 cores, 5G,  Windows 11 , 64 bit Build 22621 (10.0.22621.3374)
Time: Fri Apr  5 12:22:26 2024 FLE Daylight Time elapsed time: 2.932466 seconds (0d 0h 0m 2s)

---------------  T H R E A D  ---------------

Current thread (0x000002028c9024e0):  JavaThread "main" [_thread_in_vm, id=97856, stack(0x0000007dfd300000,0x0000007dfd400000)]

Stack: [0x0000007dfd300000,0x0000007dfd400000]
Native frames: (J=compiled Java code, j=interpreted, Vv=VM code, C=native code)
V  [jvm.dll+0x67d2c9]
V  [jvm.dll+0x834afa]
V  [jvm.dll+0x8365be]
V  [jvm.dll+0x836c23]
V  [jvm.dll+0x2477ff]
V  [jvm.dll+0x8307bb]
V  [jvm.dll+0x621d16]
V  [jvm.dll+0x621d7a]
V  [jvm.dll+0x6245aa]
V  [jvm.dll+0x6226b6]
V  [jvm.dll+0x62c5a7]
V  [jvm.dll+0x1eb80b]
V  [jvm.dll+0x1ebd45]
V  [jvm.dll+0x1ec800]
V  [jvm.dll+0x1e1c01]
V  [jvm.dll+0x5427ce]
V  [jvm.dll+0x1f2647]
V  [jvm.dll+0x7adf9b]
V  [jvm.dll+0x7af36c]
V  [jvm.dll+0x7af6b8]
V  [jvm.dll+0x23face]
V  [jvm.dll+0x38260e]
C  0x0000020296adae1b

The last pc belongs to new (printed below).
Java frames: (J=compiled Java code, j=interpreted, Vv=VM code)
j  sun.security.provider.X509Factory.engineGenerateCertificate(Ljava/io/InputStream;)Ljava/security/cert/Certificate;+49 java.base@17.0.10
j  java.security.cert.CertificateFactory.generateCertificate(Ljava/io/InputStream;)Ljava/security/cert/Certificate;+5 java.base@17.0.10
j  sun.security.pkcs.PKCS7.parseSignedData(Lsun/security/util/DerValue;)V+264 java.base@17.0.10
j  sun.security.pkcs.PKCS7.parse(Lsun/security/util/DerInputStream;Z)V+40 java.base@17.0.10
j  sun.security.pkcs.PKCS7.parse(Lsun/security/util/DerInputStream;)V+11 java.base@17.0.10
j  sun.security.pkcs.PKCS7.<init>([B)V+50 java.base@17.0.10
j  sun.security.util.SignatureFileVerifier.<init>(Ljava/util/ArrayList;Lsun/security/util/ManifestDigester;Ljava/lang/String;[B)V+40 java.base@17.0.10
j  java.util.jar.JarVerifier.processEntry(Lsun/security/util/ManifestEntryVerifier;)V+322 java.base@17.0.10
j  java.util.jar.JarVerifier.update(I[BIILsun/security/util/ManifestEntryVerifier;)V+39 java.base@17.0.10
j  java.util.jar.JarFile.initializeVerifier()V+163 java.base@17.0.10
j  java.util.jar.JarFile.ensureInitialization()V+41 java.base@17.0.10
j  java.util.jar.JavaUtilJarAccessImpl.ensureInitialization(Ljava/util/jar/JarFile;)V+1 java.base@17.0.10
j  jdk.internal.loader.URLClassPath$JarLoader$2.getManifest()Ljava/util/jar/Manifest;+10 java.base@17.0.10
j  jdk.internal.loader.BuiltinClassLoader.defineClass(Ljava/lang/String;Ljdk/internal/loader/Resource;)Ljava/lang/Class;+29 java.base@17.0.10
j  jdk.internal.loader.BuiltinClassLoader.findClassOnClassPathOrNull(Ljava/lang/String;)Ljava/lang/Class;+37 java.base@17.0.10
j  jdk.internal.loader.BuiltinClassLoader.loadClassOrNull(Ljava/lang/String;Z)Ljava/lang/Class;+111 java.base@17.0.10
j  jdk.internal.loader.BuiltinClassLoader.loadClass(Ljava/lang/String;Z)Ljava/lang/Class;+3 java.base@17.0.10
j  jdk.internal.loader.ClassLoaders$AppClassLoader.loadClass(Ljava/lang/String;Z)Ljava/lang/Class;+36 java.base@17.0.10
j  java.lang.ClassLoader.loadClass(Ljava/lang/String;)Ljava/lang/Class;+3 java.base@17.0.10
v  ~StubRoutines::call_stub
j  java.lang.Class.forName0(Ljava/lang/String;ZLjava/lang/ClassLoader;Ljava/lang/Class;)Ljava/lang/Class;+0 java.base@17.0.10
j  java.lang.Class.forName(Ljava/lang/String;ZLjava/lang/ClassLoader;)Ljava/lang/Class;+43 java.base@17.0.10
j  sun.launcher.LauncherHelper.loadMainClass(ILjava/lang/String;)Ljava/lang/Class;+95 java.base@17.0.10
j  sun.launcher.LauncherHelper.checkAndLoadMain(ZILjava/lang/String;)Ljava/lang/Class;+42 java.base@17.0.10
v  ~StubRoutines::call_stub
new  187 new  [0x0000020296adac80, 0x0000020296adaea0]  544 bytes
[MachCode]
  0x0000020296adac80: 4883 ec08 | c5fa 1104 | 24eb 1f48 | 83ec 10c5 | fb11 0424 | eb14 4883 | ec10 4889 | 0424 48c7 
  0x0000020296adaca0: 4424 0800 | 0000 00eb | 0150 410f | b755 010f | cac1 ea10 | 488b 4de8 | 488b 4908 | 488b 4908 
  0x0000020296adacc0: 488b 4108 | 807c 1004 | 070f 85d6 | 0000 0066 | 8b54 d148 | 488b 4928 | 488b 4cd1 | 0851 80b9 
  0x0000020296adace0: 3301 0000 | 040f 85b9 | 0000 008b | 5108 f7c2 | 0100 0000 | 0f85 aa00 | 0000 498b | 8708 0100 
  0x0000020296adad00: 0048 8d1c | 1049 3b9f | 1801 0000 | 0f87 9200 | 0000 4989 | 9f08 0100 | 00e9 0000 | 0000 4883 
  0x0000020296adad20: ea10 0f84 | 0f00 0000 | 33c9 c1ea | 0348 894c | d008 48ff | ca75 f648 | c700 0100 | 0000 5933 
  0x0000020296adad40: f689 700c | 48c1 e903 | 8948 0849 | ba7a 35f7 | 2cfa 7f00 | 0041 803a | 000f 8440 | 0000 0050 
  0x0000020296adad60: 488b c848 | 83ec 20f7 | c40f 0000 | 000f 841a | 0000 0048 | 83ec 0849 | ba20 30ad | 2cfa 7f00 
  0x0000020296adad80: 0041 ffd2 | 4883 c408 | e90d 0000 | 0049 ba20 | 30ad 2cfa | 7f00 0041 | ffd2 4883 | c420 58e9 
  0x0000020296adada0: cd00 0000 | 5948 8b55 | e848 8b52 | 0848 8b52 | 0845 0fb7 | 4501 410f | c841 c1e8 | 10e8 0500 
  0x0000020296adadc0: 0000 e9aa | 0000 0048 | 8d44 2408 | 4c89 6dc0 | 498b cfc5 | f877 4989 | afa8 0200 | 0049 8987 
  0x0000020296adade0: 9802 0000 | 4883 ec20 | f7c4 0f00 | 0000 0f84 | 1a00 0000 | 4883 ec08 | 49ba c025 | 772c fa7f 
  0x0000020296adae00: 0000 41ff | d248 83c4 | 08e9 0d00 | 0000 49ba | c025 772c | fa7f 0000 | 41ff d248 | 83c4 2049 
  0x0000020296adae20: c787 9802 | 0000 0000 | 0000 49c7 | 87a8 0200 | 0000 0000 | 0049 c787 | a002 0000 | 0000 0000 
  0x0000020296adae40: c5f8 7749 | 817f 0800 | 0000 000f | 8405 0000 | 00e9 aa60 | feff 498b | 87f0 0200 | 0049 c787 
  0x0000020296adae60: f002 0000 | 0000 0000 | 4c8b 6dc0 | 4c8b 75c8 | c341 0fb6 | 5d03 4983 | c503 49ba | 90a1 f92c 
  0x0000020296adae80: fa7f 0000 | 41ff 24da | 0000 0000 | 0000 0000 | 0000 0000 | 0000 0000 | 0000 0000 | 0000 0000 
[/MachCode]

---------------  P R O C E S S  ---------------

Threads class SMR info:
_java_thread_list=0x00000202a5bddcb0, length=12, elements={
0x000002028c9024e0, 0x00000202a0781020, 0x00000202a0781be0, 0x00000202a0788c00,
0x00000202a07896d0, 0x00000202a078a290, 0x00000202a078cd60, 0x00000202a078da50,
0x00000202a59378e0, 0x00000202a595c580, 0x00000202a5a28d00, 0x00000202a5bc4690
}

Java Threads: ( => current thread )
=>0x000002028c9024e0 JavaThread "main" [_thread_in_vm, id=97856, stack(0x0000007dfd300000,0x0000007dfd400000)]
  0x00000202a0781020 JavaThread "Reference Handler" daemon [_thread_blocked, id=104528, stack(0x0000007dfd600000,0x0000007dfd700000)]
  0x00000202a0781be0 JavaThread "Finalizer" daemon [_thread_blocked, id=94240, stack(0x0000007dfd700000,0x0000007dfd800000)]
  0x00000202a0788c00 JavaThread "Signal Dispatcher" daemon [_thread_blocked, id=112608, stack(0x0000007dfd800000,0x0000007dfd900000)]
  0x00000202a07896d0 JavaThread "Attach Listener" daemon [_thread_blocked, id=110184, stack(0x0000007dfd900000,0x0000007dfda00000)]
  0x00000202a078a290 JavaThread "Service Thread" daemon [_thread_blocked, id=109820, stack(0x0000007dfda00000,0x0000007dfdb00000)]
  0x00000202a078cd60 JavaThread "Monitor Deflation Thread" daemon [_thread_blocked, id=100204, stack(0x0000007dfdb00000,0x0000007dfdc00000)]
  0x00000202a078da50 JavaThread "C2 CompilerThread0" daemon [_thread_blocked, id=98712, stack(0x0000007dfdc00000,0x0000007dfdd00000)]
  0x00000202a59378e0 JavaThread "C1 CompilerThread0" daemon [_thread_blocked, id=116676, stack(0x0000007dfdd00000,0x0000007dfde00000)]
  0x00000202a595c580 JavaThread "Sweeper thread" daemon [_thread_blocked, id=114024, stack(0x0000007dfde00000,0x0000007dfdf00000)]
  0x00000202a5a28d00 JavaThread "Common-Cleaner" daemon [_thread_blocked, id=113708, stack(0x0000007dfdf00000,0x0000007dfe000000)]
  0x00000202a5bc4690 JavaThread "Notification Thread" daemon [_thread_blocked, id=79936, stack(0x0000007dfe000000,0x0000007dfe100000)]

Other Threads:
  0x000002028c9aecf0 VMThread "VM Thread" [stack: 0x0000007dfd500000,0x0000007dfd600000] [id=116044]
  0x00000202a5bdd020 WatcherThread [stack: 0x0000007dfe100000,0x0000007dfe200000] [id=107960]
  0x000002028c917c20 GCTaskThread "GC Thread#0" [stack: 0x0000007dfd400000,0x0000007dfd500000] [id=105828]

Threads with active compile tasks:

VM state: not at safepoint (normal execution)

VM Mutex/Monitor currently owned by a thread:  ([mutex/lock_event])
[0x000002028c8fd710] Metaspace_lock - owner thread: 0x000002028c9024e0

Heap address: 0x00000000c0000000, size: 1024 MB, Compressed Oops mode: 32-bit

CDS archive(s) not mapped
Compressed class space mapped at: 0x0000000100000000-0x0000000140000000, reserved size: 1073741824
Narrow klass base: 0x0000000000000000, Narrow klass shift: 3, Narrow klass range: 0x140000000

GC Precious Log:
 CPUs: 8 total, 8 available
 Memory: 6020M
 Large Page Support: Disabled
 NUMA Support: Disabled
 Compressed Oops: Enabled (32-bit)
 Alignments: Space 512K, Generation 512K, Heap 2M
 Heap Min Capacity: 100M
 Heap Initial Capacity: 100M
 Heap Max Capacity: 1G
 Pre-touch: Disabled
 Parallel Workers: 8

Heap:
 PSYoungGen      total 29696K, used 9413K [0x00000000eab00000, 0x00000000ecc00000, 0x0000000100000000)
  eden space 25600K, 36% used [0x00000000eab00000,0x00000000eb4316e0,0x00000000ec400000)
  from space 4096K, 0% used [0x00000000ec800000,0x00000000ec800000,0x00000000ecc00000)
  to   space 4096K, 0% used [0x00000000ec400000,0x00000000ec400000,0x00000000ec800000)
 ParOldGen       total 68608K, used 0K [0x00000000c0000000, 0x00000000c4300000, 0x00000000eab00000)
  object space 68608K, 0% used [0x00000000c0000000,0x00000000c0000000,0x00000000c4300000)
 Metaspace       used 6931K, committed 7040K, reserved 1114112K
  class space    used 673K, committed 768K, reserved 1048576K

Card table byte_map: [0x000002028c290000,0x000002028c4a0000] _byte_map_base: 0x000002028bc90000

Marking Bits: (ParMarkBitMap*) 0x00007ffa2cf8d7d0
 Begin Bits: [0x000002029e590000, 0x000002029f590000)
 End Bits:   [0x000002029f590000, 0x00000202a0590000)

Polling page: 0x000002028a8a0000

Metaspace:

Usage:
  Non-class:      6.11 MB used.
      Class:    673.30 KB used.
       Both:      6.77 MB used.

Virtual space:
  Non-class space:       64.00 MB reserved,       6.12 MB ( 10%) committed,  1 nodes.
      Class space:        1.00 GB reserved,     768.00 KB ( <1%) committed,  1 nodes.
             Both:        1.06 GB reserved,       6.88 MB ( <1%) committed. 

Chunk freelists:
   Non-Class:  9.00 MB
       Class:  15.21 MB
        Both:  24.21 MB

MaxMetaspaceSize: unlimited
CompressedClassSpaceSize: 1.00 GB
Initial GC threshold: 21.00 MB
Current GC threshold: 21.00 MB
CDS: off
MetaspaceReclaimPolicy: balanced
 - commit_granule_bytes: 65536.
 - commit_granule_words: 8192.
 - virtual_space_node_default_size: 8388608.
 - enlarge_chunks_in_place: 1.
 - new_chunks_are_fully_committed: 0.
 - uncommit_free_chunks: 1.
 - use_allocation_guard: 0.
 - handle_deallocations: 1.


Internal statistics:

num_allocs_failed_limit: 0.
num_arena_births: 10.
num_arena_deaths: 0.
num_vsnodes_births: 2.
num_vsnodes_deaths: 0.
num_space_committed: 110.
num_space_uncommitted: 0.
num_chunks_returned_to_freelist: 0.
num_chunks_taken_from_freelist: 40.
num_chunk_merges: 0.
num_chunk_splits: 23.
num_chunks_enlarged: 21.
num_inconsistent_stats: 0.

CodeHeap 'non-profiled nmethods': size=120000Kb used=144Kb max_used=144Kb free=119855Kb
 bounds [0x0000020297060000, 0x00000202972d0000, 0x000002029e590000]
CodeHeap 'profiled nmethods': size=120000Kb used=667Kb max_used=667Kb free=119333Kb
 bounds [0x000002028f590000, 0x000002028f800000, 0x0000020296ac0000]
CodeHeap 'non-nmethods': size=5760Kb used=1104Kb max_used=1118Kb free=4655Kb
 bounds [0x0000020296ac0000, 0x0000020296d30000, 0x0000020297060000]
 total_blobs=860 nmethods=475 adapters=300
 compilation: enabled
              stopped_count=0, restarted_count=0
 full_count=0

Compilation events (20 events):
Event: 2.919 Thread 0x00000202a59378e0  466       3       java.lang.Character::digit (6 bytes)
Event: 2.919 Thread 0x00000202a59378e0 nmethod 466 0x000002028f631590 code [0x000002028f631740, 0x000002028f631978]
Event: 2.919 Thread 0x00000202a59378e0  467       3       java.lang.Character::digit (10 bytes)
Event: 2.919 Thread 0x00000202a59378e0 nmethod 467 0x000002028f631a90 code [0x000002028f631c40, 0x000002028f631e38]
Event: 2.920 Thread 0x00000202a59378e0  468       3       java.lang.CharacterDataLatin1::digit (32 bytes)
Event: 2.920 Thread 0x00000202a59378e0 nmethod 468 0x000002028f631f10 code [0x000002028f6320c0, 0x000002028f632318]
Event: 2.920 Thread 0x00000202a59378e0  469       3       java.lang.Integer::parseInt (264 bytes)
Event: 2.920 Thread 0x00000202a078da50 nmethod 465 0x0000020297083190 code [0x0000020297083320, 0x0000020297083408]
Event: 2.923 Thread 0x00000202a59378e0 nmethod 469 0x000002028f632410 code [0x000002028f6328a0, 0x000002028f634658]
Event: 2.924 Thread 0x00000202a59378e0  470       3       java.lang.Integer::parseInt (7 bytes)
Event: 2.924 Thread 0x00000202a59378e0 nmethod 470 0x000002028f635290 code [0x000002028f635420, 0x000002028f635548]
Event: 2.924 Thread 0x00000202a59378e0  471       3       sun.security.util.ObjectIdentifier::checkOidSize (86 bytes)
Event: 2.925 Thread 0x00000202a59378e0 nmethod 471 0x000002028f635610 code [0x000002028f635920, 0x000002028f6366a8]
Event: 2.925 Thread 0x00000202a59378e0  472       1       sun.instrument.TransformerManager::getSnapshotTransformerList (5 bytes)
Event: 2.925 Thread 0x00000202a59378e0 nmethod 472 0x0000020297083510 code [0x00000202970836a0, 0x0000020297083778]
Event: 2.925 Thread 0x00000202a59378e0  473       1       sun.instrument.TransformerManager$TransformerInfo::transformer (5 bytes)
Event: 2.925 Thread 0x00000202a59378e0 nmethod 473 0x0000020297083810 code [0x00000202970839a0, 0x0000020297083a78]
Event: 2.925 Thread 0x00000202a078da50  474       4       java.util.ArrayList$Itr::hasNext (20 bytes)
Event: 2.926 Thread 0x00000202a078da50 nmethod 474 0x0000020297083b10 code [0x0000020297083c80, 0x0000020297083d18]
Event: 2.927 Thread 0x00000202a078da50  475       4       java.util.Collections$UnmodifiableCollection$1::hasNext (10 bytes)

GC Heap History (0 events):
No events

Dll operation events (8 events):
Event: 0.205 Loaded shared library c:\Users\tasha\.vscode\extensions\redhat.java-1.29.0-win32-x64\jre\17.0.10-win32-x86_64\bin\java.dll
Event: 0.964 Loaded shared library c:\Users\tasha\.vscode\extensions\redhat.java-1.29.0-win32-x64\jre\17.0.10-win32-x86_64\bin\zip.dll
Event: 0.979 Loaded shared library C:\Users\tasha\.vscode\extensions\redhat.java-1.29.0-win32-x64\jre\17.0.10-win32-x86_64\bin\instrument.dll
Event: 1.070 Loaded shared library C:\Users\tasha\.vscode\extensions\redhat.java-1.29.0-win32-x64\jre\17.0.10-win32-x86_64\bin\net.dll
Event: 1.134 Loaded shared library C:\Users\tasha\.vscode\extensions\redhat.java-1.29.0-win32-x64\jre\17.0.10-win32-x86_64\bin\nio.dll
Event: 1.184 Loaded shared library C:\Users\tasha\.vscode\extensions\redhat.java-1.29.0-win32-x64\jre\17.0.10-win32-x86_64\bin\zip.dll
Event: 1.281 Loaded shared library C:\Users\tasha\.vscode\extensions\redhat.java-1.29.0-win32-x64\jre\17.0.10-win32-x86_64\bin\jimage.dll
Event: 1.960 Loaded shared library c:\Users\tasha\.vscode\extensions\redhat.java-1.29.0-win32-x64\jre\17.0.10-win32-x86_64\bin\verify.dll

Deoptimization events (12 events):
Event: 2.414 Thread 0x000002028c9024e0 DEOPT PACKING pc=0x000002028f5dbca2 sp=0x0000007dfd3f8a30
Event: 2.414 Thread 0x000002028c9024e0 DEOPT UNPACKING pc=0x0000020296b16e43 sp=0x0000007dfd3f7e90 mode 0
Event: 2.702 Thread 0x000002028c9024e0 DEOPT PACKING pc=0x000002028f5ab780 sp=0x0000007dfd3f8ea0
Event: 2.702 Thread 0x000002028c9024e0 DEOPT UNPACKING pc=0x0000020296b16e43 sp=0x0000007dfd3f8360 mode 0
Event: 2.741 Thread 0x000002028c9024e0 Uncommon trap: trap_request=0xffffff45 fr.pc=0x000002029707a25c relative=0x000000000000005c
Event: 2.741 Thread 0x000002028c9024e0 Uncommon trap: reason=unstable_if action=reinterpret pc=0x000002029707a25c method=java.lang.String.isLatin1()Z @ 10 c2
Event: 2.741 Thread 0x000002028c9024e0 DEOPT PACKING pc=0x000002029707a25c sp=0x0000007dfd3fe420
Event: 2.741 Thread 0x000002028c9024e0 DEOPT UNPACKING pc=0x0000020296b166a3 sp=0x0000007dfd3fe3b0 mode 2
Event: 2.741 Thread 0x000002028c9024e0 Uncommon trap: trap_request=0xffffff45 fr.pc=0x000002029706eb74 relative=0x0000000000000074
Event: 2.741 Thread 0x000002028c9024e0 Uncommon trap: reason=unstable_if action=reinterpret pc=0x000002029706eb74 method=java.lang.String.isLatin1()Z @ 10 c2
Event: 2.741 Thread 0x000002028c9024e0 DEOPT PACKING pc=0x000002029706eb74 sp=0x0000007dfd3fee30
Event: 2.741 Thread 0x000002028c9024e0 DEOPT UNPACKING pc=0x0000020296b166a3 sp=0x0000007dfd3fed70 mode 2

Classes unloaded (0 events):
No events

Classes redefined (0 events):
No events

Internal exceptions (2 events):
Event: 0.881 Thread 0x000002028c9024e0 Exception <a 'java/lang/NoSuchMethodError'{0x00000000eacb5380}: 'void java.lang.invoke.DirectMethodHandle$Holder.invokeStatic(java.lang.Object, java.lang.Object, java.lang.Object)'> (0x00000000eacb5380) 
thrown [s\src\hotspot\share\interpreter\linkResolver.cpp, line 759]
Event: 2.292 Thread 0x000002028c9024e0 Exception <a 'java/lang/reflect/InvocationTargetException'{0x00000000eafe9890}> (0x00000000eafe9890) 
thrown [s\src\hotspot\share\runtime\reflection.cpp, line 1121]

VM Operations (6 events):
Event: 0.895 Executing VM operation: HandshakeAllThreads
Event: 0.895 Executing VM operation: HandshakeAllThreads done
Event: 1.378 Executing VM operation: HandshakeAllThreads
Event: 1.378 Executing VM operation: HandshakeAllThreads done
Event: 2.386 Executing VM operation: Cleanup
Event: 2.387 Executing VM operation: Cleanup done

Events (20 events):
Event: 2.921 loading class sun/security/jca/GetInstance done
Event: 2.921 loading class jdk/internal/event/SecurityProviderServiceEvent
Event: 2.921 loading class jdk/internal/event/Event
Event: 2.922 loading class jdk/internal/event/Event done
Event: 2.923 loading class jdk/internal/event/SecurityProviderServiceEvent done
Event: 2.923 loading class sun/security/provider/X509Factory
Event: 2.923 loading class sun/security/provider/X509Factory done
Event: 2.924 loading class sun/security/util/Cache
Event: 2.924 loading class sun/security/util/Cache done
Event: 2.924 loading class sun/security/util/MemoryCache
Event: 2.924 loading class sun/security/util/MemoryCache done
Event: 2.924 loading class sun/security/jca/GetInstance$Instance
Event: 2.925 loading class sun/security/jca/GetInstance$Instance done
Event: 2.925 loading class java/security/cert/X509Certificate
Event: 2.925 loading class java/security/cert/X509Extension
Event: 2.926 loading class java/security/cert/X509Extension done
Event: 2.926 loading class java/security/cert/X509Certificate done
Event: 2.926 loading class sun/security/util/Cache$EqualByteArray
Event: 2.926 loading class sun/security/util/Cache$EqualByteArray done
Event: 2.926 loading class sun/security/x509/X509CertImpl


Dynamic libraries:
0x00007ff654030000 - 0x00007ff65403e000 	c:\Users\tasha\.vscode\extensions\redhat.java-1.29.0-win32-x64\jre\17.0.10-win32-x86_64\bin\java.exe
0x00007ffad31f0000 - 0x00007ffad3406000 	C:\WINDOWS\SYSTEM32\ntdll.dll
0x00007ffad10f0000 - 0x00007ffad11b4000 	C:\WINDOWS\System32\KERNEL32.DLL
0x00007ffad0540000 - 0x00007ffad08e7000 	C:\WINDOWS\System32\KERNELBASE.dll
0x00007ffad0c70000 - 0x00007ffad0d81000 	C:\WINDOWS\System32\ucrtbase.dll
0x00007ffac1630000 - 0x00007ffac164b000 	c:\Users\tasha\.vscode\extensions\redhat.java-1.29.0-win32-x64\jre\17.0.10-win32-x86_64\bin\VCRUNTIME140.dll
0x00007ffac1390000 - 0x00007ffac13a7000 	c:\Users\tasha\.vscode\extensions\redhat.java-1.29.0-win32-x64\jre\17.0.10-win32-x86_64\bin\jli.dll
0x00007ffad1ab0000 - 0x00007ffad1c5e000 	C:\WINDOWS\System32\USER32.dll
0x00007ffad0510000 - 0x00007ffad0536000 	C:\WINDOWS\System32\win32u.dll
0x00007ffad10b0000 - 0x00007ffad10d9000 	C:\WINDOWS\System32\GDI32.dll
0x00007ffad0b50000 - 0x00007ffad0c69000 	C:\WINDOWS\System32\gdi32full.dll
0x00007ffad0d90000 - 0x00007ffad0e2a000 	C:\WINDOWS\System32\msvcp_win.dll
0x00007ffab48a0000 - 0x00007ffab4b33000 	C:\WINDOWS\WinSxS\amd64_microsoft.windows.common-controls_6595b64144ccf1df_6.0.22621.3235_none_270f74e173860f98\COMCTL32.dll
0x00007ffad1000000 - 0x00007ffad10a7000 	C:\WINDOWS\System32\msvcrt.dll
0x00007ffad3160000 - 0x00007ffad3191000 	C:\WINDOWS\System32\IMM32.DLL
0x00007ffac7ec0000 - 0x00007ffac7ecc000 	c:\Users\tasha\.vscode\extensions\redhat.java-1.29.0-win32-x64\jre\17.0.10-win32-x86_64\bin\vcruntime140_1.dll
0x00007ffac0c30000 - 0x00007ffac0cbd000 	c:\Users\tasha\.vscode\extensions\redhat.java-1.29.0-win32-x64\jre\17.0.10-win32-x86_64\bin\msvcp140.dll
0x00007ffa2c3f0000 - 0x00007ffa2d052000 	c:\Users\tasha\.vscode\extensions\redhat.java-1.29.0-win32-x64\jre\17.0.10-win32-x86_64\bin\server\jvm.dll
0x00007ffad12e0000 - 0x00007ffad1392000 	C:\WINDOWS\System32\ADVAPI32.dll
0x00007ffad1980000 - 0x00007ffad1a28000 	C:\WINDOWS\System32\sechost.dll
0x00007ffad0e30000 - 0x00007ffad0e58000 	C:\WINDOWS\System32\bcrypt.dll
0x00007ffad11c0000 - 0x00007ffad12d5000 	C:\WINDOWS\System32\RPCRT4.dll
0x00007ffacfe40000 - 0x00007ffacfe8d000 	C:\WINDOWS\SYSTEM32\POWRPROF.dll
0x00007ffaa7de0000 - 0x00007ffaa7de9000 	C:\WINDOWS\SYSTEM32\WSOCK32.dll
0x00007ffaca0a0000 - 0x00007ffaca0aa000 	C:\WINDOWS\SYSTEM32\VERSION.dll
0x00007ffad1cc0000 - 0x00007ffad1d31000 	C:\WINDOWS\System32\WS2_32.dll
0x00007ffac9b00000 - 0x00007ffac9b34000 	C:\WINDOWS\SYSTEM32\WINMM.dll
0x00007ffacfdc0000 - 0x00007ffacfdd3000 	C:\WINDOWS\SYSTEM32\UMPDC.dll
0x00007ffacf560000 - 0x00007ffacf578000 	C:\WINDOWS\SYSTEM32\kernel.appcore.dll
0x00007ffac1690000 - 0x00007ffac169a000 	c:\Users\tasha\.vscode\extensions\redhat.java-1.29.0-win32-x64\jre\17.0.10-win32-x86_64\bin\jimage.dll
0x00007ffac1c20000 - 0x00007ffac1e53000 	C:\WINDOWS\SYSTEM32\DBGHELP.DLL
0x00007ffad2b70000 - 0x00007ffad2ef8000 	C:\WINDOWS\System32\combase.dll
0x00007ffad0f20000 - 0x00007ffad0ff7000 	C:\WINDOWS\System32\OLEAUT32.dll
0x00007ffac1810000 - 0x00007ffac1842000 	C:\WINDOWS\SYSTEM32\dbgcore.DLL
0x00007ffad0ad0000 - 0x00007ffad0b49000 	C:\WINDOWS\System32\bcryptPrimitives.dll
0x00007ffac0e90000 - 0x00007ffac0e9e000 	c:\Users\tasha\.vscode\extensions\redhat.java-1.29.0-win32-x64\jre\17.0.10-win32-x86_64\bin\instrument.dll
0x00007ffac0e60000 - 0x00007ffac0e85000 	c:\Users\tasha\.vscode\extensions\redhat.java-1.29.0-win32-x64\jre\17.0.10-win32-x86_64\bin\java.dll
0x00007ffac0e40000 - 0x00007ffac0e58000 	c:\Users\tasha\.vscode\extensions\redhat.java-1.29.0-win32-x64\jre\17.0.10-win32-x86_64\bin\zip.dll
0x00007ffad1f80000 - 0x00007ffad27dc000 	C:\WINDOWS\System32\SHELL32.dll
0x00007fface490000 - 0x00007ffaced89000 	C:\WINDOWS\SYSTEM32\windows.storage.dll
0x00007fface350000 - 0x00007fface48e000 	C:\WINDOWS\SYSTEM32\wintypes.dll
0x00007ffad1e80000 - 0x00007ffad1f73000 	C:\WINDOWS\System32\SHCORE.dll
0x00007ffad1c60000 - 0x00007ffad1cbe000 	C:\WINDOWS\System32\shlwapi.dll
0x00007ffad0440000 - 0x00007ffad0461000 	C:\WINDOWS\SYSTEM32\profapi.dll
0x00007ffac0c10000 - 0x00007ffac0c29000 	C:\Users\tasha\.vscode\extensions\redhat.java-1.29.0-win32-x64\jre\17.0.10-win32-x86_64\bin\net.dll
0x00007ffac9ed0000 - 0x00007ffaca006000 	C:\WINDOWS\SYSTEM32\WINHTTP.dll
0x00007ffacf9d0000 - 0x00007ffacfa39000 	C:\WINDOWS\system32\mswsock.dll
0x00007ffabf5b0000 - 0x00007ffabf5c6000 	C:\Users\tasha\.vscode\extensions\redhat.java-1.29.0-win32-x64\jre\17.0.10-win32-x86_64\bin\nio.dll
0x00007ffac0e30000 - 0x00007ffac0e40000 	c:\Users\tasha\.vscode\extensions\redhat.java-1.29.0-win32-x64\jre\17.0.10-win32-x86_64\bin\verify.dll

dbghelp: loaded successfully - version: 4.0.5 - missing functions: none
symbol engine: initialized successfully - sym options: 0x614 - pdb path: .;c:\Users\tasha\.vscode\extensions\redhat.java-1.29.0-win32-x64\jre\17.0.10-win32-x86_64\bin;C:\WINDOWS\SYSTEM32;C:\WINDOWS\WinSxS\amd64_microsoft.windows.common-controls_6595b64144ccf1df_6.0.22621.3235_none_270f74e173860f98;c:\Users\tasha\.vscode\extensions\redhat.java-1.29.0-win32-x64\jre\17.0.10-win32-x86_64\bin\server

VM Arguments:
jvm_args: --add-modules=ALL-SYSTEM --add-opens=java.base/java.util=ALL-UNNAMED --add-opens=java.base/java.lang=ALL-UNNAMED --add-opens=java.base/sun.nio.fs=ALL-UNNAMED -Declipse.application=org.eclipse.jdt.ls.core.id1 -Dosgi.bundles.defaultStartLevel=4 -Declipse.product=org.eclipse.jdt.ls.core.product -Djava.import.generatesMetadataFilesAtProjectRoot=false -DDetectVMInstallationsJob.disabled=true -Dfile.encoding=utf8 -XX:+UseParallelGC -XX:GCTimeRatio=4 -XX:AdaptiveSizePolicyWeight=90 -Dsun.zip.disableMemoryMapping=true -Xmx1G -Xms100m -Xlog:disable -javaagent:c:\Users\tasha\.vscode\extensions\redhat.java-1.29.0-win32-x64\lombok\lombok-1.18.32.jar 
java_command: c:\Users\tasha\.vscode\extensions\redhat.java-1.29.0-win32-x64\server\plugins\org.eclipse.equinox.launcher_1.6.800.v20240304-1850.jar -configuration c:\Users\tasha\AppData\Roaming\Code\User\globalStorage\redhat.java\1.29.0\config_ss_win -data c:\Users\tasha\AppData\Roaming\Code\User\workspaceStorage\0f73ab7ae3efc76a7e56c667cc54dd3a\redhat.java\ss_ws --stdio
java_class_path (initial): c:\Users\tasha\.vscode\extensions\redhat.java-1.29.0-win32-x64\server\plugins\org.eclipse.equinox.launcher_1.6.800.v20240304-1850.jar
Launcher Type: SUN_STANDARD

[Global flags]
    uintx AdaptiveSizePolicyWeight                 = 90                                        {product} {command line}
     intx CICompilerCount                          = 4                                         {product} {ergonomic}
    uintx GCTimeRatio                              = 4                                         {product} {command line}
   size_t InitialHeapSize                          = 104857600                                 {product} {command line}
   size_t MaxHeapSize                              = 1073741824                                {product} {command line}
   size_t MaxNewSize                               = 357564416                                 {product} {ergonomic}
   size_t MinHeapDeltaBytes                        = 524288                                    {product} {ergonomic}
   size_t MinHeapSize                              = 104857600                                 {product} {command line}
   size_t NewSize                                  = 34603008                                  {product} {ergonomic}
    uintx NonNMethodCodeHeapSize                   = 5839372                                {pd product} {ergonomic}
    uintx NonProfiledCodeHeapSize                  = 122909434                              {pd product} {ergonomic}
   size_t OldSize                                  = 70254592                                  {product} {ergonomic}
    uintx ProfiledCodeHeapSize                     = 122909434                              {pd product} {ergonomic}
    uintx ReservedCodeCacheSize                    = 251658240                              {pd product} {ergonomic}
     bool SegmentedCodeCache                       = true                                      {product} {ergonomic}
   size_t SoftMaxHeapSize                          = 1073741824                             {manageable} {ergonomic}
     bool UseCompressedClassPointers               = true                           {product lp64_product} {ergonomic}
     bool UseCompressedOops                        = true                           {product lp64_product} {ergonomic}
     bool UseLargePagesIndividualAllocation        = false                                  {pd product} {ergonomic}
     bool UseParallelGC                            = true                                      {product} {command line}

Logging:
Log output configuration:
 #0: stdout all=off uptime,level,tags
 #1: stderr all=off uptime,level,tags

Environment Variables:
JAVA_HOME=C:\Program Files\Java\jdk-17
PATH=C:\Program Files\Common Files\Oracle\Java\javapath;C:\Program Files (x86)\Common Files\Oracle\Java\javapath;C:\ProgramData\Oracle\Java\javapath;C:\WINDOWS\system32;C:\WINDOWS;C:\WINDOWS\System32\Wbem;C:\WINDOWS\System32\WindowsPowerShell\v1.0\;C:\WINDOWS\System32\OpenSSH\;C:\Program Files\PixPlant2Photoshop\x64;C:\Program Files\PixPlant2Photoshop;C:\Program Files\Azure Data Studio\bin;C:\Program Files\Microsoft SQL Server\Client SDK\ODBC\170\Tools\Binn\;C:\Program Files (x86)\Microsoft SQL Server\150\Tools\Binn\;C:\Program Files\Microsoft SQL Server\150\Tools\Binn\;C:\Program Files\Microsoft SQL Server\150\DTS\Binn\;C:\Program Files (x86)\Microsoft SQL Server\160\Tools\Binn\;C:\Program Files\Microsoft SQL Server\160\Tools\Binn\;C:\Program Files\Microsoft SQL Server\160\DTS\Binn\;C:\Program Files (x86)\Microsoft SQL Server\160\DTS\Binn\;C:\Program Files\Git\cmd;C:\Dev\nodejs\;C:\Program Files\Java\jdk-17\bin;C:\ProgramData\Oracle\Java\javapath;C:\WINDOWS\system32;C:\WINDOWS;C:\WINDOWS\System32\Wbem;C:\WINDOWS\System32\WindowsPowerShell\v1.0\;C:\WINDOWS\System32\OpenSSH\;C:\Program Files\PixPlant2Photoshop\x64;C:\Program Files\PixPlant2Photoshop;C:\Program Files\Azure Data Studio\bin;C:\Program Files\Microsoft SQL Server\Client SDK\ODBC\170\Tools\Binn\;C:\Program Files (x86)\Microsoft SQL Server\150\Tools\Binn\;C:\Program Files\Microsoft SQL Server\150\Tools\Binn\;C:\Program Files\Microsoft SQL Server\150\DTS\Binn\;C:\Program Files\Git\cmd;C:\Program Files (x86)\Microsoft SQL Server\160\Tools\Binn\;C:\Program Files\Microsoft SQL Server\160\Tools\Binn\;C:\Program Files\Microsoft SQL Server\160\DTS\Binn\;C:\Program Files (x86)\Microsoft SQL Server\160\DTS\Binn\;C:\Users\tasha\AppData\Local\Programs\Python\Python310\Scripts\;C:\Users\tasha\AppData\Local\Programs\Python\Python310\;C:\Users\tasha\AppData\Local\Microsoft\WindowsApps;;C:\Program Files\Azure Data Studio\bin;C:\Program Files\JetBrains\IntelliJ IDEA Communi;C:\Users\tasha\AppData\Local\Programs\Microsoft VS C
USERNAME=Admin
OS=Windows_NT
PROCESSOR_IDENTIFIER=AMD64 Family 23 Model 24 Stepping 1, AuthenticAMD
TMP=C:\Users\tasha\AppData\Local\Temp
TEMP=C:\Users\tasha\AppData\Local\Temp



Periodic native trim disabled


---------------  S Y S T E M  ---------------

OS:
 Windows 11 , 64 bit Build 22621 (10.0.22621.3374)
OS uptime: 8 days 9:50 hours

CPU: total 8 (initial active 8) (8 cores per cpu, 2 threads per core) family 23 model 24 stepping 1 microcode 0x0, cx8, cmov, fxsr, ht, mmx, 3dnowpref, sse, sse2, sse3, ssse3, sse4a, sse4.1, sse4.2, popcnt, lzcnt, tsc, tscinvbit, avx, avx2, aes, clmul, bmi1, bmi2, adx, sha, fma, vzeroupper, clflush, clflushopt
Processor Information for all 8 processors :
  Max Mhz: 2100, Current Mhz: 2100, Mhz Limit: 2100

Memory: 4k page, system-wide physical 6020M (213M free)
TotalPageFile size 24452M (AvailPageFile size 6M)
current process WorkingSet (physical memory assigned to process): 43M, peak: 43M
current process commit charge ("private bytes"): 188M, peak: 188M

vm_info: OpenJDK 64-Bit Server VM (17.0.10+7) for windows-amd64 JRE (17.0.10+7), built on Jan 16 2024 23:25:11 by "admin" with MS VC++ 16.10 / 16.11 (VS2019)

END.
